2024-01-23 10:56:22,675 INFO    StreamThr :164132 [internal.py:wandb_internal():86] W&B internal server running at pid: 164132, started at: 2024-01-23 10:56:22.675376
2024-01-23 10:56:22,677 DEBUG   HandlerThread:164132 [handler.py:handle_request():144] handle_request: status
2024-01-23 10:56:22,690 INFO    WriterThread:164132 [datastore.py:open_for_write():85] open: /workspace/UPRTH/wandb/run-20240123_105622-e5qlv0yt/run-e5qlv0yt.wandb
2024-01-23 10:56:22,691 DEBUG   SenderThread:164132 [sender.py:send():379] send: header
2024-01-23 10:56:22,691 DEBUG   SenderThread:164132 [sender.py:send():379] send: run
2024-01-23 10:56:23,554 INFO    SenderThread:164132 [dir_watcher.py:__init__():211] watching files in: /workspace/UPRTH/wandb/run-20240123_105622-e5qlv0yt/files
2024-01-23 10:56:23,554 INFO    SenderThread:164132 [sender.py:_start_run_threads():1121] run started: e5qlv0yt with start time 1706007382.675439
2024-01-23 10:56:23,557 DEBUG   SenderThread:164132 [sender.py:send_request():406] send_request: summary_record
2024-01-23 10:56:23,558 INFO    SenderThread:164132 [sender.py:_save_file():1375] saving file wandb-summary.json with policy end
2024-01-23 10:56:23,567 DEBUG   HandlerThread:164132 [handler.py:handle_request():144] handle_request: check_version
2024-01-23 10:56:23,567 DEBUG   SenderThread:164132 [sender.py:send_request():406] send_request: check_version
2024-01-23 10:56:24,323 DEBUG   HandlerThread:164132 [handler.py:handle_request():144] handle_request: run_start
2024-01-23 10:56:24,351 DEBUG   HandlerThread:164132 [system_info.py:__init__():31] System info init
2024-01-23 10:56:24,351 DEBUG   HandlerThread:164132 [system_info.py:__init__():46] System info init done
2024-01-23 10:56:24,351 INFO    HandlerThread:164132 [system_monitor.py:start():181] Starting system monitor
2024-01-23 10:56:24,351 INFO    SystemMonitor:164132 [system_monitor.py:_start():145] Starting system asset monitoring threads
2024-01-23 10:56:24,351 INFO    HandlerThread:164132 [system_monitor.py:probe():201] Collecting system info
2024-01-23 10:56:24,352 INFO    SystemMonitor:164132 [interfaces.py:start():190] Started cpu monitoring
2024-01-23 10:56:24,352 INFO    SystemMonitor:164132 [interfaces.py:start():190] Started disk monitoring
2024-01-23 10:56:24,352 INFO    SystemMonitor:164132 [interfaces.py:start():190] Started gpu monitoring
2024-01-23 10:56:24,354 INFO    SystemMonitor:164132 [interfaces.py:start():190] Started memory monitoring
2024-01-23 10:56:24,355 INFO    SystemMonitor:164132 [interfaces.py:start():190] Started network monitoring
2024-01-23 10:56:24,422 DEBUG   HandlerThread:164132 [system_info.py:probe():195] Probing system
2024-01-23 10:56:24,424 DEBUG   HandlerThread:164132 [gitlib.py:_init_repo():53] git repository is invalid
2024-01-23 10:56:24,424 DEBUG   HandlerThread:164132 [system_info.py:probe():240] Probing system done
2024-01-23 10:56:24,424 DEBUG   HandlerThread:164132 [system_monitor.py:probe():210] {'os': 'Linux-5.15.0-83-generic-x86_64-with-glibc2.35', 'python': '3.10.12', 'heartbeatAt': '2024-01-23T10:56:24.422806', 'startedAt': '2024-01-23T10:56:22.661878', 'docker': None, 'cuda': None, 'args': ('--beta_pool=0.3405704760678603', '--hgcn_mix1=10', '--hgcn_mix2=0.1', '--lr=0.05', '--pre_lr=0.1', '--random_seed=1', '--regs1=0.8'), 'state': 'running', 'program': '/workspace/UPRTH/sweep.py', 'codePath': 'sweep.py', 'host': '470e8c8e5128', 'username': 'root', 'executable': '/usr/bin/python', 'cpu_count': 32, 'cpu_count_logical': 64, 'cpu_freq': {'current': 2342.7471406249992, 'min': 800.0, 'max': 3500.0}, 'cpu_freq_per_core': [{'current': 2582.917, 'min': 800.0, 'max': 3500.0}, {'current': 2223.119, 'min': 800.0, 'max': 3500.0}, {'current': 2600.611, 'min': 800.0, 'max': 3500.0}, {'current': 800.0, 'min': 800.0, 'max': 3500.0}, {'current': 2520.151, 'min': 800.0, 'max': 3500.0}, {'current': 2564.103, 'min': 800.0, 'max': 3500.0}, {'current': 800.0, 'min': 800.0, 'max': 3500.0}, {'current': 2500.0, 'min': 800.0, 'max': 3500.0}, {'current': 3500.0, 'min': 800.0, 'max': 3500.0}, {'current': 2837.914, 'min': 800.0, 'max': 3500.0}, {'current': 2630.989, 'min': 800.0, 'max': 3500.0}, {'current': 800.0, 'min': 800.0, 'max': 3500.0}, {'current': 2827.619, 'min': 800.0, 'max': 3500.0}, {'current': 3000.0, 'min': 800.0, 'max': 3500.0}, {'current': 2742.65, 'min': 800.0, 'max': 3500.0}, {'current': 2833.106, 'min': 800.0, 'max': 3500.0}, {'current': 3000.0, 'min': 800.0, 'max': 3500.0}, {'current': 2831.606, 'min': 800.0, 'max': 3500.0}, {'current': 2725.977, 'min': 800.0, 'max': 3500.0}, {'current': 3500.0, 'min': 800.0, 'max': 3500.0}, {'current': 3500.0, 'min': 800.0, 'max': 3500.0}, {'current': 800.0, 'min': 800.0, 'max': 3500.0}, {'current': 800.0, 'min': 800.0, 'max': 3500.0}, {'current': 800.0, 'min': 800.0, 'max': 3500.0}, {'current': 800.0, 'min': 800.0, 'max': 3500.0}, {'current': 2302.384, 'min': 800.0, 'max': 3500.0}, {'current': 2781.657, 'min': 800.0, 'max': 3500.0}, {'current': 800.0, 'min': 800.0, 'max': 3500.0}, {'current': 2843.327, 'min': 800.0, 'max': 3500.0}, {'current': 2836.261, 'min': 800.0, 'max': 3500.0}, {'current': 2996.642, 'min': 800.0, 'max': 3500.0}, {'current': 2834.243, 'min': 800.0, 'max': 3500.0}, {'current': 800.0, 'min': 800.0, 'max': 3500.0}, {'current': 2027.879, 'min': 800.0, 'max': 3500.0}, {'current': 800.0, 'min': 800.0, 'max': 3500.0}, {'current': 1945.141, 'min': 800.0, 'max': 3500.0}, {'current': 3500.0, 'min': 800.0, 'max': 3500.0}, {'current': 2832.241, 'min': 800.0, 'max': 3500.0}, {'current': 2195.589, 'min': 800.0, 'max': 3500.0}, {'current': 2323.449, 'min': 800.0, 'max': 3500.0}, {'current': 2841.62, 'min': 800.0, 'max': 3500.0}, {'current': 2756.75, 'min': 800.0, 'max': 3500.0}, {'current': 800.0, 'min': 800.0, 'max': 3500.0}, {'current': 2843.385, 'min': 800.0, 'max': 3500.0}, {'current': 2839.086, 'min': 800.0, 'max': 3500.0}, {'current': 3000.0, 'min': 800.0, 'max': 3500.0}, {'current': 2624.303, 'min': 800.0, 'max': 3500.0}, {'current': 800.0, 'min': 800.0, 'max': 3500.0}, {'current': 2999.998, 'min': 800.0, 'max': 3500.0}, {'current': 2837.164, 'min': 800.0, 'max': 3500.0}, {'current': 2000.0, 'min': 800.0, 'max': 3500.0}, {'current': 1974.235, 'min': 800.0, 'max': 3500.0}, {'current': 2465.695, 'min': 800.0, 'max': 3500.0}, {'current': 2845.47, 'min': 800.0, 'max': 3500.0}, {'current': 2843.168, 'min': 800.0, 'max': 3500.0}, {'current': 2843.887, 'min': 800.0, 'max': 3500.0}, {'current': 2845.907, 'min': 800.0, 'max': 3500.0}, {'current': 2622.628, 'min': 800.0, 'max': 3500.0}, {'current': 2300.0, 'min': 800.0, 'max': 3500.0}, {'current': 2844.252, 'min': 800.0, 'max': 3500.0}, {'current': 2851.517, 'min': 800.0, 'max': 3500.0}, {'current': 2839.469, 'min': 800.0, 'max': 3500.0}, {'current': 2995.95, 'min': 800.0, 'max': 3500.0}, {'current': 2830.121, 'min': 800.0, 'max': 3500.0}], 'disk': {'total': 1758.8579597473145, 'used': 948.8568153381348}, 'gpu': 'NVIDIA A800-SXM4-80GB', 'gpu_count': 1, 'gpu_devices': [{'name': 'NVIDIA A800-SXM4-80GB', 'memory_total': 85899345920}], 'memory': {'total': 503.3061103820801}}
2024-01-23 10:56:24,424 INFO    HandlerThread:164132 [system_monitor.py:probe():211] Finished collecting system info
2024-01-23 10:56:24,424 INFO    HandlerThread:164132 [system_monitor.py:probe():214] Publishing system info
2024-01-23 10:56:24,424 DEBUG   HandlerThread:164132 [system_info.py:_save_pip():51] Saving list of pip packages installed into the current environment
2024-01-23 10:56:24,424 DEBUG   HandlerThread:164132 [system_info.py:_save_pip():67] Saving pip packages done
2024-01-23 10:56:24,425 INFO    HandlerThread:164132 [system_monitor.py:probe():216] Finished publishing system info
2024-01-23 10:56:24,427 DEBUG   SenderThread:164132 [sender.py:send():379] send: files
2024-01-23 10:56:24,427 INFO    SenderThread:164132 [sender.py:_save_file():1375] saving file wandb-metadata.json with policy now
2024-01-23 10:56:24,434 DEBUG   HandlerThread:164132 [handler.py:handle_request():144] handle_request: stop_status
2024-01-23 10:56:24,434 DEBUG   SenderThread:164132 [sender.py:send_request():406] send_request: stop_status
2024-01-23 10:56:24,555 INFO    Thread-12 :164132 [dir_watcher.py:_on_file_created():271] file/dir created: /workspace/UPRTH/wandb/run-20240123_105622-e5qlv0yt/files/requirements.txt
2024-01-23 10:56:24,556 INFO    Thread-12 :164132 [dir_watcher.py:_on_file_created():271] file/dir created: /workspace/UPRTH/wandb/run-20240123_105622-e5qlv0yt/files/wandb-summary.json
2024-01-23 10:56:24,556 INFO    Thread-12 :164132 [dir_watcher.py:_on_file_created():271] file/dir created: /workspace/UPRTH/wandb/run-20240123_105622-e5qlv0yt/files/wandb-metadata.json
2024-01-23 10:56:25,105 DEBUG   SenderThread:164132 [sender.py:send():379] send: telemetry
2024-01-23 10:56:25,447 INFO    wandb-upload_0:164132 [upload_job.py:push():131] Uploaded file /tmp/tmpct7vfk6cwandb/pg21z3ll-wandb-metadata.json
2024-01-23 10:56:25,555 INFO    Thread-12 :164132 [dir_watcher.py:_on_file_created():271] file/dir created: /workspace/UPRTH/wandb/run-20240123_105622-e5qlv0yt/files/output.log
2024-01-23 10:56:27,556 INFO    Thread-12 :164132 [dir_watcher.py:_on_file_modified():288] file/dir modified: /workspace/UPRTH/wandb/run-20240123_105622-e5qlv0yt/files/output.log
2024-01-23 10:56:28,421 DEBUG   HandlerThread:164132 [handler.py:handle_request():144] handle_request: status_report
2024-01-23 10:56:28,556 INFO    Thread-12 :164132 [dir_watcher.py:_on_file_modified():288] file/dir modified: /workspace/UPRTH/wandb/run-20240123_105622-e5qlv0yt/files/output.log
2024-01-23 10:56:33,421 DEBUG   HandlerThread:164132 [handler.py:handle_request():144] handle_request: status_report
2024-01-23 10:56:38,423 DEBUG   HandlerThread:164132 [handler.py:handle_request():144] handle_request: status_report
2024-01-23 10:56:39,434 DEBUG   HandlerThread:164132 [handler.py:handle_request():144] handle_request: stop_status
2024-01-23 10:56:39,435 DEBUG   SenderThread:164132 [sender.py:send_request():406] send_request: stop_status
2024-01-23 10:56:42,561 INFO    Thread-12 :164132 [dir_watcher.py:_on_file_modified():288] file/dir modified: /workspace/UPRTH/wandb/run-20240123_105622-e5qlv0yt/files/output.log
2024-01-23 10:56:44,197 DEBUG   HandlerThread:164132 [handler.py:handle_request():144] handle_request: status_report
2024-01-23 10:56:49,198 DEBUG   HandlerThread:164132 [handler.py:handle_request():144] handle_request: status_report
2024-01-23 10:56:54,441 DEBUG   HandlerThread:164132 [handler.py:handle_request():144] handle_request: stop_status
2024-01-23 10:56:54,443 DEBUG   HandlerThread:164132 [handler.py:handle_request():144] handle_request: status_report
2024-01-23 10:56:54,692 DEBUG   SenderThread:164132 [sender.py:send_request():406] send_request: stop_status
2024-01-23 10:56:55,565 INFO    Thread-12 :164132 [dir_watcher.py:_on_file_modified():288] file/dir modified: /workspace/UPRTH/wandb/run-20240123_105622-e5qlv0yt/files/config.yaml
2024-01-23 10:56:56,566 INFO    Thread-12 :164132 [dir_watcher.py:_on_file_modified():288] file/dir modified: /workspace/UPRTH/wandb/run-20240123_105622-e5qlv0yt/files/output.log
2024-01-23 10:56:59,991 DEBUG   HandlerThread:164132 [handler.py:handle_request():144] handle_request: status_report
2024-01-23 10:57:04,991 DEBUG   HandlerThread:164132 [handler.py:handle_request():144] handle_request: status_report
2024-01-23 10:57:09,435 DEBUG   HandlerThread:164132 [handler.py:handle_request():144] handle_request: stop_status
2024-01-23 10:57:09,436 DEBUG   SenderThread:164132 [sender.py:send_request():406] send_request: stop_status
2024-01-23 10:57:10,570 INFO    Thread-12 :164132 [dir_watcher.py:_on_file_modified():288] file/dir modified: /workspace/UPRTH/wandb/run-20240123_105622-e5qlv0yt/files/output.log
2024-01-23 10:57:10,709 DEBUG   HandlerThread:164132 [handler.py:handle_request():144] handle_request: status_report
2024-01-23 10:57:15,710 DEBUG   HandlerThread:164132 [handler.py:handle_request():144] handle_request: status_report
2024-01-23 10:57:20,711 DEBUG   HandlerThread:164132 [handler.py:handle_request():144] handle_request: status_report
2024-01-23 10:57:24,355 DEBUG   SystemMonitor:164132 [system_monitor.py:_start():159] Starting system metrics aggregation loop
2024-01-23 10:57:24,357 DEBUG   SenderThread:164132 [sender.py:send():379] send: stats
2024-01-23 10:57:24,455 DEBUG   HandlerThread:164132 [handler.py:handle_request():144] handle_request: stop_status
2024-01-23 10:57:24,455 DEBUG   SenderThread:164132 [sender.py:send_request():406] send_request: stop_status
2024-01-23 10:57:24,576 INFO    Thread-12 :164132 [dir_watcher.py:_on_file_modified():288] file/dir modified: /workspace/UPRTH/wandb/run-20240123_105622-e5qlv0yt/files/output.log
2024-01-23 10:57:25,776 DEBUG   HandlerThread:164132 [handler.py:handle_request():144] handle_request: status_report
2024-01-23 10:57:30,777 DEBUG   HandlerThread:164132 [handler.py:handle_request():144] handle_request: status_report
2024-01-23 10:57:35,778 DEBUG   HandlerThread:164132 [handler.py:handle_request():144] handle_request: status_report
2024-01-23 10:57:38,581 INFO    Thread-12 :164132 [dir_watcher.py:_on_file_modified():288] file/dir modified: /workspace/UPRTH/wandb/run-20240123_105622-e5qlv0yt/files/output.log
2024-01-23 10:57:39,456 DEBUG   HandlerThread:164132 [handler.py:handle_request():144] handle_request: stop_status
2024-01-23 10:57:39,456 DEBUG   SenderThread:164132 [sender.py:send_request():406] send_request: stop_status
2024-01-23 10:57:40,781 DEBUG   HandlerThread:164132 [handler.py:handle_request():144] handle_request: status_report
2024-01-23 10:57:45,782 DEBUG   HandlerThread:164132 [handler.py:handle_request():144] handle_request: status_report
2024-01-23 10:57:50,783 DEBUG   HandlerThread:164132 [handler.py:handle_request():144] handle_request: status_report
2024-01-23 10:57:52,586 INFO    Thread-12 :164132 [dir_watcher.py:_on_file_modified():288] file/dir modified: /workspace/UPRTH/wandb/run-20240123_105622-e5qlv0yt/files/output.log
2024-01-23 10:57:54,358 DEBUG   SenderThread:164132 [sender.py:send():379] send: stats
2024-01-23 10:57:54,455 DEBUG   HandlerThread:164132 [handler.py:handle_request():144] handle_request: stop_status
2024-01-23 10:57:54,456 DEBUG   SenderThread:164132 [sender.py:send_request():406] send_request: stop_status
2024-01-23 10:57:56,722 DEBUG   HandlerThread:164132 [handler.py:handle_request():144] handle_request: status_report
2024-01-23 10:58:01,723 DEBUG   HandlerThread:164132 [handler.py:handle_request():144] handle_request: status_report
2024-01-23 10:58:06,591 INFO    Thread-12 :164132 [dir_watcher.py:_on_file_modified():288] file/dir modified: /workspace/UPRTH/wandb/run-20240123_105622-e5qlv0yt/files/output.log
2024-01-23 10:58:07,701 DEBUG   HandlerThread:164132 [handler.py:handle_request():144] handle_request: status_report
2024-01-23 10:58:09,455 DEBUG   HandlerThread:164132 [handler.py:handle_request():144] handle_request: stop_status
2024-01-23 10:58:09,456 DEBUG   SenderThread:164132 [sender.py:send_request():406] send_request: stop_status
2024-01-23 10:58:12,786 DEBUG   HandlerThread:164132 [handler.py:handle_request():144] handle_request: status_report
2024-01-23 10:58:17,787 DEBUG   HandlerThread:164132 [handler.py:handle_request():144] handle_request: status_report
2024-01-23 10:58:20,597 INFO    Thread-12 :164132 [dir_watcher.py:_on_file_modified():288] file/dir modified: /workspace/UPRTH/wandb/run-20240123_105622-e5qlv0yt/files/output.log
2024-01-23 10:58:23,649 DEBUG   HandlerThread:164132 [handler.py:handle_request():144] handle_request: status_report
2024-01-23 10:58:24,359 DEBUG   SenderThread:164132 [sender.py:send():379] send: stats
2024-01-23 10:58:24,456 DEBUG   HandlerThread:164132 [handler.py:handle_request():144] handle_request: stop_status
2024-01-23 10:58:24,456 DEBUG   SenderThread:164132 [sender.py:send_request():406] send_request: stop_status
2024-01-23 10:58:28,738 DEBUG   HandlerThread:164132 [handler.py:handle_request():144] handle_request: status_report
2024-01-23 10:58:34,444 DEBUG   HandlerThread:164132 [handler.py:handle_request():144] handle_request: status_report
2024-01-23 10:58:34,602 INFO    Thread-12 :164132 [dir_watcher.py:_on_file_modified():288] file/dir modified: /workspace/UPRTH/wandb/run-20240123_105622-e5qlv0yt/files/output.log
2024-01-23 10:58:39,445 DEBUG   HandlerThread:164132 [handler.py:handle_request():144] handle_request: status_report
2024-01-23 10:58:39,455 DEBUG   HandlerThread:164132 [handler.py:handle_request():144] handle_request: stop_status
2024-01-23 10:58:39,456 DEBUG   SenderThread:164132 [sender.py:send_request():406] send_request: stop_status
2024-01-23 10:58:44,778 DEBUG   HandlerThread:164132 [handler.py:handle_request():144] handle_request: status_report
2024-01-23 10:58:48,607 INFO    Thread-12 :164132 [dir_watcher.py:_on_file_modified():288] file/dir modified: /workspace/UPRTH/wandb/run-20240123_105622-e5qlv0yt/files/output.log
2024-01-23 10:58:50,737 DEBUG   HandlerThread:164132 [handler.py:handle_request():144] handle_request: status_report
2024-01-23 10:58:54,360 DEBUG   SenderThread:164132 [sender.py:send():379] send: stats
2024-01-23 10:58:54,456 DEBUG   HandlerThread:164132 [handler.py:handle_request():144] handle_request: stop_status
2024-01-23 10:58:54,456 DEBUG   SenderThread:164132 [sender.py:send_request():406] send_request: stop_status
2024-01-23 10:58:56,719 DEBUG   HandlerThread:164132 [handler.py:handle_request():144] handle_request: status_report
2024-01-23 10:59:02,430 DEBUG   HandlerThread:164132 [handler.py:handle_request():144] handle_request: status_report
2024-01-23 10:59:02,612 INFO    Thread-12 :164132 [dir_watcher.py:_on_file_modified():288] file/dir modified: /workspace/UPRTH/wandb/run-20240123_105622-e5qlv0yt/files/output.log
2024-01-23 10:59:07,431 DEBUG   HandlerThread:164132 [handler.py:handle_request():144] handle_request: status_report
2024-01-23 10:59:09,457 DEBUG   HandlerThread:164132 [handler.py:handle_request():144] handle_request: stop_status
2024-01-23 10:59:09,458 DEBUG   SenderThread:164132 [sender.py:send_request():406] send_request: stop_status
2024-01-23 10:59:12,739 DEBUG   HandlerThread:164132 [handler.py:handle_request():144] handle_request: status_report
2024-01-23 10:59:16,616 INFO    Thread-12 :164132 [dir_watcher.py:_on_file_modified():288] file/dir modified: /workspace/UPRTH/wandb/run-20240123_105622-e5qlv0yt/files/output.log
2024-01-23 10:59:18,488 DEBUG   HandlerThread:164132 [handler.py:handle_request():144] handle_request: status_report
2024-01-23 10:59:23,489 DEBUG   HandlerThread:164132 [handler.py:handle_request():144] handle_request: status_report
2024-01-23 10:59:24,360 DEBUG   SenderThread:164132 [sender.py:send():379] send: stats
2024-01-23 10:59:24,458 DEBUG   HandlerThread:164132 [handler.py:handle_request():144] handle_request: stop_status
2024-01-23 10:59:24,459 DEBUG   SenderThread:164132 [sender.py:send_request():406] send_request: stop_status
2024-01-23 10:59:28,621 INFO    Thread-12 :164132 [dir_watcher.py:_on_file_modified():288] file/dir modified: /workspace/UPRTH/wandb/run-20240123_105622-e5qlv0yt/files/output.log
2024-01-23 10:59:28,931 DEBUG   HandlerThread:164132 [handler.py:handle_request():144] handle_request: status_report
2024-01-23 10:59:33,932 DEBUG   HandlerThread:164132 [handler.py:handle_request():144] handle_request: status_report
2024-01-23 10:59:38,933 DEBUG   HandlerThread:164132 [handler.py:handle_request():144] handle_request: status_report
2024-01-23 10:59:39,458 DEBUG   HandlerThread:164132 [handler.py:handle_request():144] handle_request: stop_status
2024-01-23 10:59:39,459 DEBUG   SenderThread:164132 [sender.py:send_request():406] send_request: stop_status
2024-01-23 10:59:44,206 DEBUG   HandlerThread:164132 [handler.py:handle_request():144] handle_request: status_report
2024-01-23 10:59:44,626 INFO    Thread-12 :164132 [dir_watcher.py:_on_file_modified():288] file/dir modified: /workspace/UPRTH/wandb/run-20240123_105622-e5qlv0yt/files/output.log
2024-01-23 10:59:49,207 DEBUG   HandlerThread:164132 [handler.py:handle_request():144] handle_request: status_report
2024-01-23 10:59:54,208 DEBUG   HandlerThread:164132 [handler.py:handle_request():144] handle_request: status_report
2024-01-23 10:59:54,363 DEBUG   SenderThread:164132 [sender.py:send():379] send: stats
2024-01-23 10:59:54,458 DEBUG   HandlerThread:164132 [handler.py:handle_request():144] handle_request: stop_status
2024-01-23 10:59:54,459 DEBUG   SenderThread:164132 [sender.py:send_request():406] send_request: stop_status
2024-01-23 10:59:58,631 INFO    Thread-12 :164132 [dir_watcher.py:_on_file_modified():288] file/dir modified: /workspace/UPRTH/wandb/run-20240123_105622-e5qlv0yt/files/output.log
2024-01-23 10:59:59,858 DEBUG   HandlerThread:164132 [handler.py:handle_request():144] handle_request: status_report
2024-01-23 11:00:04,858 DEBUG   HandlerThread:164132 [handler.py:handle_request():144] handle_request: status_report
2024-01-23 11:00:09,458 DEBUG   HandlerThread:164132 [handler.py:handle_request():144] handle_request: stop_status
2024-01-23 11:00:09,459 DEBUG   SenderThread:164132 [sender.py:send_request():406] send_request: stop_status
2024-01-23 11:00:10,743 DEBUG   HandlerThread:164132 [handler.py:handle_request():144] handle_request: status_report
2024-01-23 11:00:14,636 INFO    Thread-12 :164132 [dir_watcher.py:_on_file_modified():288] file/dir modified: /workspace/UPRTH/wandb/run-20240123_105622-e5qlv0yt/files/output.log
2024-01-23 11:00:16,632 DEBUG   HandlerThread:164132 [handler.py:handle_request():144] handle_request: status_report
2024-01-23 11:00:21,633 DEBUG   HandlerThread:164132 [handler.py:handle_request():144] handle_request: status_report
2024-01-23 11:00:24,364 DEBUG   SenderThread:164132 [sender.py:send():379] send: stats
2024-01-23 11:00:24,458 DEBUG   HandlerThread:164132 [handler.py:handle_request():144] handle_request: stop_status
2024-01-23 11:00:24,459 DEBUG   SenderThread:164132 [sender.py:send_request():406] send_request: stop_status
2024-01-23 11:00:26,686 DEBUG   HandlerThread:164132 [handler.py:handle_request():144] handle_request: status_report
2024-01-23 11:00:28,643 INFO    Thread-12 :164132 [dir_watcher.py:_on_file_modified():288] file/dir modified: /workspace/UPRTH/wandb/run-20240123_105622-e5qlv0yt/files/output.log
2024-01-23 11:00:31,687 DEBUG   HandlerThread:164132 [handler.py:handle_request():144] handle_request: status_report
2024-01-23 11:00:36,688 DEBUG   HandlerThread:164132 [handler.py:handle_request():144] handle_request: status_report
2024-01-23 11:00:39,459 DEBUG   HandlerThread:164132 [handler.py:handle_request():144] handle_request: stop_status
2024-01-23 11:00:39,460 DEBUG   SenderThread:164132 [sender.py:send_request():406] send_request: stop_status
2024-01-23 11:00:41,783 DEBUG   HandlerThread:164132 [handler.py:handle_request():144] handle_request: status_report
2024-01-23 11:00:43,648 INFO    Thread-12 :164132 [dir_watcher.py:_on_file_modified():288] file/dir modified: /workspace/UPRTH/wandb/run-20240123_105622-e5qlv0yt/files/output.log
2024-01-23 11:00:46,784 DEBUG   HandlerThread:164132 [handler.py:handle_request():144] handle_request: status_report
2024-01-23 11:00:51,785 DEBUG   HandlerThread:164132 [handler.py:handle_request():144] handle_request: status_report
2024-01-23 11:00:54,367 DEBUG   SenderThread:164132 [sender.py:send():379] send: stats
2024-01-23 11:00:54,460 DEBUG   HandlerThread:164132 [handler.py:handle_request():144] handle_request: stop_status
2024-01-23 11:00:54,460 DEBUG   SenderThread:164132 [sender.py:send_request():406] send_request: stop_status
2024-01-23 11:00:57,200 DEBUG   HandlerThread:164132 [handler.py:handle_request():144] handle_request: status_report
2024-01-23 11:00:57,653 INFO    Thread-12 :164132 [dir_watcher.py:_on_file_modified():288] file/dir modified: /workspace/UPRTH/wandb/run-20240123_105622-e5qlv0yt/files/output.log
2024-01-23 11:01:02,201 DEBUG   HandlerThread:164132 [handler.py:handle_request():144] handle_request: status_report
2024-01-23 11:01:07,202 DEBUG   HandlerThread:164132 [handler.py:handle_request():144] handle_request: status_report
2024-01-23 11:01:09,459 DEBUG   HandlerThread:164132 [handler.py:handle_request():144] handle_request: stop_status
2024-01-23 11:01:09,460 DEBUG   SenderThread:164132 [sender.py:send_request():406] send_request: stop_status
2024-01-23 11:01:12,374 DEBUG   HandlerThread:164132 [handler.py:handle_request():144] handle_request: status_report
2024-01-23 11:01:13,659 INFO    Thread-12 :164132 [dir_watcher.py:_on_file_modified():288] file/dir modified: /workspace/UPRTH/wandb/run-20240123_105622-e5qlv0yt/files/output.log
2024-01-23 11:01:17,375 DEBUG   HandlerThread:164132 [handler.py:handle_request():144] handle_request: status_report
2024-01-23 11:01:22,376 DEBUG   HandlerThread:164132 [handler.py:handle_request():144] handle_request: status_report
2024-01-23 11:01:24,368 DEBUG   SenderThread:164132 [sender.py:send():379] send: stats
2024-01-23 11:01:24,547 DEBUG   HandlerThread:164132 [handler.py:handle_request():144] handle_request: stop_status
2024-01-23 11:01:24,548 DEBUG   SenderThread:164132 [sender.py:send_request():406] send_request: stop_status
2024-01-23 11:01:27,416 DEBUG   HandlerThread:164132 [handler.py:handle_request():144] handle_request: status_report
2024-01-23 11:01:29,665 INFO    Thread-12 :164132 [dir_watcher.py:_on_file_modified():288] file/dir modified: /workspace/UPRTH/wandb/run-20240123_105622-e5qlv0yt/files/output.log
2024-01-23 11:01:32,417 DEBUG   HandlerThread:164132 [handler.py:handle_request():144] handle_request: status_report
2024-01-23 11:01:37,418 DEBUG   HandlerThread:164132 [handler.py:handle_request():144] handle_request: status_report
2024-01-23 11:01:39,547 DEBUG   HandlerThread:164132 [handler.py:handle_request():144] handle_request: stop_status
2024-01-23 11:01:39,547 DEBUG   SenderThread:164132 [sender.py:send_request():406] send_request: stop_status
2024-01-23 11:01:42,443 DEBUG   HandlerThread:164132 [handler.py:handle_request():144] handle_request: status_report
2024-01-23 11:01:43,669 INFO    Thread-12 :164132 [dir_watcher.py:_on_file_modified():288] file/dir modified: /workspace/UPRTH/wandb/run-20240123_105622-e5qlv0yt/files/output.log
2024-01-23 11:01:47,444 DEBUG   HandlerThread:164132 [handler.py:handle_request():144] handle_request: status_report
2024-01-23 11:01:52,445 DEBUG   HandlerThread:164132 [handler.py:handle_request():144] handle_request: status_report
2024-01-23 11:01:54,369 DEBUG   SenderThread:164132 [sender.py:send():379] send: stats
2024-01-23 11:01:54,547 DEBUG   HandlerThread:164132 [handler.py:handle_request():144] handle_request: stop_status
2024-01-23 11:01:54,548 DEBUG   SenderThread:164132 [sender.py:send_request():406] send_request: stop_status
2024-01-23 11:01:57,674 INFO    Thread-12 :164132 [dir_watcher.py:_on_file_modified():288] file/dir modified: /workspace/UPRTH/wandb/run-20240123_105622-e5qlv0yt/files/output.log
2024-01-23 11:01:57,825 DEBUG   HandlerThread:164132 [handler.py:handle_request():144] handle_request: status_report
2024-01-23 11:02:02,826 DEBUG   HandlerThread:164132 [handler.py:handle_request():144] handle_request: status_report
2024-01-23 11:02:07,826 DEBUG   HandlerThread:164132 [handler.py:handle_request():144] handle_request: status_report
2024-01-23 11:02:09,547 DEBUG   HandlerThread:164132 [handler.py:handle_request():144] handle_request: stop_status
2024-01-23 11:02:09,549 DEBUG   SenderThread:164132 [sender.py:send_request():406] send_request: stop_status
2024-01-23 11:02:11,679 INFO    Thread-12 :164132 [dir_watcher.py:_on_file_modified():288] file/dir modified: /workspace/UPRTH/wandb/run-20240123_105622-e5qlv0yt/files/output.log
2024-01-23 11:02:12,849 DEBUG   HandlerThread:164132 [handler.py:handle_request():144] handle_request: status_report
2024-01-23 11:02:17,850 DEBUG   HandlerThread:164132 [handler.py:handle_request():144] handle_request: status_report
2024-01-23 11:02:22,850 DEBUG   HandlerThread:164132 [handler.py:handle_request():144] handle_request: status_report
2024-01-23 11:02:24,371 DEBUG   SenderThread:164132 [sender.py:send():379] send: stats
2024-01-23 11:02:24,547 DEBUG   HandlerThread:164132 [handler.py:handle_request():144] handle_request: stop_status
2024-01-23 11:02:24,547 DEBUG   SenderThread:164132 [sender.py:send_request():406] send_request: stop_status
2024-01-23 11:02:25,684 INFO    Thread-12 :164132 [dir_watcher.py:_on_file_modified():288] file/dir modified: /workspace/UPRTH/wandb/run-20240123_105622-e5qlv0yt/files/output.log
2024-01-23 11:02:28,823 DEBUG   HandlerThread:164132 [handler.py:handle_request():144] handle_request: status_report
2024-01-23 11:02:33,824 DEBUG   HandlerThread:164132 [handler.py:handle_request():144] handle_request: status_report
2024-01-23 11:02:39,547 DEBUG   HandlerThread:164132 [handler.py:handle_request():144] handle_request: stop_status
2024-01-23 11:02:39,547 DEBUG   SenderThread:164132 [sender.py:send_request():406] send_request: stop_status
2024-01-23 11:02:39,692 INFO    Thread-12 :164132 [dir_watcher.py:_on_file_modified():288] file/dir modified: /workspace/UPRTH/wandb/run-20240123_105622-e5qlv0yt/files/output.log
2024-01-23 11:02:39,861 DEBUG   HandlerThread:164132 [handler.py:handle_request():144] handle_request: status_report
2024-01-23 11:02:44,862 DEBUG   HandlerThread:164132 [handler.py:handle_request():144] handle_request: status_report
2024-01-23 11:02:49,863 DEBUG   HandlerThread:164132 [handler.py:handle_request():144] handle_request: status_report
2024-01-23 11:02:53,697 INFO    Thread-12 :164132 [dir_watcher.py:_on_file_modified():288] file/dir modified: /workspace/UPRTH/wandb/run-20240123_105622-e5qlv0yt/files/output.log
2024-01-23 11:02:54,370 DEBUG   SenderThread:164132 [sender.py:send():379] send: stats
2024-01-23 11:02:54,547 DEBUG   HandlerThread:164132 [handler.py:handle_request():144] handle_request: stop_status
2024-01-23 11:02:54,548 DEBUG   SenderThread:164132 [sender.py:send_request():406] send_request: stop_status
2024-01-23 11:02:55,166 DEBUG   HandlerThread:164132 [handler.py:handle_request():144] handle_request: status_report
2024-01-23 11:02:55,698 INFO    Thread-12 :164132 [dir_watcher.py:_on_file_modified():288] file/dir modified: /workspace/UPRTH/wandb/run-20240123_105622-e5qlv0yt/files/output.log
2024-01-23 11:02:57,699 INFO    Thread-12 :164132 [dir_watcher.py:_on_file_modified():288] file/dir modified: /workspace/UPRTH/wandb/run-20240123_105622-e5qlv0yt/files/output.log
2024-01-23 11:02:59,700 INFO    Thread-12 :164132 [dir_watcher.py:_on_file_modified():288] file/dir modified: /workspace/UPRTH/wandb/run-20240123_105622-e5qlv0yt/files/output.log
2024-01-23 11:03:00,735 DEBUG   HandlerThread:164132 [handler.py:handle_request():144] handle_request: status_report
2024-01-23 11:03:01,701 INFO    Thread-12 :164132 [dir_watcher.py:_on_file_modified():288] file/dir modified: /workspace/UPRTH/wandb/run-20240123_105622-e5qlv0yt/files/output.log
2024-01-23 11:03:03,702 INFO    Thread-12 :164132 [dir_watcher.py:_on_file_modified():288] file/dir modified: /workspace/UPRTH/wandb/run-20240123_105622-e5qlv0yt/files/output.log
2024-01-23 11:03:05,702 INFO    Thread-12 :164132 [dir_watcher.py:_on_file_modified():288] file/dir modified: /workspace/UPRTH/wandb/run-20240123_105622-e5qlv0yt/files/output.log
2024-01-23 11:03:06,100 DEBUG   HandlerThread:164132 [handler.py:handle_request():144] handle_request: status_report
2024-01-23 11:03:07,703 INFO    Thread-12 :164132 [dir_watcher.py:_on_file_modified():288] file/dir modified: /workspace/UPRTH/wandb/run-20240123_105622-e5qlv0yt/files/output.log
2024-01-23 11:03:09,547 DEBUG   HandlerThread:164132 [handler.py:handle_request():144] handle_request: stop_status
2024-01-23 11:03:09,548 DEBUG   SenderThread:164132 [sender.py:send_request():406] send_request: stop_status
2024-01-23 11:03:09,703 INFO    Thread-12 :164132 [dir_watcher.py:_on_file_modified():288] file/dir modified: /workspace/UPRTH/wandb/run-20240123_105622-e5qlv0yt/files/output.log
2024-01-23 11:03:11,704 INFO    Thread-12 :164132 [dir_watcher.py:_on_file_modified():288] file/dir modified: /workspace/UPRTH/wandb/run-20240123_105622-e5qlv0yt/files/output.log
2024-01-23 11:03:11,723 DEBUG   HandlerThread:164132 [handler.py:handle_request():144] handle_request: status_report
2024-01-23 11:03:13,705 INFO    Thread-12 :164132 [dir_watcher.py:_on_file_modified():288] file/dir modified: /workspace/UPRTH/wandb/run-20240123_105622-e5qlv0yt/files/output.log
2024-01-23 11:03:15,706 INFO    Thread-12 :164132 [dir_watcher.py:_on_file_modified():288] file/dir modified: /workspace/UPRTH/wandb/run-20240123_105622-e5qlv0yt/files/output.log
2024-01-23 11:03:16,752 DEBUG   HandlerThread:164132 [handler.py:handle_request():144] handle_request: status_report
2024-01-23 11:03:17,707 INFO    Thread-12 :164132 [dir_watcher.py:_on_file_modified():288] file/dir modified: /workspace/UPRTH/wandb/run-20240123_105622-e5qlv0yt/files/output.log
2024-01-23 11:03:19,708 INFO    Thread-12 :164132 [dir_watcher.py:_on_file_modified():288] file/dir modified: /workspace/UPRTH/wandb/run-20240123_105622-e5qlv0yt/files/output.log
2024-01-23 11:03:21,708 INFO    Thread-12 :164132 [dir_watcher.py:_on_file_modified():288] file/dir modified: /workspace/UPRTH/wandb/run-20240123_105622-e5qlv0yt/files/output.log
2024-01-23 11:03:22,000 DEBUG   HandlerThread:164132 [handler.py:handle_request():144] handle_request: status_report
2024-01-23 11:03:23,709 INFO    Thread-12 :164132 [dir_watcher.py:_on_file_modified():288] file/dir modified: /workspace/UPRTH/wandb/run-20240123_105622-e5qlv0yt/files/output.log
2024-01-23 11:03:24,372 DEBUG   SenderThread:164132 [sender.py:send():379] send: stats
2024-01-23 11:03:24,556 DEBUG   HandlerThread:164132 [handler.py:handle_request():144] handle_request: stop_status
2024-01-23 11:03:24,556 DEBUG   SenderThread:164132 [sender.py:send_request():406] send_request: stop_status
2024-01-23 11:03:25,710 INFO    Thread-12 :164132 [dir_watcher.py:_on_file_modified():288] file/dir modified: /workspace/UPRTH/wandb/run-20240123_105622-e5qlv0yt/files/output.log
2024-01-23 11:03:27,105 DEBUG   HandlerThread:164132 [handler.py:handle_request():144] handle_request: status_report
2024-01-23 11:03:27,712 INFO    Thread-12 :164132 [dir_watcher.py:_on_file_modified():288] file/dir modified: /workspace/UPRTH/wandb/run-20240123_105622-e5qlv0yt/files/output.log
2024-01-23 11:03:29,713 INFO    Thread-12 :164132 [dir_watcher.py:_on_file_modified():288] file/dir modified: /workspace/UPRTH/wandb/run-20240123_105622-e5qlv0yt/files/output.log
2024-01-23 11:03:31,715 INFO    Thread-12 :164132 [dir_watcher.py:_on_file_modified():288] file/dir modified: /workspace/UPRTH/wandb/run-20240123_105622-e5qlv0yt/files/output.log
2024-01-23 11:03:32,795 DEBUG   HandlerThread:164132 [handler.py:handle_request():144] handle_request: status_report
2024-01-23 11:03:33,717 INFO    Thread-12 :164132 [dir_watcher.py:_on_file_modified():288] file/dir modified: /workspace/UPRTH/wandb/run-20240123_105622-e5qlv0yt/files/output.log
2024-01-23 11:03:35,719 INFO    Thread-12 :164132 [dir_watcher.py:_on_file_modified():288] file/dir modified: /workspace/UPRTH/wandb/run-20240123_105622-e5qlv0yt/files/output.log
2024-01-23 11:03:37,720 INFO    Thread-12 :164132 [dir_watcher.py:_on_file_modified():288] file/dir modified: /workspace/UPRTH/wandb/run-20240123_105622-e5qlv0yt/files/output.log
2024-01-23 11:03:37,932 DEBUG   HandlerThread:164132 [handler.py:handle_request():144] handle_request: status_report
2024-01-23 11:03:39,552 DEBUG   HandlerThread:164132 [handler.py:handle_request():144] handle_request: stop_status
2024-01-23 11:03:39,553 DEBUG   SenderThread:164132 [sender.py:send_request():406] send_request: stop_status
2024-01-23 11:03:39,721 INFO    Thread-12 :164132 [dir_watcher.py:_on_file_modified():288] file/dir modified: /workspace/UPRTH/wandb/run-20240123_105622-e5qlv0yt/files/output.log
2024-01-23 11:03:41,721 INFO    Thread-12 :164132 [dir_watcher.py:_on_file_modified():288] file/dir modified: /workspace/UPRTH/wandb/run-20240123_105622-e5qlv0yt/files/output.log
2024-01-23 11:03:42,735 DEBUG   HandlerThread:164132 [handler.py:handle_request():144] handle_request: partial_history
2024-01-23 11:03:42,737 DEBUG   SenderThread:164132 [sender.py:send():379] send: history
2024-01-23 11:03:42,738 DEBUG   SenderThread:164132 [sender.py:send_request():406] send_request: summary_record
2024-01-23 11:03:42,738 INFO    SenderThread:164132 [sender.py:_save_file():1375] saving file wandb-summary.json with policy end
2024-01-23 11:03:42,739 DEBUG   SenderThread:164132 [sender.py:send():379] send: telemetry
2024-01-23 11:03:42,739 DEBUG   SenderThread:164132 [sender.py:send():379] send: exit
2024-01-23 11:03:42,739 INFO    SenderThread:164132 [sender.py:send_exit():584] handling exit code: 0
2024-01-23 11:03:42,739 INFO    SenderThread:164132 [sender.py:send_exit():586] handling runtime: 438
2024-01-23 11:03:42,739 INFO    SenderThread:164132 [sender.py:_save_file():1375] saving file wandb-summary.json with policy end
2024-01-23 11:03:42,739 INFO    SenderThread:164132 [sender.py:send_exit():592] send defer
2024-01-23 11:03:42,739 DEBUG   HandlerThread:164132 [handler.py:handle_request():144] handle_request: defer
2024-01-23 11:03:42,739 INFO    HandlerThread:164132 [handler.py:handle_request_defer():170] handle defer: 0
2024-01-23 11:03:42,740 DEBUG   SenderThread:164132 [sender.py:send_request():406] send_request: defer
2024-01-23 11:03:42,740 INFO    SenderThread:164132 [sender.py:send_request_defer():608] handle sender defer: 0
2024-01-23 11:03:42,740 INFO    SenderThread:164132 [sender.py:transition_state():612] send defer: 1
2024-01-23 11:03:42,740 DEBUG   HandlerThread:164132 [handler.py:handle_request():144] handle_request: defer
2024-01-23 11:03:42,740 INFO    HandlerThread:164132 [handler.py:handle_request_defer():170] handle defer: 1
2024-01-23 11:03:42,740 DEBUG   SenderThread:164132 [sender.py:send_request():406] send_request: defer
2024-01-23 11:03:42,740 INFO    SenderThread:164132 [sender.py:send_request_defer():608] handle sender defer: 1
2024-01-23 11:03:42,740 INFO    SenderThread:164132 [sender.py:transition_state():612] send defer: 2
2024-01-23 11:03:42,740 DEBUG   HandlerThread:164132 [handler.py:handle_request():144] handle_request: defer
2024-01-23 11:03:42,740 INFO    HandlerThread:164132 [handler.py:handle_request_defer():170] handle defer: 2
2024-01-23 11:03:42,740 INFO    HandlerThread:164132 [system_monitor.py:finish():190] Stopping system monitor
2024-01-23 11:03:42,740 DEBUG   SystemMonitor:164132 [system_monitor.py:_start():166] Finished system metrics aggregation loop
2024-01-23 11:03:42,741 INFO    HandlerThread:164132 [interfaces.py:finish():202] Joined cpu monitor
2024-01-23 11:03:42,742 DEBUG   SystemMonitor:164132 [system_monitor.py:_start():170] Publishing last batch of metrics
2024-01-23 11:03:42,742 INFO    HandlerThread:164132 [interfaces.py:finish():202] Joined disk monitor
2024-01-23 11:03:42,782 INFO    HandlerThread:164132 [interfaces.py:finish():202] Joined gpu monitor
2024-01-23 11:03:42,782 INFO    HandlerThread:164132 [interfaces.py:finish():202] Joined memory monitor
2024-01-23 11:03:42,782 INFO    HandlerThread:164132 [interfaces.py:finish():202] Joined network monitor
2024-01-23 11:03:42,783 DEBUG   SenderThread:164132 [sender.py:send_request():406] send_request: defer
2024-01-23 11:03:42,783 INFO    SenderThread:164132 [sender.py:send_request_defer():608] handle sender defer: 2
2024-01-23 11:03:42,783 INFO    SenderThread:164132 [sender.py:transition_state():612] send defer: 3
2024-01-23 11:03:42,783 DEBUG   SenderThread:164132 [sender.py:send():379] send: stats
2024-01-23 11:03:42,783 DEBUG   HandlerThread:164132 [handler.py:handle_request():144] handle_request: defer
2024-01-23 11:03:42,785 INFO    HandlerThread:164132 [handler.py:handle_request_defer():170] handle defer: 3
2024-01-23 11:03:42,786 DEBUG   SenderThread:164132 [sender.py:send_request():406] send_request: defer
2024-01-23 11:03:42,786 INFO    SenderThread:164132 [sender.py:send_request_defer():608] handle sender defer: 3
2024-01-23 11:03:42,786 INFO    SenderThread:164132 [sender.py:transition_state():612] send defer: 4
2024-01-23 11:03:42,786 DEBUG   HandlerThread:164132 [handler.py:handle_request():144] handle_request: defer
2024-01-23 11:03:42,786 INFO    HandlerThread:164132 [handler.py:handle_request_defer():170] handle defer: 4
2024-01-23 11:03:42,786 DEBUG   SenderThread:164132 [sender.py:send_request():406] send_request: defer
2024-01-23 11:03:42,786 INFO    SenderThread:164132 [sender.py:send_request_defer():608] handle sender defer: 4
2024-01-23 11:03:42,786 INFO    SenderThread:164132 [sender.py:transition_state():612] send defer: 5
2024-01-23 11:03:42,787 DEBUG   HandlerThread:164132 [handler.py:handle_request():144] handle_request: defer
2024-01-23 11:03:42,787 INFO    HandlerThread:164132 [handler.py:handle_request_defer():170] handle defer: 5
2024-01-23 11:03:42,787 DEBUG   SenderThread:164132 [sender.py:send():379] send: summary
2024-01-23 11:03:42,788 INFO    SenderThread:164132 [sender.py:_save_file():1375] saving file wandb-summary.json with policy end
2024-01-23 11:03:42,788 DEBUG   SenderThread:164132 [sender.py:send_request():406] send_request: defer
2024-01-23 11:03:42,788 INFO    SenderThread:164132 [sender.py:send_request_defer():608] handle sender defer: 5
2024-01-23 11:03:42,788 INFO    SenderThread:164132 [sender.py:transition_state():612] send defer: 6
2024-01-23 11:03:42,788 DEBUG   HandlerThread:164132 [handler.py:handle_request():144] handle_request: defer
2024-01-23 11:03:42,789 INFO    HandlerThread:164132 [handler.py:handle_request_defer():170] handle defer: 6
2024-01-23 11:03:42,789 DEBUG   SenderThread:164132 [sender.py:send_request():406] send_request: defer
2024-01-23 11:03:42,789 INFO    SenderThread:164132 [sender.py:send_request_defer():608] handle sender defer: 6
2024-01-23 11:03:42,794 DEBUG   HandlerThread:164132 [handler.py:handle_request():144] handle_request: status_report
2024-01-23 11:03:43,056 INFO    SenderThread:164132 [sender.py:transition_state():612] send defer: 7
2024-01-23 11:03:43,056 DEBUG   HandlerThread:164132 [handler.py:handle_request():144] handle_request: defer
2024-01-23 11:03:43,057 INFO    HandlerThread:164132 [handler.py:handle_request_defer():170] handle defer: 7
2024-01-23 11:03:43,057 DEBUG   SenderThread:164132 [sender.py:send_request():406] send_request: defer
2024-01-23 11:03:43,057 INFO    SenderThread:164132 [sender.py:send_request_defer():608] handle sender defer: 7
2024-01-23 11:03:43,722 INFO    Thread-12 :164132 [dir_watcher.py:_on_file_modified():288] file/dir modified: /workspace/UPRTH/wandb/run-20240123_105622-e5qlv0yt/files/config.yaml
2024-01-23 11:03:43,722 INFO    Thread-12 :164132 [dir_watcher.py:_on_file_modified():288] file/dir modified: /workspace/UPRTH/wandb/run-20240123_105622-e5qlv0yt/files/wandb-summary.json
2024-01-23 11:03:43,722 INFO    Thread-12 :164132 [dir_watcher.py:_on_file_modified():288] file/dir modified: /workspace/UPRTH/wandb/run-20240123_105622-e5qlv0yt/files/output.log
2024-01-23 11:03:43,737 DEBUG   HandlerThread:164132 [handler.py:handle_request():144] handle_request: poll_exit
2024-01-23 11:03:44,862 INFO    SenderThread:164132 [sender.py:transition_state():612] send defer: 8
2024-01-23 11:03:44,862 DEBUG   SenderThread:164132 [sender.py:send_request():406] send_request: poll_exit
2024-01-23 11:03:44,862 DEBUG   HandlerThread:164132 [handler.py:handle_request():144] handle_request: defer
2024-01-23 11:03:44,863 INFO    HandlerThread:164132 [handler.py:handle_request_defer():170] handle defer: 8
2024-01-23 11:03:44,863 DEBUG   SenderThread:164132 [sender.py:send_request():406] send_request: defer
2024-01-23 11:03:44,863 INFO    SenderThread:164132 [sender.py:send_request_defer():608] handle sender defer: 8
2024-01-23 11:03:44,863 INFO    SenderThread:164132 [job_builder.py:build():281] Attempting to build job artifact
2024-01-23 11:03:44,864 INFO    SenderThread:164132 [job_builder.py:_get_source_type():411] no source found
2024-01-23 11:03:44,864 INFO    SenderThread:164132 [sender.py:transition_state():612] send defer: 9
2024-01-23 11:03:44,864 DEBUG   HandlerThread:164132 [handler.py:handle_request():144] handle_request: defer
2024-01-23 11:03:44,865 INFO    HandlerThread:164132 [handler.py:handle_request_defer():170] handle defer: 9
2024-01-23 11:03:44,865 DEBUG   SenderThread:164132 [sender.py:send_request():406] send_request: defer
2024-01-23 11:03:44,865 INFO    SenderThread:164132 [sender.py:send_request_defer():608] handle sender defer: 9
2024-01-23 11:03:44,865 INFO    SenderThread:164132 [dir_watcher.py:finish():358] shutting down directory watcher
2024-01-23 11:03:45,723 INFO    Thread-12 :164132 [dir_watcher.py:_on_file_modified():288] file/dir modified: /workspace/UPRTH/wandb/run-20240123_105622-e5qlv0yt/files/output.log
2024-01-23 11:03:45,724 INFO    SenderThread:164132 [dir_watcher.py:finish():388] scan: /workspace/UPRTH/wandb/run-20240123_105622-e5qlv0yt/files
2024-01-23 11:03:45,724 INFO    SenderThread:164132 [dir_watcher.py:finish():402] scan save: /workspace/UPRTH/wandb/run-20240123_105622-e5qlv0yt/files/output.log output.log
2024-01-23 11:03:45,724 INFO    SenderThread:164132 [dir_watcher.py:finish():402] scan save: /workspace/UPRTH/wandb/run-20240123_105622-e5qlv0yt/files/wandb-summary.json wandb-summary.json
2024-01-23 11:03:45,724 INFO    SenderThread:164132 [dir_watcher.py:finish():402] scan save: /workspace/UPRTH/wandb/run-20240123_105622-e5qlv0yt/files/requirements.txt requirements.txt
2024-01-23 11:03:45,725 INFO    SenderThread:164132 [dir_watcher.py:finish():402] scan save: /workspace/UPRTH/wandb/run-20240123_105622-e5qlv0yt/files/config.yaml config.yaml
2024-01-23 11:03:45,727 INFO    SenderThread:164132 [dir_watcher.py:finish():402] scan save: /workspace/UPRTH/wandb/run-20240123_105622-e5qlv0yt/files/wandb-metadata.json wandb-metadata.json
2024-01-23 11:03:45,733 INFO    SenderThread:164132 [sender.py:transition_state():612] send defer: 10
2024-01-23 11:03:45,736 DEBUG   HandlerThread:164132 [handler.py:handle_request():144] handle_request: defer
2024-01-23 11:03:45,737 INFO    HandlerThread:164132 [handler.py:handle_request_defer():170] handle defer: 10
2024-01-23 11:03:45,738 DEBUG   SenderThread:164132 [sender.py:send_request():406] send_request: defer
2024-01-23 11:03:45,738 INFO    SenderThread:164132 [sender.py:send_request_defer():608] handle sender defer: 10
2024-01-23 11:03:45,738 INFO    SenderThread:164132 [file_pusher.py:finish():159] shutting down file pusher
2024-01-23 11:03:46,237 ERROR   wandb-upload_2:164132 [internal_api.py:upload_file():2496] upload_file exception https://storage.googleapis.com/wandb-production.appspot.com/zjylab/UPRTH/e5qlv0yt/requirements.txt?Expires=1706094225&GoogleAccessId=gorilla-files-url-signer-man%40wandb-production.iam.gserviceaccount.com&Signature=ah97utcwfnyOxbdkcPT8w0%2F8J5uLlKVIaq3gmX4qbZ5vRiv8tNM8JIYj0aJCQYfI0BmqZVxgwR%2Bj%2BVhi%2FHDArisCv9FXXMA4N9BvDeiyiGyfAU6rSvqps3iryYg%2FnubDF3hGouDYnIu3%2BIG6ZY3O%2Bd6L9up%2B7KpTQMez%2BOEqro0mvML3WVzQ9Z3QjZSZV%2BIT59IypTl20RopYclpUqy1td%2F74c1%2F%2FtDIl3%2BJgLQEsm%2FBOPyN5Sn5xb2NTZ5Y9eF1q9kWs%2F%2FvyfiBkvD2GwVs4gjmpzNQt7SaWcQ3xiN7wn3rgPYKtP6iTtCXhZ3nbisajIsycb%2BC3irbtehujhS6sQ%3D%3D: ('Connection aborted.', ConnectionResetError(104, 'Connection reset by peer'))
2024-01-23 11:03:46,237 ERROR   wandb-upload_2:164132 [internal_api.py:upload_file():2498] upload_file request headers: {'User-Agent': 'python-requests/2.28.1', 'Accept-Encoding': 'gzip, deflate', 'Accept': '*/*', 'Connection': 'keep-alive', 'Content-Length': '2241'}
2024-01-23 11:03:46,237 ERROR   wandb-upload_2:164132 [internal_api.py:upload_file():2500] upload_file response body: 
2024-01-23 11:03:46,636 INFO    wandb-upload_0:164132 [upload_job.py:push():131] Uploaded file /workspace/UPRTH/wandb/run-20240123_105622-e5qlv0yt/files/output.log
2024-01-23 11:03:46,647 ERROR   wandb-upload_3:164132 [internal_api.py:upload_file():2496] upload_file exception https://storage.googleapis.com/wandb-production.appspot.com/zjylab/UPRTH/e5qlv0yt/config.yaml?Expires=1706094226&GoogleAccessId=gorilla-files-url-signer-man%40wandb-production.iam.gserviceaccount.com&Signature=HaMyOUQIaQ6jgZT1yt8Xy0u4RmW1HjUQGXYgmiiC%2BKxAqmmNFf3RzbG3kgxuG37KS8OXX3U4YfzorgpXylM7F7HDcWrkwIIN%2B2Av0veyDOST%2B2GP44%2FweQi8lLVPNwGJ30D9awi9Lf%2F3QOu2bBpHxfPe32t6vyYAAvRJXcHVKJTqA5nln%2Ff5x7IstjfZZpgKFlD5P5hP7cWfHmQnAJB%2BlejTd0QZ8uimt71AT24dYXVV1WNHhPrgFmovV2owo8F5%2FO6%2BBYChHGEruqcQNE9AB9c82ZzLUOZSZ2O%2FUMJtWepxFckkJinaHHl%2FAMlZBFb0JMHWGOo1%2BDzhw6sZTzrWkg%3D%3D: ('Connection aborted.', ConnectionResetError(104, 'Connection reset by peer'))
2024-01-23 11:03:46,647 ERROR   wandb-upload_3:164132 [internal_api.py:upload_file():2498] upload_file request headers: {'User-Agent': 'python-requests/2.28.1', 'Accept-Encoding': 'gzip, deflate', 'Accept': '*/*', 'Connection': 'keep-alive', 'Content-Length': '737'}
2024-01-23 11:03:46,647 ERROR   wandb-upload_3:164132 [internal_api.py:upload_file():2500] upload_file response body: 
2024-01-23 11:03:46,709 ERROR   wandb-upload_1:164132 [internal_api.py:upload_file():2496] upload_file exception https://storage.googleapis.com/wandb-production.appspot.com/zjylab/UPRTH/e5qlv0yt/wandb-summary.json?Expires=1706094226&GoogleAccessId=gorilla-files-url-signer-man%40wandb-production.iam.gserviceaccount.com&Signature=fnmVZheQefVNUunAKVDzTBrUxIWL%2B%2BWB5QuPWksFIImPus%2FkDuTTQmmrnlkOpRUtMlu3YeukRV9Jt0SFvNgzx2DwQb0da8jClMxWxU1QVlH3qIAoxCkTFR4pqZDcJJElG5FXLtTAF3LfmokL3ZS3n1FgxjeBFnfHyZsraykvTYYzy0oYAjsJiLHwpumRmBhWuKQXXPjtM8uCMUqNLZaW7et3ueneToWcHWvSKnm3Xpdg6OeEb4l%2BqSLe0CMBLtGa6X9sS7zqP%2FYPpA4tXL1%2FZ%2Ffawq6NOJAwYI5r667eiil5Q3bl5oi1w7WgtU9b0NgucI9Rv0YtQW%2FFAPQ3ZThhCw%3D%3D: ('Connection aborted.', ConnectionResetError(104, 'Connection reset by peer'))
2024-01-23 11:03:46,709 ERROR   wandb-upload_1:164132 [internal_api.py:upload_file():2498] upload_file request headers: {'User-Agent': 'python-requests/2.28.1', 'Accept-Encoding': 'gzip, deflate', 'Accept': '*/*', 'Connection': 'keep-alive', 'Content-Length': '255'}
2024-01-23 11:03:46,710 ERROR   wandb-upload_1:164132 [internal_api.py:upload_file():2500] upload_file response body: 
2024-01-23 11:03:47,462 ERROR   wandb-upload_2:164132 [internal_api.py:upload_file():2496] upload_file exception https://storage.googleapis.com/wandb-production.appspot.com/zjylab/UPRTH/e5qlv0yt/requirements.txt?Expires=1706094225&GoogleAccessId=gorilla-files-url-signer-man%40wandb-production.iam.gserviceaccount.com&Signature=ah97utcwfnyOxbdkcPT8w0%2F8J5uLlKVIaq3gmX4qbZ5vRiv8tNM8JIYj0aJCQYfI0BmqZVxgwR%2Bj%2BVhi%2FHDArisCv9FXXMA4N9BvDeiyiGyfAU6rSvqps3iryYg%2FnubDF3hGouDYnIu3%2BIG6ZY3O%2Bd6L9up%2B7KpTQMez%2BOEqro0mvML3WVzQ9Z3QjZSZV%2BIT59IypTl20RopYclpUqy1td%2F74c1%2F%2FtDIl3%2BJgLQEsm%2FBOPyN5Sn5xb2NTZ5Y9eF1q9kWs%2F%2FvyfiBkvD2GwVs4gjmpzNQt7SaWcQ3xiN7wn3rgPYKtP6iTtCXhZ3nbisajIsycb%2BC3irbtehujhS6sQ%3D%3D: ('Connection aborted.', ConnectionResetError(104, 'Connection reset by peer'))
2024-01-23 11:03:47,462 ERROR   wandb-upload_2:164132 [internal_api.py:upload_file():2498] upload_file request headers: {'User-Agent': 'python-requests/2.28.1', 'Accept-Encoding': 'gzip, deflate', 'Accept': '*/*', 'Connection': 'keep-alive', 'Content-Length': '2241'}
2024-01-23 11:03:47,462 ERROR   wandb-upload_2:164132 [internal_api.py:upload_file():2500] upload_file response body: 
2024-01-23 11:03:47,849 ERROR   wandb-upload_3:164132 [internal_api.py:upload_file():2496] upload_file exception https://storage.googleapis.com/wandb-production.appspot.com/zjylab/UPRTH/e5qlv0yt/config.yaml?Expires=1706094226&GoogleAccessId=gorilla-files-url-signer-man%40wandb-production.iam.gserviceaccount.com&Signature=HaMyOUQIaQ6jgZT1yt8Xy0u4RmW1HjUQGXYgmiiC%2BKxAqmmNFf3RzbG3kgxuG37KS8OXX3U4YfzorgpXylM7F7HDcWrkwIIN%2B2Av0veyDOST%2B2GP44%2FweQi8lLVPNwGJ30D9awi9Lf%2F3QOu2bBpHxfPe32t6vyYAAvRJXcHVKJTqA5nln%2Ff5x7IstjfZZpgKFlD5P5hP7cWfHmQnAJB%2BlejTd0QZ8uimt71AT24dYXVV1WNHhPrgFmovV2owo8F5%2FO6%2BBYChHGEruqcQNE9AB9c82ZzLUOZSZ2O%2FUMJtWepxFckkJinaHHl%2FAMlZBFb0JMHWGOo1%2BDzhw6sZTzrWkg%3D%3D: ('Connection aborted.', ConnectionResetError(104, 'Connection reset by peer'))
2024-01-23 11:03:47,849 ERROR   wandb-upload_3:164132 [internal_api.py:upload_file():2498] upload_file request headers: {'User-Agent': 'python-requests/2.28.1', 'Accept-Encoding': 'gzip, deflate', 'Accept': '*/*', 'Connection': 'keep-alive', 'Content-Length': '737'}
2024-01-23 11:03:47,849 ERROR   wandb-upload_3:164132 [internal_api.py:upload_file():2500] upload_file response body: 
2024-01-23 11:03:47,849 INFO    wandb-upload_3:164132 [retry.py:__call__():172] Retry attempt failed:
Traceback (most recent call last):
  File "/usr/local/lib/python3.10/dist-packages/urllib3/connectionpool.py", line 703, in urlopen
    httplib_response = self._make_request(
  File "/usr/local/lib/python3.10/dist-packages/urllib3/connectionpool.py", line 386, in _make_request
    self._validate_conn(conn)
  File "/usr/local/lib/python3.10/dist-packages/urllib3/connectionpool.py", line 1042, in _validate_conn
    conn.connect()
  File "/usr/local/lib/python3.10/dist-packages/urllib3/connection.py", line 414, in connect
    self.sock = ssl_wrap_socket(
  File "/usr/local/lib/python3.10/dist-packages/urllib3/util/ssl_.py", line 449, in ssl_wrap_socket
    ssl_sock = _ssl_wrap_socket_impl(
  File "/usr/local/lib/python3.10/dist-packages/urllib3/util/ssl_.py", line 493, in _ssl_wrap_socket_impl
    return ssl_context.wrap_socket(sock, server_hostname=server_hostname)
  File "/usr/lib/python3.10/ssl.py", line 513, in wrap_socket
    return self.sslsocket_class._create(
  File "/usr/lib/python3.10/ssl.py", line 1071, in _create
    self.do_handshake()
  File "/usr/lib/python3.10/ssl.py", line 1342, in do_handshake
    self._sslobj.do_handshake()
ConnectionResetError: [Errno 104] Connection reset by peer

During handling of the above exception, another exception occurred:

Traceback (most recent call last):
  File "/usr/local/lib/python3.10/dist-packages/requests/adapters.py", line 489, in send
    resp = conn.urlopen(
  File "/usr/local/lib/python3.10/dist-packages/urllib3/connectionpool.py", line 787, in urlopen
    retries = retries.increment(
  File "/usr/local/lib/python3.10/dist-packages/urllib3/util/retry.py", line 550, in increment
    raise six.reraise(type(error), error, _stacktrace)
  File "/usr/local/lib/python3.10/dist-packages/urllib3/packages/six.py", line 769, in reraise
    raise value.with_traceback(tb)
  File "/usr/local/lib/python3.10/dist-packages/urllib3/connectionpool.py", line 703, in urlopen
    httplib_response = self._make_request(
  File "/usr/local/lib/python3.10/dist-packages/urllib3/connectionpool.py", line 386, in _make_request
    self._validate_conn(conn)
  File "/usr/local/lib/python3.10/dist-packages/urllib3/connectionpool.py", line 1042, in _validate_conn
    conn.connect()
  File "/usr/local/lib/python3.10/dist-packages/urllib3/connection.py", line 414, in connect
    self.sock = ssl_wrap_socket(
  File "/usr/local/lib/python3.10/dist-packages/urllib3/util/ssl_.py", line 449, in ssl_wrap_socket
    ssl_sock = _ssl_wrap_socket_impl(
  File "/usr/local/lib/python3.10/dist-packages/urllib3/util/ssl_.py", line 493, in _ssl_wrap_socket_impl
    return ssl_context.wrap_socket(sock, server_hostname=server_hostname)
  File "/usr/lib/python3.10/ssl.py", line 513, in wrap_socket
    return self.sslsocket_class._create(
  File "/usr/lib/python3.10/ssl.py", line 1071, in _create
    self.do_handshake()
  File "/usr/lib/python3.10/ssl.py", line 1342, in do_handshake
    self._sslobj.do_handshake()
urllib3.exceptions.ProtocolError: ('Connection aborted.', ConnectionResetError(104, 'Connection reset by peer'))

During handling of the above exception, another exception occurred:

Traceback (most recent call last):
  File "/usr/local/lib/python3.10/dist-packages/wandb/sdk/internal/internal_api.py", line 2491, in upload_file
    response = self._upload_file_session.put(
  File "/usr/local/lib/python3.10/dist-packages/requests/sessions.py", line 647, in put
    return self.request("PUT", url, data=data, **kwargs)
  File "/usr/local/lib/python3.10/dist-packages/requests/sessions.py", line 587, in request
    resp = self.send(prep, **send_kwargs)
  File "/usr/local/lib/python3.10/dist-packages/requests/sessions.py", line 701, in send
    r = adapter.send(request, **kwargs)
  File "/usr/local/lib/python3.10/dist-packages/requests/adapters.py", line 547, in send
    raise ConnectionError(err, request=request)
requests.exceptions.ConnectionError: ('Connection aborted.', ConnectionResetError(104, 'Connection reset by peer'))

During handling of the above exception, another exception occurred:

Traceback (most recent call last):
  File "/usr/local/lib/python3.10/dist-packages/wandb/sdk/lib/retry.py", line 131, in __call__
    result = self._call_fn(*args, **kwargs)
  File "/usr/local/lib/python3.10/dist-packages/wandb/sdk/internal/internal_api.py", line 2520, in upload_file
    raise _e.with_traceback(sys.exc_info()[2])
  File "/usr/local/lib/python3.10/dist-packages/wandb/sdk/internal/internal_api.py", line 2491, in upload_file
    response = self._upload_file_session.put(
  File "/usr/local/lib/python3.10/dist-packages/requests/sessions.py", line 647, in put
    return self.request("PUT", url, data=data, **kwargs)
  File "/usr/local/lib/python3.10/dist-packages/requests/sessions.py", line 587, in request
    resp = self.send(prep, **send_kwargs)
  File "/usr/local/lib/python3.10/dist-packages/requests/sessions.py", line 701, in send
    r = adapter.send(request, **kwargs)
  File "/usr/local/lib/python3.10/dist-packages/requests/adapters.py", line 547, in send
    raise ConnectionError(err, request=request)
wandb.sdk.lib.retry.TransientError: None
2024-01-23 11:03:48,484 INFO    wandb-upload_1:164132 [upload_job.py:push():131] Uploaded file /workspace/UPRTH/wandb/run-20240123_105622-e5qlv0yt/files/wandb-summary.json
2024-01-23 11:03:48,738 DEBUG   HandlerThread:164132 [handler.py:handle_request():144] handle_request: keepalive
2024-01-23 11:03:48,738 DEBUG   HandlerThread:164132 [handler.py:handle_request():144] handle_request: status_report
2024-01-23 11:03:50,070 ERROR   wandb-upload_3:164132 [internal_api.py:upload_file():2496] upload_file exception https://storage.googleapis.com/wandb-production.appspot.com/zjylab/UPRTH/e5qlv0yt/config.yaml?Expires=1706094226&GoogleAccessId=gorilla-files-url-signer-man%40wandb-production.iam.gserviceaccount.com&Signature=HaMyOUQIaQ6jgZT1yt8Xy0u4RmW1HjUQGXYgmiiC%2BKxAqmmNFf3RzbG3kgxuG37KS8OXX3U4YfzorgpXylM7F7HDcWrkwIIN%2B2Av0veyDOST%2B2GP44%2FweQi8lLVPNwGJ30D9awi9Lf%2F3QOu2bBpHxfPe32t6vyYAAvRJXcHVKJTqA5nln%2Ff5x7IstjfZZpgKFlD5P5hP7cWfHmQnAJB%2BlejTd0QZ8uimt71AT24dYXVV1WNHhPrgFmovV2owo8F5%2FO6%2BBYChHGEruqcQNE9AB9c82ZzLUOZSZ2O%2FUMJtWepxFckkJinaHHl%2FAMlZBFb0JMHWGOo1%2BDzhw6sZTzrWkg%3D%3D: ('Connection aborted.', ConnectionResetError(104, 'Connection reset by peer'))
2024-01-23 11:03:50,070 ERROR   wandb-upload_3:164132 [internal_api.py:upload_file():2498] upload_file request headers: {'User-Agent': 'python-requests/2.28.1', 'Accept-Encoding': 'gzip, deflate', 'Accept': '*/*', 'Connection': 'keep-alive', 'Content-Length': '737'}
2024-01-23 11:03:50,070 ERROR   wandb-upload_3:164132 [internal_api.py:upload_file():2500] upload_file response body: 
2024-01-23 11:03:50,159 INFO    wandb-upload_2:164132 [upload_job.py:push():131] Uploaded file /workspace/UPRTH/wandb/run-20240123_105622-e5qlv0yt/files/requirements.txt
2024-01-23 11:03:53,739 DEBUG   HandlerThread:164132 [handler.py:handle_request():144] handle_request: status_report
2024-01-23 11:03:53,740 DEBUG   HandlerThread:164132 [handler.py:handle_request():144] handle_request: keepalive
2024-01-23 11:03:54,594 INFO    wandb-upload_3:164132 [upload_job.py:push():131] Uploaded file /workspace/UPRTH/wandb/run-20240123_105622-e5qlv0yt/files/config.yaml
2024-01-23 11:03:54,795 INFO    Thread-11 (_thread_body):164132 [sender.py:transition_state():612] send defer: 11
2024-01-23 11:03:54,795 DEBUG   HandlerThread:164132 [handler.py:handle_request():144] handle_request: defer
2024-01-23 11:03:54,795 INFO    HandlerThread:164132 [handler.py:handle_request_defer():170] handle defer: 11
2024-01-23 11:03:54,796 DEBUG   SenderThread:164132 [sender.py:send_request():406] send_request: defer
2024-01-23 11:03:54,796 INFO    SenderThread:164132 [sender.py:send_request_defer():608] handle sender defer: 11
2024-01-23 11:03:54,796 INFO    SenderThread:164132 [file_pusher.py:join():164] waiting for file pusher
2024-01-23 11:03:54,796 INFO    SenderThread:164132 [sender.py:transition_state():612] send defer: 12
2024-01-23 11:03:54,797 DEBUG   HandlerThread:164132 [handler.py:handle_request():144] handle_request: defer
2024-01-23 11:03:54,797 INFO    HandlerThread:164132 [handler.py:handle_request_defer():170] handle defer: 12
2024-01-23 11:03:54,797 DEBUG   SenderThread:164132 [sender.py:send_request():406] send_request: defer
2024-01-23 11:03:54,797 INFO    SenderThread:164132 [sender.py:send_request_defer():608] handle sender defer: 12
2024-01-23 11:03:54,797 INFO    SenderThread:164132 [file_stream.py:finish():593] file stream finish called
2024-01-23 11:03:55,595 INFO    SenderThread:164132 [file_stream.py:finish():597] file stream finish is done
2024-01-23 11:03:55,595 INFO    SenderThread:164132 [sender.py:transition_state():612] send defer: 13
2024-01-23 11:03:55,595 DEBUG   HandlerThread:164132 [handler.py:handle_request():144] handle_request: defer
2024-01-23 11:03:55,595 INFO    HandlerThread:164132 [handler.py:handle_request_defer():170] handle defer: 13
2024-01-23 11:03:55,596 DEBUG   SenderThread:164132 [sender.py:send_request():406] send_request: defer
2024-01-23 11:03:55,596 INFO    SenderThread:164132 [sender.py:send_request_defer():608] handle sender defer: 13
2024-01-23 11:03:55,596 INFO    SenderThread:164132 [sender.py:transition_state():612] send defer: 14
2024-01-23 11:03:55,596 DEBUG   HandlerThread:164132 [handler.py:handle_request():144] handle_request: defer
2024-01-23 11:03:55,596 INFO    HandlerThread:164132 [handler.py:handle_request_defer():170] handle defer: 14
2024-01-23 11:03:55,596 DEBUG   SenderThread:164132 [sender.py:send():379] send: final
2024-01-23 11:03:55,596 DEBUG   SenderThread:164132 [sender.py:send():379] send: footer
2024-01-23 11:03:55,596 DEBUG   SenderThread:164132 [sender.py:send_request():406] send_request: defer
2024-01-23 11:03:55,596 INFO    SenderThread:164132 [sender.py:send_request_defer():608] handle sender defer: 14
2024-01-23 11:03:55,597 DEBUG   HandlerThread:164132 [handler.py:handle_request():144] handle_request: poll_exit
2024-01-23 11:03:55,597 DEBUG   HandlerThread:164132 [handler.py:handle_request():144] handle_request: server_info
2024-01-23 11:03:55,597 DEBUG   SenderThread:164132 [sender.py:send_request():406] send_request: poll_exit
2024-01-23 11:03:55,597 DEBUG   HandlerThread:164132 [handler.py:handle_request():144] handle_request: get_summary
2024-01-23 11:03:55,598 DEBUG   SenderThread:164132 [sender.py:send_request():406] send_request: server_info
2024-01-23 11:03:55,598 DEBUG   HandlerThread:164132 [handler.py:handle_request():144] handle_request: sampled_history
2024-01-23 11:03:55,600 DEBUG   HandlerThread:164132 [handler.py:handle_request():144] handle_request: job_info
2024-01-23 11:03:55,819 DEBUG   SenderThread:164132 [sender.py:send_request():406] send_request: job_info
2024-01-23 11:03:55,820 DEBUG   HandlerThread:164132 [handler.py:handle_request():144] handle_request: shutdown
2024-01-23 11:03:55,820 INFO    HandlerThread:164132 [handler.py:finish():861] shutting down handler
2024-01-23 11:03:56,601 INFO    WriterThread:164132 [datastore.py:close():294] close: /workspace/UPRTH/wandb/run-20240123_105622-e5qlv0yt/run-e5qlv0yt.wandb
2024-01-23 11:03:56,819 INFO    SenderThread:164132 [sender.py:finish():1552] shutting down sender
2024-01-23 11:03:56,820 INFO    SenderThread:164132 [file_pusher.py:finish():159] shutting down file pusher
2024-01-23 11:03:56,820 INFO    SenderThread:164132 [file_pusher.py:join():164] waiting for file pusher
