2024-01-22 09:25:34 ERROR Traceback (most recent call last):
  File "/usr/local/lib/python3.10/dist-packages/wandb/apis/normalize.py", line 41, in wrapper
    return func(*args, **kwargs)
  File "/usr/local/lib/python3.10/dist-packages/wandb/sdk/internal/internal_api.py", line 968, in sweep
    raise ValueError(f"Sweep {entity}/{project}/{sweep} not found")
ValueError: Sweep zjylab/UPRTH/1seclqg not found

During handling of the above exception, another exception occurred:

Traceback (most recent call last):
  File "/usr/local/lib/python3.10/dist-packages/wandb/cli/cli.py", line 102, in wrapper
    return func(*args, **kwargs)
  File "/usr/local/lib/python3.10/dist-packages/wandb/cli/cli.py", line 1483, in agent
    wandb_agent.agent(sweep_id, entity=entity, project=project, count=count)
  File "/usr/local/lib/python3.10/dist-packages/wandb/wandb_agent.py", line 583, in agent
    return run_agent(
  File "/usr/local/lib/python3.10/dist-packages/wandb/wandb_agent.py", line 528, in run_agent
    agent.run()
  File "/usr/local/lib/python3.10/dist-packages/wandb/wandb_agent.py", line 190, in run
    sweep_obj = self._api.sweep(self._sweep_id, "{}")
  File "/usr/local/lib/python3.10/dist-packages/wandb/apis/internal.py", line 126, in sweep
    return self.api.sweep(*args, **kwargs)
  File "/usr/local/lib/python3.10/dist-packages/wandb/apis/normalize.py", line 87, in wrapper
    raise CommError(message, err).with_traceback(sys.exc_info()[2])
  File "/usr/local/lib/python3.10/dist-packages/wandb/apis/normalize.py", line 41, in wrapper
    return func(*args, **kwargs)
  File "/usr/local/lib/python3.10/dist-packages/wandb/sdk/internal/internal_api.py", line 968, in sweep
    raise ValueError(f"Sweep {entity}/{project}/{sweep} not found")
wandb.errors.CommError: Sweep zjylab/UPRTH/1seclqg not found

2024-01-22 09:25:57 INFO Running runs: []
2024-01-22 09:25:57 INFO Agent received command: run
2024-01-22 09:25:57 INFO Agent starting run with config:
	beta_pool: 0.5673808906527488
	hgcn_mix1: 10
	hgcn_mix2: 0.001
	lr: 0.005
	pre_lr: 0.01
	regs1: 0.8
2024-01-22 09:25:57 INFO About to run command: /usr/bin/env python sweep.py --beta_pool=0.5673808906527488 --hgcn_mix1=10 --hgcn_mix2=0.001 --lr=0.005 --pre_lr=0.01 --regs1=0.8
2024-01-22 09:26:02 INFO Running runs: ['gw9tk1ej']
2024-01-22 09:26:02 INFO Cleaning up finished run: gw9tk1ej
2024-01-22 09:26:02 INFO Agent received command: run
2024-01-22 09:26:02 INFO Agent starting run with config:
	beta_pool: 0.7781091798257844
	hgcn_mix1: 10
	hgcn_mix2: 0.001
	lr: 0.005
	pre_lr: 0.005
	regs1: 0.8
2024-01-22 09:26:02 INFO About to run command: /usr/bin/env python sweep.py --beta_pool=0.7781091798257844 --hgcn_mix1=10 --hgcn_mix2=0.001 --lr=0.005 --pre_lr=0.005 --regs1=0.8
2024-01-22 09:28:51 ERROR Traceback (most recent call last):
  File "/usr/local/lib/python3.10/dist-packages/wandb/apis/normalize.py", line 41, in wrapper
    return func(*args, **kwargs)
  File "/usr/local/lib/python3.10/dist-packages/wandb/sdk/internal/internal_api.py", line 968, in sweep
    raise ValueError(f"Sweep {entity}/{project}/{sweep} not found")
ValueError: Sweep zjylab/UPRTH/1seclqg not found

During handling of the above exception, another exception occurred:

Traceback (most recent call last):
  File "/usr/local/lib/python3.10/dist-packages/wandb/cli/cli.py", line 102, in wrapper
    return func(*args, **kwargs)
  File "/usr/local/lib/python3.10/dist-packages/wandb/cli/cli.py", line 1483, in agent
    wandb_agent.agent(sweep_id, entity=entity, project=project, count=count)
  File "/usr/local/lib/python3.10/dist-packages/wandb/wandb_agent.py", line 583, in agent
    return run_agent(
  File "/usr/local/lib/python3.10/dist-packages/wandb/wandb_agent.py", line 528, in run_agent
    agent.run()
  File "/usr/local/lib/python3.10/dist-packages/wandb/wandb_agent.py", line 190, in run
    sweep_obj = self._api.sweep(self._sweep_id, "{}")
  File "/usr/local/lib/python3.10/dist-packages/wandb/apis/internal.py", line 126, in sweep
    return self.api.sweep(*args, **kwargs)
  File "/usr/local/lib/python3.10/dist-packages/wandb/apis/normalize.py", line 87, in wrapper
    raise CommError(message, err).with_traceback(sys.exc_info()[2])
  File "/usr/local/lib/python3.10/dist-packages/wandb/apis/normalize.py", line 41, in wrapper
    return func(*args, **kwargs)
  File "/usr/local/lib/python3.10/dist-packages/wandb/sdk/internal/internal_api.py", line 968, in sweep
    raise ValueError(f"Sweep {entity}/{project}/{sweep} not found")
wandb.errors.CommError: Sweep zjylab/UPRTH/1seclqg not found

2024-01-22 09:29:03 INFO Running runs: []
2024-01-22 09:29:04 INFO Agent received command: run
2024-01-22 09:29:04 INFO Agent starting run with config:
	beta_pool: 0.41319182372470825
	hgcn_mix1: 10
	hgcn_mix2: 1
	lr: 0.005
	pre_lr: 0.001
	regs1: 0.7
2024-01-22 09:29:04 INFO About to run command: /usr/bin/env python sweep.py --beta_pool=0.41319182372470825 --hgcn_mix1=10 --hgcn_mix2=1 --lr=0.005 --pre_lr=0.001 --regs1=0.7
2024-01-22 09:29:09 INFO Running runs: ['fyyp99rb']
2024-01-22 09:29:09 INFO Cleaning up finished run: fyyp99rb
2024-01-22 09:29:09 INFO Agent received command: run
2024-01-22 09:29:09 INFO Agent starting run with config:
	beta_pool: 0.3270802401953192
	hgcn_mix1: 5
	hgcn_mix2: 0.001
	lr: 0.01
	pre_lr: 0.05
	regs1: 0.9
2024-01-22 09:29:09 INFO About to run command: /usr/bin/env python sweep.py --beta_pool=0.3270802401953192 --hgcn_mix1=5 --hgcn_mix2=0.001 --lr=0.01 --pre_lr=0.05 --regs1=0.9
2024-01-22 09:45:40 INFO Running runs: []
2024-01-22 09:45:45 INFO Agent received command: run
2024-01-22 09:45:45 INFO Agent starting run with config:
	beta_pool: 0.7095020577515001
	hgcn_mix1: 10
	hgcn_mix2: 0.01
	lr: 0.001
	pre_lr: 0.5
	regs1: 0.4
2024-01-22 09:45:45 INFO About to run command: /usr/bin/env python sweep.py --beta_pool=0.7095020577515001 --hgcn_mix1=10 --hgcn_mix2=0.01 --lr=0.001 --pre_lr=0.5 --regs1=0.4
2024-01-22 09:45:50 INFO Running runs: ['82g6f40s']
2024-01-22 09:45:50 INFO Cleaning up finished run: 82g6f40s
2024-01-22 09:45:51 INFO Agent received command: run
2024-01-22 09:45:51 INFO Agent starting run with config:
	beta_pool: 0.5473886789304288
	hgcn_mix1: 5
	hgcn_mix2: 0.01
	lr: 0.1
	pre_lr: 0.5
	regs1: 0.4
2024-01-22 09:45:51 INFO About to run command: /usr/bin/env python sweep.py --beta_pool=0.5473886789304288 --hgcn_mix1=5 --hgcn_mix2=0.01 --lr=0.1 --pre_lr=0.5 --regs1=0.4
2024-01-22 09:46:23 INFO Running runs: []
2024-01-22 09:46:24 INFO Agent received command: run
2024-01-22 09:46:24 INFO Agent starting run with config:
	beta_pool: 0.02036434054778616
	hgcn_mix1: 5
	hgcn_mix2: 0.001
	lr: 0.5
	pre_lr: 0.005
	regs: [0.4, 1e-7]
2024-01-22 09:46:24 INFO About to run command: /usr/bin/env python sweep.py --beta_pool=0.02036434054778616 --hgcn_mix1=5 --hgcn_mix2=0.001 --lr=0.5 --pre_lr=0.005 "--regs=[0.4, 1e-7]"
2024-01-22 09:46:29 INFO Running runs: ['cytb6nlv']
2024-01-22 09:46:29 INFO Cleaning up finished run: cytb6nlv
2024-01-22 09:46:29 INFO Agent received command: run
2024-01-22 09:46:29 INFO Agent starting run with config:
	beta_pool: 0.8842657434379952
	hgcn_mix1: 2
	hgcn_mix2: 0.01
	lr: 0.01
	pre_lr: 0.5
	regs: [0.6, 1e-7]
2024-01-22 09:46:29 INFO About to run command: /usr/bin/env python sweep.py --beta_pool=0.8842657434379952 --hgcn_mix1=2 --hgcn_mix2=0.01 --lr=0.01 --pre_lr=0.5 "--regs=[0.6, 1e-7]"
2024-01-22 09:46:34 INFO Running runs: ['e97fivqj']
2024-01-22 09:46:34 INFO Cleaning up finished run: e97fivqj
2024-01-22 09:46:35 INFO Agent received command: run
2024-01-22 09:46:35 INFO Agent starting run with config:
	beta_pool: 0.718885101728976
	hgcn_mix1: 10
	hgcn_mix2: 0.1
	lr: 0.005
	pre_lr: 0.01
	regs: [0.2, 1e-7]
2024-01-22 09:46:35 INFO About to run command: /usr/bin/env python sweep.py --beta_pool=0.718885101728976 --hgcn_mix1=10 --hgcn_mix2=0.1 --lr=0.005 --pre_lr=0.01 "--regs=[0.2, 1e-7]"
2024-01-22 09:46:40 INFO Running runs: ['vyt7ydnk']
2024-01-22 09:46:40 INFO Cleaning up finished run: vyt7ydnk
2024-01-22 09:46:40 INFO Agent received command: run
2024-01-22 09:46:40 INFO Agent starting run with config:
	beta_pool: 0.7410378963734807
	hgcn_mix1: 5
	hgcn_mix2: 0.01
	lr: 0.01
	pre_lr: 0.001
	regs: [0.6, 1e-7]
2024-01-22 09:46:40 INFO About to run command: /usr/bin/env python sweep.py --beta_pool=0.7410378963734807 --hgcn_mix1=5 --hgcn_mix2=0.01 --lr=0.01 --pre_lr=0.001 "--regs=[0.6, 1e-7]"
2024-01-22 09:46:45 INFO Running runs: ['pcjawfoa']
2024-01-22 09:46:45 INFO Cleaning up finished run: pcjawfoa
2024-01-22 09:46:45 INFO Agent received command: run
2024-01-22 09:46:45 INFO Agent starting run with config:
	beta_pool: 0.9453985524006372
	hgcn_mix1: 1
	hgcn_mix2: 0.1
	lr: 0.05
	pre_lr: 0.5
	regs: [0.1, 1e-7]
2024-01-22 09:46:45 INFO About to run command: /usr/bin/env python sweep.py --beta_pool=0.9453985524006372 --hgcn_mix1=1 --hgcn_mix2=0.1 --lr=0.05 --pre_lr=0.5 "--regs=[0.1, 1e-7]"
2024-01-22 09:51:34 INFO Running runs: []
2024-01-22 09:51:34 INFO Agent received command: run
2024-01-22 09:51:34 INFO Agent starting run with config:
	beta_pool: 0.34073387190307103
	hgcn_mix1: 8
	hgcn_mix2: 0.001
	lr: 0.1
	pre_lr: 0.5
	regs1: 0.9
2024-01-22 09:51:34 INFO About to run command: /usr/bin/env python sweep.py --beta_pool=0.34073387190307103 --hgcn_mix1=8 --hgcn_mix2=0.001 --lr=0.1 --pre_lr=0.5 --regs1=0.9
2024-01-22 09:51:39 INFO Running runs: ['poaaa8y1']
2024-01-22 09:51:39 INFO Cleaning up finished run: poaaa8y1
2024-01-22 09:51:40 INFO Agent received command: run
2024-01-22 09:51:40 INFO Agent starting run with config:
	beta_pool: 0.3520127365277044
	hgcn_mix1: 2
	hgcn_mix2: 0.001
	lr: 0.001
	pre_lr: 0.1
	regs1: 0.2
2024-01-22 09:51:40 INFO About to run command: /usr/bin/env python sweep.py --beta_pool=0.3520127365277044 --hgcn_mix1=2 --hgcn_mix2=0.001 --lr=0.001 --pre_lr=0.1 --regs1=0.2
2024-01-22 09:52:36 INFO Running runs: []
2024-01-22 09:52:37 INFO Agent received command: run
2024-01-22 09:52:37 INFO Agent starting run with config:
	beta_pool: 0.015637988439882084
	hgcn_mix1: 2
	hgcn_mix2: 0.1
	lr: 0.1
	pre_lr: 0.005
	regs1: 0.8
2024-01-22 09:52:37 INFO About to run command: /usr/bin/env python sweep.py --beta_pool=0.015637988439882084 --hgcn_mix1=2 --hgcn_mix2=0.1 --lr=0.1 --pre_lr=0.005 --regs1=0.8
2024-01-22 09:52:42 INFO Running runs: ['lisjs96o']
2024-01-22 09:55:28 INFO Running runs: []
2024-01-22 09:55:28 INFO Agent received command: run
2024-01-22 09:55:28 INFO Agent starting run with config:
	beta_pool: 0.11102647727770168
	hgcn_mix1: 1
	hgcn_mix2: 0.001
	lr: 0.1
	pre_lr: 0.005
	random_seed: 1
	regs1: 0.3
2024-01-22 09:55:28 INFO About to run command: /usr/bin/env python sweep.py --beta_pool=0.11102647727770168 --hgcn_mix1=1 --hgcn_mix2=0.001 --lr=0.1 --pre_lr=0.005 --random_seed=1 --regs1=0.3
2024-01-22 09:55:33 INFO Running runs: ['3abtbzji']
2024-01-22 10:06:26 INFO Running runs: []
2024-01-22 10:06:26 INFO Agent received command: run
2024-01-22 10:06:26 INFO Agent starting run with config:
	beta_pool: 0.20306775846353145
	hgcn_mix1: 8
	hgcn_mix2: 0.01
	lr: 0.01
	pre_lr: 0.5
	random_seed: 1
	regs1: 0.8
2024-01-22 10:06:26 INFO About to run command: /usr/bin/env python sweep.py --beta_pool=0.20306775846353145 --hgcn_mix1=8 --hgcn_mix2=0.01 --lr=0.01 --pre_lr=0.5 --random_seed=1 --regs1=0.8
2024-01-22 10:06:31 INFO Running runs: ['mbylzm1q']
2024-01-22 10:11:38 INFO Cleaning up finished run: mbylzm1q
2024-01-22 10:11:48 INFO Agent received command: run
2024-01-22 10:11:48 INFO Agent starting run with config:
	beta_pool: 0.5945818937135712
	hgcn_mix1: 10
	hgcn_mix2: 0.01
	lr: 0.05
	pre_lr: 0.001
	random_seed: 1
	regs1: 0.3
2024-01-22 10:11:48 INFO About to run command: /usr/bin/env python sweep.py --beta_pool=0.5945818937135712 --hgcn_mix1=10 --hgcn_mix2=0.01 --lr=0.05 --pre_lr=0.001 --random_seed=1 --regs1=0.3
2024-01-22 10:11:54 INFO Running runs: ['9o9trf8x']
2024-01-22 12:06:52 INFO Cleaning up finished run: 9o9trf8x
2024-01-22 12:06:53 INFO Agent received command: run
2024-01-22 12:06:53 INFO Agent starting run with config:
	beta_pool: 0.10783887623343338
	hgcn_mix1: 10
	hgcn_mix2: 0.001
	lr: 0.01
	pre_lr: 0.001
	random_seed: 1
	regs1: 0.7
2024-01-22 12:06:53 INFO About to run command: /usr/bin/env python sweep.py --beta_pool=0.10783887623343338 --hgcn_mix1=10 --hgcn_mix2=0.001 --lr=0.01 --pre_lr=0.001 --random_seed=1 --regs1=0.7
2024-01-22 12:06:58 INFO Running runs: ['isvdkcn4']
2024-01-22 13:08:20 INFO Running runs: []
2024-01-22 13:08:20 INFO Agent received command: run
2024-01-22 13:08:20 INFO Agent starting run with config:
	beta_pool: 0.3276908725980811
	hgcn_mix1: 2
	hgcn_mix2: 1
	lr: 0.01
	pre_lr: 0.05
	random_seed: 1
	regs1: 0.3
2024-01-22 13:08:20 INFO About to run command: /usr/bin/env python sweep.py --beta_pool=0.3276908725980811 --hgcn_mix1=2 --hgcn_mix2=1 --lr=0.01 --pre_lr=0.05 --random_seed=1 --regs1=0.3
2024-01-22 13:08:25 INFO Running runs: ['ki3kk98j']
2024-01-22 13:18:17 INFO Cleaning up finished run: ki3kk98j
2024-01-22 13:18:32 INFO Agent received command: run
2024-01-22 13:18:32 INFO Agent starting run with config:
	beta_pool: 0.4950491397102799
	hgcn_mix1: 8
	hgcn_mix2: 1
	lr: 0.01
	pre_lr: 0.1
	random_seed: 1
	regs1: 0.7
2024-01-22 13:18:32 INFO About to run command: /usr/bin/env python sweep.py --beta_pool=0.4950491397102799 --hgcn_mix1=8 --hgcn_mix2=1 --lr=0.01 --pre_lr=0.1 --random_seed=1 --regs1=0.7
2024-01-22 13:18:37 INFO Running runs: ['z4ygla8k']
2024-01-22 13:24:57 INFO Cleaning up finished run: z4ygla8k
2024-01-22 13:24:57 INFO Agent received command: run
2024-01-22 13:24:57 INFO Agent starting run with config:
	beta_pool: 0.4539269090717191
	hgcn_mix1: 1
	hgcn_mix2: 0.001
	lr: 0.005
	pre_lr: 0.005
	random_seed: 1
	regs1: 0.5
2024-01-22 13:24:57 INFO About to run command: /usr/bin/env python sweep.py --beta_pool=0.4539269090717191 --hgcn_mix1=1 --hgcn_mix2=0.001 --lr=0.005 --pre_lr=0.005 --random_seed=1 --regs1=0.5
2024-01-22 13:25:02 INFO Running runs: ['qw5fnod8']
2024-01-22 13:40:07 INFO Cleaning up finished run: isvdkcn4
2024-01-22 13:40:07 INFO Agent received command: run
2024-01-22 13:40:07 INFO Agent starting run with config:
	beta_pool: 0.14549168216187913
	hgcn_mix1: 8
	hgcn_mix2: 0.001
	lr: 0.1
	pre_lr: 0.01
	random_seed: 1
	regs1: 0.4
2024-01-22 13:40:07 INFO About to run command: /usr/bin/env python sweep.py --beta_pool=0.14549168216187913 --hgcn_mix1=8 --hgcn_mix2=0.001 --lr=0.1 --pre_lr=0.01 --random_seed=1 --regs1=0.4
2024-01-22 13:40:12 INFO Running runs: ['n4tfk77z']
2024-01-22 14:06:24 INFO Cleaning up finished run: n4tfk77z
2024-01-22 14:06:25 INFO Agent received command: run
2024-01-22 14:06:25 INFO Agent starting run with config:
	beta_pool: 0.15577621084250873
	hgcn_mix1: 1
	hgcn_mix2: 0.001
	lr: 0.1
	pre_lr: 0.05
	random_seed: 1
	regs1: 0.9
2024-01-22 14:06:25 INFO About to run command: /usr/bin/env python sweep.py --beta_pool=0.15577621084250873 --hgcn_mix1=1 --hgcn_mix2=0.001 --lr=0.1 --pre_lr=0.05 --random_seed=1 --regs1=0.9
2024-01-22 14:06:30 INFO Running runs: ['35gg96tb']
2024-01-22 14:15:26 ERROR Detected 5 failed runs in a row, shutting down.
2024-01-22 14:15:26 INFO To change this value set WANDB_AGENT_MAX_INITIAL_FAILURES=val
2024-01-22 14:25:47 INFO Cleaning up finished run: qw5fnod8
2024-01-22 14:25:48 INFO Agent received command: run
2024-01-22 14:25:48 INFO Agent starting run with config:
	beta_pool: 0.5129350235930994
	hgcn_mix1: 1
	hgcn_mix2: 0.01
	lr: 0.1
	pre_lr: 0.01
	random_seed: 1
	regs1: 0.4
2024-01-22 14:25:48 INFO About to run command: /usr/bin/env python sweep.py --beta_pool=0.5129350235930994 --hgcn_mix1=1 --hgcn_mix2=0.01 --lr=0.1 --pre_lr=0.01 --random_seed=1 --regs1=0.4
2024-01-22 14:25:53 INFO Running runs: ['qpba432n']
2024-01-22 14:55:37 INFO Cleaning up finished run: qpba432n
2024-01-22 14:55:37 INFO Agent received command: run
2024-01-22 14:55:37 INFO Agent starting run with config:
	beta_pool: 0.4883205842550787
	hgcn_mix1: 5
	hgcn_mix2: 1
	lr: 0.05
	pre_lr: 0.1
	random_seed: 1
	regs1: 0.6
2024-01-22 14:55:37 INFO About to run command: /usr/bin/env python sweep.py --beta_pool=0.4883205842550787 --hgcn_mix1=5 --hgcn_mix2=1 --lr=0.05 --pre_lr=0.1 --random_seed=1 --regs1=0.6
2024-01-22 14:55:42 INFO Running runs: ['7m5km3al']
2024-01-22 15:01:42 INFO Cleaning up finished run: 7m5km3al
2024-01-22 15:01:42 INFO Agent received command: run
2024-01-22 15:01:42 INFO Agent starting run with config:
	beta_pool: 0.4008413303307674
	hgcn_mix1: 5
	hgcn_mix2: 0.01
	lr: 0.005
	pre_lr: 0.01
	random_seed: 1
	regs1: 0.9
2024-01-22 15:01:42 INFO About to run command: /usr/bin/env python sweep.py --beta_pool=0.4008413303307674 --hgcn_mix1=5 --hgcn_mix2=0.01 --lr=0.005 --pre_lr=0.01 --random_seed=1 --regs1=0.9
2024-01-22 15:01:47 INFO Running runs: ['73u2bklg']
2024-01-22 15:32:36 INFO Cleaning up finished run: 73u2bklg
2024-01-22 15:32:36 INFO Agent received command: run
2024-01-22 15:32:36 INFO Agent starting run with config:
	beta_pool: 0.23574123387933643
	hgcn_mix1: 5
	hgcn_mix2: 0.1
	lr: 0.01
	pre_lr: 0.05
	random_seed: 1
	regs1: 0.4
2024-01-22 15:32:36 INFO About to run command: /usr/bin/env python sweep.py --beta_pool=0.23574123387933643 --hgcn_mix1=5 --hgcn_mix2=0.1 --lr=0.01 --pre_lr=0.05 --random_seed=1 --regs1=0.4
2024-01-22 15:32:41 INFO Running runs: ['zv1ky263']
2024-01-22 15:42:35 INFO Cleaning up finished run: zv1ky263
2024-01-22 15:42:36 INFO Agent received command: run
2024-01-22 15:42:36 INFO Agent starting run with config:
	beta_pool: 0.4469627278777306
	hgcn_mix1: 1
	hgcn_mix2: 0.01
	lr: 0.01
	pre_lr: 0.01
	random_seed: 1
	regs1: 0.4
2024-01-22 15:42:36 INFO About to run command: /usr/bin/env python sweep.py --beta_pool=0.4469627278777306 --hgcn_mix1=1 --hgcn_mix2=0.01 --lr=0.01 --pre_lr=0.01 --random_seed=1 --regs1=0.4
2024-01-22 15:42:41 INFO Running runs: ['vh5r98qi']
2024-01-22 16:14:32 INFO Cleaning up finished run: vh5r98qi
2024-01-22 16:14:32 INFO Agent received command: run
2024-01-22 16:14:32 INFO Agent starting run with config:
	beta_pool: 0.36945752192232406
	hgcn_mix1: 2
	hgcn_mix2: 0.001
	lr: 0.05
	pre_lr: 0.001
	random_seed: 1
	regs1: 0.6
2024-01-22 16:14:32 INFO About to run command: /usr/bin/env python sweep.py --beta_pool=0.36945752192232406 --hgcn_mix1=2 --hgcn_mix2=0.001 --lr=0.05 --pre_lr=0.001 --random_seed=1 --regs1=0.6
2024-01-22 16:14:37 INFO Running runs: ['uvnxgcqs']
2024-01-22 18:11:57 INFO Cleaning up finished run: uvnxgcqs
2024-01-22 18:11:58 INFO Agent received command: run
2024-01-22 18:11:58 INFO Agent starting run with config:
	beta_pool: 0.5498660092042867
	hgcn_mix1: 2
	hgcn_mix2: 0.1
	lr: 0.005
	pre_lr: 0.001
	random_seed: 1
	regs1: 0.9
2024-01-22 18:11:58 INFO About to run command: /usr/bin/env python sweep.py --beta_pool=0.5498660092042867 --hgcn_mix1=2 --hgcn_mix2=0.1 --lr=0.005 --pre_lr=0.001 --random_seed=1 --regs1=0.9
2024-01-22 18:12:03 INFO Running runs: ['xpjwghk1']
2024-01-22 19:56:46 INFO Cleaning up finished run: xpjwghk1
2024-01-22 19:56:46 INFO Agent received command: run
2024-01-22 19:56:46 INFO Agent starting run with config:
	beta_pool: 0.48334514363485614
	hgcn_mix1: 1
	hgcn_mix2: 0.1
	lr: 0.05
	pre_lr: 0.01
	random_seed: 1
	regs1: 0.6
2024-01-22 19:56:46 INFO About to run command: /usr/bin/env python sweep.py --beta_pool=0.48334514363485614 --hgcn_mix1=1 --hgcn_mix2=0.1 --lr=0.05 --pre_lr=0.01 --random_seed=1 --regs1=0.6
2024-01-22 19:56:51 INFO Running runs: ['xerpmqfu']
2024-01-22 20:35:46 INFO Cleaning up finished run: xerpmqfu
2024-01-22 20:35:46 INFO Agent received command: run
2024-01-22 20:35:46 INFO Agent starting run with config:
	beta_pool: 0.3414894222294652
	hgcn_mix1: 1
	hgcn_mix2: 1
	lr: 0.05
	pre_lr: 0.05
	random_seed: 1
	regs1: 0.9
2024-01-22 20:35:46 INFO About to run command: /usr/bin/env python sweep.py --beta_pool=0.3414894222294652 --hgcn_mix1=1 --hgcn_mix2=1 --lr=0.05 --pre_lr=0.05 --random_seed=1 --regs1=0.9
2024-01-22 20:35:51 INFO Running runs: ['tdru0b48']
2024-01-22 20:45:47 INFO Cleaning up finished run: tdru0b48
2024-01-22 20:45:48 INFO Agent received command: run
2024-01-22 20:45:48 INFO Agent starting run with config:
	beta_pool: 0.5216287967002722
	hgcn_mix1: 10
	hgcn_mix2: 0.001
	lr: 0.1
	pre_lr: 0.1
	random_seed: 1
	regs1: 0.7
2024-01-22 20:45:48 INFO About to run command: /usr/bin/env python sweep.py --beta_pool=0.5216287967002722 --hgcn_mix1=10 --hgcn_mix2=0.001 --lr=0.1 --pre_lr=0.1 --random_seed=1 --regs1=0.7
2024-01-22 20:45:53 INFO Running runs: ['lnt9lto2']
2024-01-22 20:51:08 INFO Cleaning up finished run: lnt9lto2
2024-01-22 20:51:09 INFO Agent received command: run
2024-01-22 20:51:09 INFO Agent starting run with config:
	beta_pool: 0.40867912978974535
	hgcn_mix1: 5
	hgcn_mix2: 0.1
	lr: 0.005
	pre_lr: 0.005
	random_seed: 1
	regs1: 0.6
2024-01-22 20:51:09 INFO About to run command: /usr/bin/env python sweep.py --beta_pool=0.40867912978974535 --hgcn_mix1=5 --hgcn_mix2=0.1 --lr=0.005 --pre_lr=0.005 --random_seed=1 --regs1=0.6
2024-01-22 20:51:14 INFO Running runs: ['w02tpu7a']
2024-01-22 21:37:05 INFO Cleaning up finished run: w02tpu7a
2024-01-22 21:37:05 INFO Agent received command: run
2024-01-22 21:37:05 INFO Agent starting run with config:
	beta_pool: 0.47810608727875575
	hgcn_mix1: 1
	hgcn_mix2: 1
	lr: 0.01
	pre_lr: 0.01
	random_seed: 1
	regs1: 0.6
2024-01-22 21:37:05 INFO About to run command: /usr/bin/env python sweep.py --beta_pool=0.47810608727875575 --hgcn_mix1=1 --hgcn_mix2=1 --lr=0.01 --pre_lr=0.01 --random_seed=1 --regs1=0.6
2024-01-22 21:37:10 INFO Running runs: ['wvha6hb1']
2024-01-22 22:11:38 INFO Cleaning up finished run: wvha6hb1
2024-01-22 22:11:38 INFO Agent received command: run
2024-01-22 22:11:38 INFO Agent starting run with config:
	beta_pool: 0.4153648606155058
	hgcn_mix1: 5
	hgcn_mix2: 0.1
	lr: 0.1
	pre_lr: 0.1
	random_seed: 1
	regs1: 0.8
2024-01-22 22:11:38 INFO About to run command: /usr/bin/env python sweep.py --beta_pool=0.4153648606155058 --hgcn_mix1=5 --hgcn_mix2=0.1 --lr=0.1 --pre_lr=0.1 --random_seed=1 --regs1=0.8
2024-01-22 22:11:43 INFO Running runs: ['bdipsp6m']
2024-01-22 22:18:47 INFO Cleaning up finished run: bdipsp6m
2024-01-22 22:18:47 INFO Agent received command: run
2024-01-22 22:18:47 INFO Agent starting run with config:
	beta_pool: 0.3047835433552522
	hgcn_mix1: 1
	hgcn_mix2: 0.01
	lr: 0.005
	pre_lr: 0.001
	random_seed: 1
	regs1: 0.4
2024-01-22 22:18:47 INFO About to run command: /usr/bin/env python sweep.py --beta_pool=0.3047835433552522 --hgcn_mix1=1 --hgcn_mix2=0.01 --lr=0.005 --pre_lr=0.001 --random_seed=1 --regs1=0.4
2024-01-22 22:18:52 INFO Running runs: ['kpjgfh12']
2024-01-22 23:57:51 INFO Cleaning up finished run: kpjgfh12
2024-01-22 23:57:52 INFO Agent received command: run
2024-01-22 23:57:52 INFO Agent starting run with config:
	beta_pool: 0.3717528868959618
	hgcn_mix1: 5
	hgcn_mix2: 0.1
	lr: 0.01
	pre_lr: 0.001
	random_seed: 1
	regs1: 0.7
2024-01-22 23:57:52 INFO About to run command: /usr/bin/env python sweep.py --beta_pool=0.3717528868959618 --hgcn_mix1=5 --hgcn_mix2=0.1 --lr=0.01 --pre_lr=0.001 --random_seed=1 --regs1=0.7
2024-01-22 23:57:57 INFO Running runs: ['l3nnzt18']
2024-01-23 01:34:18 INFO Cleaning up finished run: l3nnzt18
2024-01-23 01:34:18 INFO Agent received command: run
2024-01-23 01:34:18 INFO Agent starting run with config:
	beta_pool: 0.5421422099720652
	hgcn_mix1: 5
	hgcn_mix2: 0.001
	lr: 0.005
	pre_lr: 0.05
	random_seed: 1
	regs1: 0.8
2024-01-23 01:34:18 INFO About to run command: /usr/bin/env python sweep.py --beta_pool=0.5421422099720652 --hgcn_mix1=5 --hgcn_mix2=0.001 --lr=0.005 --pre_lr=0.05 --random_seed=1 --regs1=0.8
2024-01-23 01:34:24 INFO Running runs: ['s2x1are0']
2024-01-23 01:46:12 INFO Cleaning up finished run: s2x1are0
2024-01-23 01:46:12 INFO Agent received command: run
2024-01-23 01:46:12 INFO Agent starting run with config:
	beta_pool: 0.5922023263587198
	hgcn_mix1: 2
	hgcn_mix2: 0.1
	lr: 0.005
	pre_lr: 0.001
	random_seed: 1
	regs1: 0.6
2024-01-23 01:46:12 INFO About to run command: /usr/bin/env python sweep.py --beta_pool=0.5922023263587198 --hgcn_mix1=2 --hgcn_mix2=0.1 --lr=0.005 --pre_lr=0.001 --random_seed=1 --regs1=0.6
2024-01-23 01:46:17 INFO Running runs: ['6ogn2df5']
2024-01-23 03:39:06 INFO Cleaning up finished run: 6ogn2df5
2024-01-23 03:39:06 INFO Agent received command: run
2024-01-23 03:39:06 INFO Agent starting run with config:
	beta_pool: 0.4341063016883175
	hgcn_mix1: 10
	hgcn_mix2: 0.001
	lr: 0.005
	pre_lr: 0.005
	random_seed: 1
	regs1: 0.9
2024-01-23 03:39:06 INFO About to run command: /usr/bin/env python sweep.py --beta_pool=0.4341063016883175 --hgcn_mix1=10 --hgcn_mix2=0.001 --lr=0.005 --pre_lr=0.005 --random_seed=1 --regs1=0.9
2024-01-23 03:39:11 INFO Running runs: ['02bh7hm7']
2024-01-23 04:40:30 INFO Cleaning up finished run: 02bh7hm7
2024-01-23 04:40:30 INFO Agent received command: run
2024-01-23 04:40:30 INFO Agent starting run with config:
	beta_pool: 0.3925501805633025
	hgcn_mix1: 2
	hgcn_mix2: 0.01
	lr: 0.01
	pre_lr: 0.01
	random_seed: 1
	regs1: 0.8
2024-01-23 04:40:30 INFO About to run command: /usr/bin/env python sweep.py --beta_pool=0.3925501805633025 --hgcn_mix1=2 --hgcn_mix2=0.01 --lr=0.01 --pre_lr=0.01 --random_seed=1 --regs1=0.8
2024-01-23 04:40:35 INFO Running runs: ['rujzymzy']
2024-01-23 05:11:01 INFO Cleaning up finished run: rujzymzy
2024-01-23 05:11:01 INFO Agent received command: run
2024-01-23 05:11:01 INFO Agent starting run with config:
	beta_pool: 0.3143898203434843
	hgcn_mix1: 2
	hgcn_mix2: 0.1
	lr: 0.001
	pre_lr: 0.001
	random_seed: 1
	regs1: 0.5
2024-01-23 05:11:01 INFO About to run command: /usr/bin/env python sweep.py --beta_pool=0.3143898203434843 --hgcn_mix1=2 --hgcn_mix2=0.1 --lr=0.001 --pre_lr=0.001 --random_seed=1 --regs1=0.5
2024-01-23 05:11:06 INFO Running runs: ['lb0lxywv']
2024-01-23 07:00:07 INFO Cleaning up finished run: lb0lxywv
2024-01-23 07:00:07 INFO Agent received command: run
2024-01-23 07:00:07 INFO Agent starting run with config:
	beta_pool: 0.5970756437053257
	hgcn_mix1: 8
	hgcn_mix2: 1
	lr: 0.1
	pre_lr: 0.005
	random_seed: 1
	regs1: 0.8
2024-01-23 07:00:07 INFO About to run command: /usr/bin/env python sweep.py --beta_pool=0.5970756437053257 --hgcn_mix1=8 --hgcn_mix2=1 --lr=0.1 --pre_lr=0.005 --random_seed=1 --regs1=0.8
2024-01-23 07:00:12 INFO Running runs: ['gqqv32ag']
2024-01-23 07:05:42 INFO Cleaning up finished run: gqqv32ag
2024-01-23 07:05:47 INFO Agent received command: run
2024-01-23 07:05:47 INFO Agent starting run with config:
	beta_pool: 0.3868624881520024
	hgcn_mix1: 5
	hgcn_mix2: 0.001
	lr: 0.05
	pre_lr: 0.001
	random_seed: 1
	regs1: 0.4
2024-01-23 07:05:47 INFO About to run command: /usr/bin/env python sweep.py --beta_pool=0.3868624881520024 --hgcn_mix1=5 --hgcn_mix2=0.001 --lr=0.05 --pre_lr=0.001 --random_seed=1 --regs1=0.4
2024-01-23 07:05:52 INFO Running runs: ['1u8ov33n']
2024-01-23 09:02:43 INFO Cleaning up finished run: 1u8ov33n
2024-01-23 09:02:43 INFO Agent received command: run
2024-01-23 09:02:43 INFO Agent starting run with config:
	beta_pool: 0.5904840580355193
	hgcn_mix1: 2
	hgcn_mix2: 1
	lr: 0.05
	pre_lr: 0.1
	random_seed: 1
	regs1: 0.7
2024-01-23 09:02:43 INFO About to run command: /usr/bin/env python sweep.py --beta_pool=0.5904840580355193 --hgcn_mix1=2 --hgcn_mix2=1 --lr=0.05 --pre_lr=0.1 --random_seed=1 --regs1=0.7
2024-01-23 09:02:48 INFO Running runs: ['97tq4vqt']
2024-01-23 09:09:59 INFO Cleaning up finished run: 97tq4vqt
2024-01-23 09:09:59 INFO Agent received command: run
2024-01-23 09:09:59 INFO Agent starting run with config:
	beta_pool: 0.5253743051535897
	hgcn_mix1: 8
	hgcn_mix2: 0.1
	lr: 0.1
	pre_lr: 0.01
	random_seed: 1
	regs1: 0.7
2024-01-23 09:09:59 INFO About to run command: /usr/bin/env python sweep.py --beta_pool=0.5253743051535897 --hgcn_mix1=8 --hgcn_mix2=0.1 --lr=0.1 --pre_lr=0.01 --random_seed=1 --regs1=0.7
2024-01-23 09:10:04 INFO Running runs: ['msyel14x']
2024-01-23 09:47:59 INFO Cleaning up finished run: msyel14x
2024-01-23 09:47:59 INFO Agent received command: run
2024-01-23 09:47:59 INFO Agent starting run with config:
	beta_pool: 0.22773740012600172
	hgcn_mix1: 2
	hgcn_mix2: 1
	lr: 0.1
	pre_lr: 0.005
	random_seed: 1
	regs1: 0.9
2024-01-23 09:47:59 INFO About to run command: /usr/bin/env python sweep.py --beta_pool=0.22773740012600172 --hgcn_mix1=2 --hgcn_mix2=1 --lr=0.1 --pre_lr=0.005 --random_seed=1 --regs1=0.9
2024-01-23 09:48:04 INFO Running runs: ['93rlrg44']
2024-01-23 10:48:24 INFO Cleaning up finished run: 93rlrg44
2024-01-23 10:48:25 INFO Agent received command: run
2024-01-23 10:48:25 INFO Agent starting run with config:
	beta_pool: 0.4678898206090046
	hgcn_mix1: 1
	hgcn_mix2: 1
	lr: 0.1
	pre_lr: 0.1
	random_seed: 1
	regs1: 0.4
2024-01-23 10:48:25 INFO About to run command: /usr/bin/env python sweep.py --beta_pool=0.4678898206090046 --hgcn_mix1=1 --hgcn_mix2=1 --lr=0.1 --pre_lr=0.1 --random_seed=1 --regs1=0.4
2024-01-23 10:48:30 INFO Running runs: ['u5evt8o1']
2024-01-23 10:56:17 INFO Cleaning up finished run: u5evt8o1
2024-01-23 10:56:17 INFO Agent received command: run
2024-01-23 10:56:17 INFO Agent starting run with config:
	beta_pool: 0.3405704760678603
	hgcn_mix1: 10
	hgcn_mix2: 0.1
	lr: 0.05
	pre_lr: 0.1
	random_seed: 1
	regs1: 0.8
2024-01-23 10:56:17 INFO About to run command: /usr/bin/env python sweep.py --beta_pool=0.3405704760678603 --hgcn_mix1=10 --hgcn_mix2=0.1 --lr=0.05 --pre_lr=0.1 --random_seed=1 --regs1=0.8
2024-01-23 10:56:22 INFO Running runs: ['e5qlv0yt']
2024-01-23 11:04:03 INFO Cleaning up finished run: e5qlv0yt
2024-01-23 11:04:04 INFO Agent received command: run
2024-01-23 11:04:04 INFO Agent starting run with config:
	beta_pool: 0.3638764866689431
	hgcn_mix1: 10
	hgcn_mix2: 1
	lr: 0.01
	pre_lr: 0.1
	random_seed: 1
	regs1: 0.3
2024-01-23 11:04:04 INFO About to run command: /usr/bin/env python sweep.py --beta_pool=0.3638764866689431 --hgcn_mix1=10 --hgcn_mix2=1 --lr=0.01 --pre_lr=0.1 --random_seed=1 --regs1=0.3
2024-01-23 11:04:09 INFO Running runs: ['zy2d8k1n']
2024-01-23 11:08:27 INFO Cleaning up finished run: zy2d8k1n
2024-01-23 11:08:27 INFO Agent received command: run
2024-01-23 11:08:27 INFO Agent starting run with config:
	beta_pool: 0.43479155183513096
	hgcn_mix1: 1
	hgcn_mix2: 1
	lr: 0.01
	pre_lr: 0.05
	random_seed: 1
	regs1: 0.9
2024-01-23 11:08:27 INFO About to run command: /usr/bin/env python sweep.py --beta_pool=0.43479155183513096 --hgcn_mix1=1 --hgcn_mix2=1 --lr=0.01 --pre_lr=0.05 --random_seed=1 --regs1=0.9
2024-01-23 11:08:32 INFO Running runs: ['osblrc4s']
2024-01-23 11:20:01 INFO Cleaning up finished run: osblrc4s
2024-01-23 11:20:01 INFO Agent received command: run
2024-01-23 11:20:01 INFO Agent starting run with config:
	beta_pool: 0.3238650858607931
	hgcn_mix1: 10
	hgcn_mix2: 0.01
	lr: 0.05
	pre_lr: 0.05
	random_seed: 1
	regs1: 0.8
2024-01-23 11:20:01 INFO About to run command: /usr/bin/env python sweep.py --beta_pool=0.3238650858607931 --hgcn_mix1=10 --hgcn_mix2=0.01 --lr=0.05 --pre_lr=0.05 --random_seed=1 --regs1=0.8
2024-01-23 11:20:06 INFO Running runs: ['29jajpld']
2024-01-23 11:32:01 INFO Cleaning up finished run: 29jajpld
2024-01-23 11:32:02 INFO Agent received command: run
2024-01-23 11:32:02 INFO Agent starting run with config:
	beta_pool: 0.26936583992789803
	hgcn_mix1: 8
	hgcn_mix2: 1
	lr: 0.05
	pre_lr: 0.001
	random_seed: 1
	regs1: 0.3
2024-01-23 11:32:02 INFO About to run command: /usr/bin/env python sweep.py --beta_pool=0.26936583992789803 --hgcn_mix1=8 --hgcn_mix2=1 --lr=0.05 --pre_lr=0.001 --random_seed=1 --regs1=0.3
2024-01-23 11:32:07 INFO Running runs: ['fgy09sz0']
