2024-01-23 11:08:33,006 INFO    StreamThr :181213 [internal.py:wandb_internal():86] W&B internal server running at pid: 181213, started at: 2024-01-23 11:08:33.005818
2024-01-23 11:08:33,007 DEBUG   HandlerThread:181213 [handler.py:handle_request():144] handle_request: status
2024-01-23 11:08:33,016 INFO    WriterThread:181213 [datastore.py:open_for_write():85] open: /workspace/UPRTH/wandb/run-20240123_110832-osblrc4s/run-osblrc4s.wandb
2024-01-23 11:08:33,017 DEBUG   SenderThread:181213 [sender.py:send():379] send: header
2024-01-23 11:08:33,017 DEBUG   SenderThread:181213 [sender.py:send():379] send: run
2024-01-23 11:08:33,891 INFO    SenderThread:181213 [dir_watcher.py:__init__():211] watching files in: /workspace/UPRTH/wandb/run-20240123_110832-osblrc4s/files
2024-01-23 11:08:33,891 INFO    SenderThread:181213 [sender.py:_start_run_threads():1121] run started: osblrc4s with start time 1706008113.005635
2024-01-23 11:08:33,891 DEBUG   SenderThread:181213 [sender.py:send_request():406] send_request: summary_record
2024-01-23 11:08:33,892 INFO    SenderThread:181213 [sender.py:_save_file():1375] saving file wandb-summary.json with policy end
2024-01-23 11:08:33,903 DEBUG   HandlerThread:181213 [handler.py:handle_request():144] handle_request: check_version
2024-01-23 11:08:33,903 DEBUG   SenderThread:181213 [sender.py:send_request():406] send_request: check_version
2024-01-23 11:08:34,664 DEBUG   HandlerThread:181213 [handler.py:handle_request():144] handle_request: run_start
2024-01-23 11:08:34,694 DEBUG   HandlerThread:181213 [system_info.py:__init__():31] System info init
2024-01-23 11:08:34,695 DEBUG   HandlerThread:181213 [system_info.py:__init__():46] System info init done
2024-01-23 11:08:34,695 INFO    HandlerThread:181213 [system_monitor.py:start():181] Starting system monitor
2024-01-23 11:08:34,695 INFO    SystemMonitor:181213 [system_monitor.py:_start():145] Starting system asset monitoring threads
2024-01-23 11:08:34,695 INFO    HandlerThread:181213 [system_monitor.py:probe():201] Collecting system info
2024-01-23 11:08:34,696 INFO    SystemMonitor:181213 [interfaces.py:start():190] Started cpu monitoring
2024-01-23 11:08:34,697 INFO    SystemMonitor:181213 [interfaces.py:start():190] Started disk monitoring
2024-01-23 11:08:34,697 INFO    SystemMonitor:181213 [interfaces.py:start():190] Started gpu monitoring
2024-01-23 11:08:34,700 INFO    SystemMonitor:181213 [interfaces.py:start():190] Started memory monitoring
2024-01-23 11:08:34,701 INFO    SystemMonitor:181213 [interfaces.py:start():190] Started network monitoring
2024-01-23 11:08:34,740 DEBUG   HandlerThread:181213 [system_info.py:probe():195] Probing system
2024-01-23 11:08:34,742 DEBUG   HandlerThread:181213 [gitlib.py:_init_repo():53] git repository is invalid
2024-01-23 11:08:34,742 DEBUG   HandlerThread:181213 [system_info.py:probe():240] Probing system done
2024-01-23 11:08:34,742 DEBUG   HandlerThread:181213 [system_monitor.py:probe():210] {'os': 'Linux-5.15.0-83-generic-x86_64-with-glibc2.35', 'python': '3.10.12', 'heartbeatAt': '2024-01-23T11:08:34.740545', 'startedAt': '2024-01-23T11:08:32.995146', 'docker': None, 'cuda': None, 'args': ('--beta_pool=0.43479155183513096', '--hgcn_mix1=1', '--hgcn_mix2=1', '--lr=0.01', '--pre_lr=0.05', '--random_seed=1', '--regs1=0.9'), 'state': 'running', 'program': '/workspace/UPRTH/sweep.py', 'codePath': 'sweep.py', 'host': '470e8c8e5128', 'username': 'root', 'executable': '/usr/bin/python', 'cpu_count': 32, 'cpu_count_logical': 64, 'cpu_freq': {'current': 2405.148640625001, 'min': 800.0, 'max': 3500.0}, 'cpu_freq_per_core': [{'current': 2600.0, 'min': 800.0, 'max': 3500.0}, {'current': 2584.23, 'min': 800.0, 'max': 3500.0}, {'current': 2052.096, 'min': 800.0, 'max': 3500.0}, {'current': 2799.997, 'min': 800.0, 'max': 3500.0}, {'current': 2811.443, 'min': 800.0, 'max': 3500.0}, {'current': 2668.865, 'min': 800.0, 'max': 3500.0}, {'current': 2812.472, 'min': 800.0, 'max': 3500.0}, {'current': 2799.997, 'min': 800.0, 'max': 3500.0}, {'current': 3000.002, 'min': 800.0, 'max': 3500.0}, {'current': 2816.18, 'min': 800.0, 'max': 3500.0}, {'current': 900.0, 'min': 800.0, 'max': 3500.0}, {'current': 800.0, 'min': 800.0, 'max': 3500.0}, {'current': 800.0, 'min': 800.0, 'max': 3500.0}, {'current': 2800.0, 'min': 800.0, 'max': 3500.0}, {'current': 1511.247, 'min': 800.0, 'max': 3500.0}, {'current': 2799.997, 'min': 800.0, 'max': 3500.0}, {'current': 2972.666, 'min': 800.0, 'max': 3500.0}, {'current': 2800.0, 'min': 800.0, 'max': 3500.0}, {'current': 2823.106, 'min': 800.0, 'max': 3500.0}, {'current': 2800.0, 'min': 800.0, 'max': 3500.0}, {'current': 2799.997, 'min': 800.0, 'max': 3500.0}, {'current': 800.0, 'min': 800.0, 'max': 3500.0}, {'current': 2799.986, 'min': 800.0, 'max': 3500.0}, {'current': 2799.986, 'min': 800.0, 'max': 3500.0}, {'current': 3500.0, 'min': 800.0, 'max': 3500.0}, {'current': 2828.713, 'min': 800.0, 'max': 3500.0}, {'current': 800.0, 'min': 800.0, 'max': 3500.0}, {'current': 2100.0, 'min': 800.0, 'max': 3500.0}, {'current': 2852.35, 'min': 800.0, 'max': 3500.0}, {'current': 2818.196, 'min': 800.0, 'max': 3500.0}, {'current': 2000.0, 'min': 800.0, 'max': 3500.0}, {'current': 2818.38, 'min': 800.0, 'max': 3500.0}, {'current': 1500.0, 'min': 800.0, 'max': 3500.0}, {'current': 800.0, 'min': 800.0, 'max': 3500.0}, {'current': 3500.0, 'min': 800.0, 'max': 3500.0}, {'current': 2819.364, 'min': 800.0, 'max': 3500.0}, {'current': 800.0, 'min': 800.0, 'max': 3500.0}, {'current': 2804.126, 'min': 800.0, 'max': 3500.0}, {'current': 2851.116, 'min': 800.0, 'max': 3500.0}, {'current': 2824.922, 'min': 800.0, 'max': 3500.0}, {'current': 1400.0, 'min': 800.0, 'max': 3500.0}, {'current': 2855.144, 'min': 800.0, 'max': 3500.0}, {'current': 800.0, 'min': 800.0, 'max': 3500.0}, {'current': 1747.013, 'min': 800.0, 'max': 3500.0}, {'current': 800.0, 'min': 800.0, 'max': 3500.0}, {'current': 2819.79, 'min': 800.0, 'max': 3500.0}, {'current': 800.0, 'min': 800.0, 'max': 3500.0}, {'current': 2820.012, 'min': 800.0, 'max': 3500.0}, {'current': 2975.669, 'min': 800.0, 'max': 3500.0}, {'current': 2820.24, 'min': 800.0, 'max': 3500.0}, {'current': 2856.934, 'min': 800.0, 'max': 3500.0}, {'current': 2820.488, 'min': 800.0, 'max': 3500.0}, {'current': 2820.558, 'min': 800.0, 'max': 3500.0}, {'current': 2769.174, 'min': 800.0, 'max': 3500.0}, {'current': 2820.804, 'min': 800.0, 'max': 3500.0}, {'current': 2820.987, 'min': 800.0, 'max': 3500.0}, {'current': 2845.213, 'min': 800.0, 'max': 3500.0}, {'current': 2849.957, 'min': 800.0, 'max': 3500.0}, {'current': 2830.001, 'min': 800.0, 'max': 3500.0}, {'current': 900.0, 'min': 800.0, 'max': 3500.0}, {'current': 2858.497, 'min': 800.0, 'max': 3500.0}, {'current': 2821.722, 'min': 800.0, 'max': 3500.0}, {'current': 800.0, 'min': 800.0, 'max': 3500.0}, {'current': 2831.295, 'min': 800.0, 'max': 3500.0}], 'disk': {'total': 1758.8579597473145, 'used': 948.8816184997559}, 'gpu': 'NVIDIA A800-SXM4-80GB', 'gpu_count': 1, 'gpu_devices': [{'name': 'NVIDIA A800-SXM4-80GB', 'memory_total': 85899345920}], 'memory': {'total': 503.3061103820801}}
2024-01-23 11:08:34,743 INFO    HandlerThread:181213 [system_monitor.py:probe():211] Finished collecting system info
2024-01-23 11:08:34,743 INFO    HandlerThread:181213 [system_monitor.py:probe():214] Publishing system info
2024-01-23 11:08:34,743 DEBUG   HandlerThread:181213 [system_info.py:_save_pip():51] Saving list of pip packages installed into the current environment
2024-01-23 11:08:34,743 DEBUG   HandlerThread:181213 [system_info.py:_save_pip():67] Saving pip packages done
2024-01-23 11:08:34,743 INFO    HandlerThread:181213 [system_monitor.py:probe():216] Finished publishing system info
2024-01-23 11:08:34,745 DEBUG   SenderThread:181213 [sender.py:send():379] send: files
2024-01-23 11:08:34,745 INFO    SenderThread:181213 [sender.py:_save_file():1375] saving file wandb-metadata.json with policy now
2024-01-23 11:08:34,754 DEBUG   HandlerThread:181213 [handler.py:handle_request():144] handle_request: stop_status
2024-01-23 11:08:34,755 DEBUG   SenderThread:181213 [sender.py:send_request():406] send_request: stop_status
2024-01-23 11:08:34,893 INFO    Thread-12 :181213 [dir_watcher.py:_on_file_created():271] file/dir created: /workspace/UPRTH/wandb/run-20240123_110832-osblrc4s/files/wandb-summary.json
2024-01-23 11:08:34,893 INFO    Thread-12 :181213 [dir_watcher.py:_on_file_created():271] file/dir created: /workspace/UPRTH/wandb/run-20240123_110832-osblrc4s/files/requirements.txt
2024-01-23 11:08:34,893 INFO    Thread-12 :181213 [dir_watcher.py:_on_file_created():271] file/dir created: /workspace/UPRTH/wandb/run-20240123_110832-osblrc4s/files/wandb-metadata.json
2024-01-23 11:08:35,377 DEBUG   SenderThread:181213 [sender.py:send():379] send: telemetry
2024-01-23 11:08:35,755 INFO    wandb-upload_0:181213 [upload_job.py:push():131] Uploaded file /tmp/tmpfxsjb__5wandb/3t9065e7-wandb-metadata.json
2024-01-23 11:08:35,892 INFO    Thread-12 :181213 [dir_watcher.py:_on_file_created():271] file/dir created: /workspace/UPRTH/wandb/run-20240123_110832-osblrc4s/files/output.log
2024-01-23 11:08:37,892 INFO    Thread-12 :181213 [dir_watcher.py:_on_file_modified():288] file/dir modified: /workspace/UPRTH/wandb/run-20240123_110832-osblrc4s/files/output.log
2024-01-23 11:08:38,636 DEBUG   HandlerThread:181213 [handler.py:handle_request():144] handle_request: status_report
2024-01-23 11:08:38,893 INFO    Thread-12 :181213 [dir_watcher.py:_on_file_modified():288] file/dir modified: /workspace/UPRTH/wandb/run-20240123_110832-osblrc4s/files/output.log
2024-01-23 11:08:43,638 DEBUG   HandlerThread:181213 [handler.py:handle_request():144] handle_request: status_report
2024-01-23 11:08:48,639 DEBUG   HandlerThread:181213 [handler.py:handle_request():144] handle_request: status_report
2024-01-23 11:08:49,754 DEBUG   HandlerThread:181213 [handler.py:handle_request():144] handle_request: stop_status
2024-01-23 11:08:49,754 DEBUG   SenderThread:181213 [sender.py:send_request():406] send_request: stop_status
2024-01-23 11:08:52,898 INFO    Thread-12 :181213 [dir_watcher.py:_on_file_modified():288] file/dir modified: /workspace/UPRTH/wandb/run-20240123_110832-osblrc4s/files/output.log
2024-01-23 11:08:54,555 DEBUG   HandlerThread:181213 [handler.py:handle_request():144] handle_request: status_report
2024-01-23 11:08:59,556 DEBUG   HandlerThread:181213 [handler.py:handle_request():144] handle_request: status_report
2024-01-23 11:09:04,759 DEBUG   HandlerThread:181213 [handler.py:handle_request():144] handle_request: stop_status
2024-01-23 11:09:04,759 DEBUG   HandlerThread:181213 [handler.py:handle_request():144] handle_request: status_report
2024-01-23 11:09:04,902 INFO    Thread-12 :181213 [dir_watcher.py:_on_file_modified():288] file/dir modified: /workspace/UPRTH/wandb/run-20240123_110832-osblrc4s/files/output.log
2024-01-23 11:09:05,079 DEBUG   SenderThread:181213 [sender.py:send_request():406] send_request: stop_status
2024-01-23 11:09:05,902 INFO    Thread-12 :181213 [dir_watcher.py:_on_file_modified():288] file/dir modified: /workspace/UPRTH/wandb/run-20240123_110832-osblrc4s/files/config.yaml
2024-01-23 11:09:10,339 DEBUG   HandlerThread:181213 [handler.py:handle_request():144] handle_request: status_report
2024-01-23 11:09:15,340 DEBUG   HandlerThread:181213 [handler.py:handle_request():144] handle_request: status_report
2024-01-23 11:09:16,905 INFO    Thread-12 :181213 [dir_watcher.py:_on_file_modified():288] file/dir modified: /workspace/UPRTH/wandb/run-20240123_110832-osblrc4s/files/output.log
2024-01-23 11:09:19,754 DEBUG   HandlerThread:181213 [handler.py:handle_request():144] handle_request: stop_status
2024-01-23 11:09:19,755 DEBUG   SenderThread:181213 [sender.py:send_request():406] send_request: stop_status
2024-01-23 11:09:20,995 DEBUG   HandlerThread:181213 [handler.py:handle_request():144] handle_request: status_report
2024-01-23 11:09:25,996 DEBUG   HandlerThread:181213 [handler.py:handle_request():144] handle_request: status_report
2024-01-23 11:09:30,910 INFO    Thread-12 :181213 [dir_watcher.py:_on_file_modified():288] file/dir modified: /workspace/UPRTH/wandb/run-20240123_110832-osblrc4s/files/output.log
2024-01-23 11:09:31,549 DEBUG   HandlerThread:181213 [handler.py:handle_request():144] handle_request: status_report
2024-01-23 11:09:34,702 DEBUG   SystemMonitor:181213 [system_monitor.py:_start():159] Starting system metrics aggregation loop
2024-01-23 11:09:34,704 DEBUG   SenderThread:181213 [sender.py:send():379] send: stats
2024-01-23 11:09:34,755 DEBUG   HandlerThread:181213 [handler.py:handle_request():144] handle_request: stop_status
2024-01-23 11:09:34,755 DEBUG   SenderThread:181213 [sender.py:send_request():406] send_request: stop_status
2024-01-23 11:09:36,982 DEBUG   HandlerThread:181213 [handler.py:handle_request():144] handle_request: status_report
2024-01-23 11:09:41,982 DEBUG   HandlerThread:181213 [handler.py:handle_request():144] handle_request: status_report
2024-01-23 11:09:44,915 INFO    Thread-12 :181213 [dir_watcher.py:_on_file_modified():288] file/dir modified: /workspace/UPRTH/wandb/run-20240123_110832-osblrc4s/files/output.log
2024-01-23 11:09:47,584 DEBUG   HandlerThread:181213 [handler.py:handle_request():144] handle_request: status_report
2024-01-23 11:09:49,759 DEBUG   HandlerThread:181213 [handler.py:handle_request():144] handle_request: stop_status
2024-01-23 11:09:49,760 DEBUG   SenderThread:181213 [sender.py:send_request():406] send_request: stop_status
2024-01-23 11:09:52,992 DEBUG   HandlerThread:181213 [handler.py:handle_request():144] handle_request: status_report
2024-01-23 11:09:58,576 DEBUG   HandlerThread:181213 [handler.py:handle_request():144] handle_request: status_report
2024-01-23 11:09:58,920 INFO    Thread-12 :181213 [dir_watcher.py:_on_file_modified():288] file/dir modified: /workspace/UPRTH/wandb/run-20240123_110832-osblrc4s/files/output.log
2024-01-23 11:10:03,577 DEBUG   HandlerThread:181213 [handler.py:handle_request():144] handle_request: status_report
2024-01-23 11:10:04,705 DEBUG   SenderThread:181213 [sender.py:send():379] send: stats
2024-01-23 11:10:04,759 DEBUG   HandlerThread:181213 [handler.py:handle_request():144] handle_request: stop_status
2024-01-23 11:10:04,759 DEBUG   SenderThread:181213 [sender.py:send_request():406] send_request: stop_status
2024-01-23 11:10:09,051 DEBUG   HandlerThread:181213 [handler.py:handle_request():144] handle_request: status_report
2024-01-23 11:10:12,925 INFO    Thread-12 :181213 [dir_watcher.py:_on_file_modified():288] file/dir modified: /workspace/UPRTH/wandb/run-20240123_110832-osblrc4s/files/output.log
2024-01-23 11:10:14,947 DEBUG   HandlerThread:181213 [handler.py:handle_request():144] handle_request: status_report
2024-01-23 11:10:19,758 DEBUG   HandlerThread:181213 [handler.py:handle_request():144] handle_request: stop_status
2024-01-23 11:10:19,759 DEBUG   SenderThread:181213 [sender.py:send_request():406] send_request: stop_status
2024-01-23 11:10:20,018 DEBUG   HandlerThread:181213 [handler.py:handle_request():144] handle_request: status_report
2024-01-23 11:10:25,019 DEBUG   HandlerThread:181213 [handler.py:handle_request():144] handle_request: status_report
2024-01-23 11:10:26,929 INFO    Thread-12 :181213 [dir_watcher.py:_on_file_modified():288] file/dir modified: /workspace/UPRTH/wandb/run-20240123_110832-osblrc4s/files/output.log
2024-01-23 11:10:30,910 DEBUG   HandlerThread:181213 [handler.py:handle_request():144] handle_request: status_report
2024-01-23 11:10:34,706 DEBUG   SenderThread:181213 [sender.py:send():379] send: stats
2024-01-23 11:10:34,759 DEBUG   HandlerThread:181213 [handler.py:handle_request():144] handle_request: stop_status
2024-01-23 11:10:34,759 DEBUG   SenderThread:181213 [sender.py:send_request():406] send_request: stop_status
2024-01-23 11:10:36,015 DEBUG   HandlerThread:181213 [handler.py:handle_request():144] handle_request: status_report
2024-01-23 11:10:40,935 INFO    Thread-12 :181213 [dir_watcher.py:_on_file_modified():288] file/dir modified: /workspace/UPRTH/wandb/run-20240123_110832-osblrc4s/files/output.log
2024-01-23 11:10:41,106 DEBUG   HandlerThread:181213 [handler.py:handle_request():144] handle_request: status_report
2024-01-23 11:10:46,106 DEBUG   HandlerThread:181213 [handler.py:handle_request():144] handle_request: status_report
2024-01-23 11:10:49,759 DEBUG   HandlerThread:181213 [handler.py:handle_request():144] handle_request: stop_status
2024-01-23 11:10:49,760 DEBUG   SenderThread:181213 [sender.py:send_request():406] send_request: stop_status
2024-01-23 11:10:52,095 DEBUG   HandlerThread:181213 [handler.py:handle_request():144] handle_request: status_report
2024-01-23 11:10:56,940 INFO    Thread-12 :181213 [dir_watcher.py:_on_file_modified():288] file/dir modified: /workspace/UPRTH/wandb/run-20240123_110832-osblrc4s/files/output.log
2024-01-23 11:10:57,370 DEBUG   HandlerThread:181213 [handler.py:handle_request():144] handle_request: status_report
2024-01-23 11:11:02,371 DEBUG   HandlerThread:181213 [handler.py:handle_request():144] handle_request: status_report
2024-01-23 11:11:04,707 DEBUG   SenderThread:181213 [sender.py:send():379] send: stats
2024-01-23 11:11:04,760 DEBUG   HandlerThread:181213 [handler.py:handle_request():144] handle_request: stop_status
2024-01-23 11:11:04,760 DEBUG   SenderThread:181213 [sender.py:send_request():406] send_request: stop_status
2024-01-23 11:11:08,048 DEBUG   HandlerThread:181213 [handler.py:handle_request():144] handle_request: status_report
2024-01-23 11:11:08,945 INFO    Thread-12 :181213 [dir_watcher.py:_on_file_modified():288] file/dir modified: /workspace/UPRTH/wandb/run-20240123_110832-osblrc4s/files/output.log
2024-01-23 11:11:13,166 DEBUG   HandlerThread:181213 [handler.py:handle_request():144] handle_request: status_report
2024-01-23 11:11:18,167 DEBUG   HandlerThread:181213 [handler.py:handle_request():144] handle_request: status_report
2024-01-23 11:11:19,759 DEBUG   HandlerThread:181213 [handler.py:handle_request():144] handle_request: stop_status
2024-01-23 11:11:19,760 DEBUG   SenderThread:181213 [sender.py:send_request():406] send_request: stop_status
2024-01-23 11:11:22,950 INFO    Thread-12 :181213 [dir_watcher.py:_on_file_modified():288] file/dir modified: /workspace/UPRTH/wandb/run-20240123_110832-osblrc4s/files/output.log
2024-01-23 11:11:23,895 DEBUG   HandlerThread:181213 [handler.py:handle_request():144] handle_request: status_report
2024-01-23 11:11:28,896 DEBUG   HandlerThread:181213 [handler.py:handle_request():144] handle_request: status_report
2024-01-23 11:11:33,897 DEBUG   HandlerThread:181213 [handler.py:handle_request():144] handle_request: status_report
2024-01-23 11:11:34,709 DEBUG   SenderThread:181213 [sender.py:send():379] send: stats
2024-01-23 11:11:34,760 DEBUG   HandlerThread:181213 [handler.py:handle_request():144] handle_request: stop_status
2024-01-23 11:11:34,760 DEBUG   SenderThread:181213 [sender.py:send_request():406] send_request: stop_status
2024-01-23 11:11:38,955 INFO    Thread-12 :181213 [dir_watcher.py:_on_file_modified():288] file/dir modified: /workspace/UPRTH/wandb/run-20240123_110832-osblrc4s/files/output.log
2024-01-23 11:11:39,777 DEBUG   HandlerThread:181213 [handler.py:handle_request():144] handle_request: status_report
2024-01-23 11:11:44,778 DEBUG   HandlerThread:181213 [handler.py:handle_request():144] handle_request: status_report
2024-01-23 11:11:49,760 DEBUG   HandlerThread:181213 [handler.py:handle_request():144] handle_request: stop_status
2024-01-23 11:11:49,760 DEBUG   SenderThread:181213 [sender.py:send_request():406] send_request: stop_status
2024-01-23 11:11:50,058 DEBUG   HandlerThread:181213 [handler.py:handle_request():144] handle_request: status_report
2024-01-23 11:11:52,960 INFO    Thread-12 :181213 [dir_watcher.py:_on_file_modified():288] file/dir modified: /workspace/UPRTH/wandb/run-20240123_110832-osblrc4s/files/output.log
2024-01-23 11:11:55,414 DEBUG   HandlerThread:181213 [handler.py:handle_request():144] handle_request: status_report
2024-01-23 11:12:00,415 DEBUG   HandlerThread:181213 [handler.py:handle_request():144] handle_request: status_report
2024-01-23 11:12:04,710 DEBUG   SenderThread:181213 [sender.py:send():379] send: stats
2024-01-23 11:12:04,760 DEBUG   HandlerThread:181213 [handler.py:handle_request():144] handle_request: stop_status
2024-01-23 11:12:04,760 DEBUG   SenderThread:181213 [sender.py:send_request():406] send_request: stop_status
2024-01-23 11:12:04,964 INFO    Thread-12 :181213 [dir_watcher.py:_on_file_modified():288] file/dir modified: /workspace/UPRTH/wandb/run-20240123_110832-osblrc4s/files/output.log
2024-01-23 11:12:06,014 DEBUG   HandlerThread:181213 [handler.py:handle_request():144] handle_request: status_report
2024-01-23 11:12:11,015 DEBUG   HandlerThread:181213 [handler.py:handle_request():144] handle_request: status_report
2024-01-23 11:12:16,015 DEBUG   HandlerThread:181213 [handler.py:handle_request():144] handle_request: status_report
2024-01-23 11:12:18,970 INFO    Thread-12 :181213 [dir_watcher.py:_on_file_modified():288] file/dir modified: /workspace/UPRTH/wandb/run-20240123_110832-osblrc4s/files/output.log
2024-01-23 11:12:19,760 DEBUG   HandlerThread:181213 [handler.py:handle_request():144] handle_request: stop_status
2024-01-23 11:12:19,760 DEBUG   SenderThread:181213 [sender.py:send_request():406] send_request: stop_status
2024-01-23 11:12:21,026 DEBUG   HandlerThread:181213 [handler.py:handle_request():144] handle_request: status_report
2024-01-23 11:12:26,026 DEBUG   HandlerThread:181213 [handler.py:handle_request():144] handle_request: status_report
2024-01-23 11:12:31,027 DEBUG   HandlerThread:181213 [handler.py:handle_request():144] handle_request: status_report
2024-01-23 11:12:32,974 INFO    Thread-12 :181213 [dir_watcher.py:_on_file_modified():288] file/dir modified: /workspace/UPRTH/wandb/run-20240123_110832-osblrc4s/files/output.log
2024-01-23 11:12:34,711 DEBUG   SenderThread:181213 [sender.py:send():379] send: stats
2024-01-23 11:12:34,760 DEBUG   HandlerThread:181213 [handler.py:handle_request():144] handle_request: stop_status
2024-01-23 11:12:34,760 DEBUG   SenderThread:181213 [sender.py:send_request():406] send_request: stop_status
2024-01-23 11:12:36,055 DEBUG   HandlerThread:181213 [handler.py:handle_request():144] handle_request: status_report
2024-01-23 11:12:41,056 DEBUG   HandlerThread:181213 [handler.py:handle_request():144] handle_request: status_report
2024-01-23 11:12:46,057 DEBUG   HandlerThread:181213 [handler.py:handle_request():144] handle_request: status_report
2024-01-23 11:12:46,979 INFO    Thread-12 :181213 [dir_watcher.py:_on_file_modified():288] file/dir modified: /workspace/UPRTH/wandb/run-20240123_110832-osblrc4s/files/output.log
2024-01-23 11:12:49,760 DEBUG   HandlerThread:181213 [handler.py:handle_request():144] handle_request: stop_status
2024-01-23 11:12:49,761 DEBUG   SenderThread:181213 [sender.py:send_request():406] send_request: stop_status
2024-01-23 11:12:52,002 DEBUG   HandlerThread:181213 [handler.py:handle_request():144] handle_request: status_report
2024-01-23 11:12:57,003 DEBUG   HandlerThread:181213 [handler.py:handle_request():144] handle_request: status_report
2024-01-23 11:13:00,984 INFO    Thread-12 :181213 [dir_watcher.py:_on_file_modified():288] file/dir modified: /workspace/UPRTH/wandb/run-20240123_110832-osblrc4s/files/output.log
2024-01-23 11:13:02,982 DEBUG   HandlerThread:181213 [handler.py:handle_request():144] handle_request: status_report
2024-01-23 11:13:04,714 DEBUG   SenderThread:181213 [sender.py:send():379] send: stats
2024-01-23 11:13:04,767 DEBUG   HandlerThread:181213 [handler.py:handle_request():144] handle_request: stop_status
2024-01-23 11:13:04,767 DEBUG   SenderThread:181213 [sender.py:send_request():406] send_request: stop_status
2024-01-23 11:13:08,085 DEBUG   HandlerThread:181213 [handler.py:handle_request():144] handle_request: status_report
2024-01-23 11:13:13,086 DEBUG   HandlerThread:181213 [handler.py:handle_request():144] handle_request: status_report
2024-01-23 11:13:14,989 INFO    Thread-12 :181213 [dir_watcher.py:_on_file_modified():288] file/dir modified: /workspace/UPRTH/wandb/run-20240123_110832-osblrc4s/files/output.log
2024-01-23 11:13:18,889 DEBUG   HandlerThread:181213 [handler.py:handle_request():144] handle_request: status_report
2024-01-23 11:13:19,762 DEBUG   HandlerThread:181213 [handler.py:handle_request():144] handle_request: stop_status
2024-01-23 11:13:19,763 DEBUG   SenderThread:181213 [sender.py:send_request():406] send_request: stop_status
2024-01-23 11:13:24,054 DEBUG   HandlerThread:181213 [handler.py:handle_request():144] handle_request: status_report
2024-01-23 11:13:28,994 INFO    Thread-12 :181213 [dir_watcher.py:_on_file_modified():288] file/dir modified: /workspace/UPRTH/wandb/run-20240123_110832-osblrc4s/files/output.log
2024-01-23 11:13:29,408 DEBUG   HandlerThread:181213 [handler.py:handle_request():144] handle_request: status_report
2024-01-23 11:13:34,409 DEBUG   HandlerThread:181213 [handler.py:handle_request():144] handle_request: status_report
2024-01-23 11:13:34,718 DEBUG   SenderThread:181213 [sender.py:send():379] send: stats
2024-01-23 11:13:34,763 DEBUG   HandlerThread:181213 [handler.py:handle_request():144] handle_request: stop_status
2024-01-23 11:13:34,764 DEBUG   SenderThread:181213 [sender.py:send_request():406] send_request: stop_status
2024-01-23 11:13:40,024 DEBUG   HandlerThread:181213 [handler.py:handle_request():144] handle_request: status_report
2024-01-23 11:13:42,999 INFO    Thread-12 :181213 [dir_watcher.py:_on_file_modified():288] file/dir modified: /workspace/UPRTH/wandb/run-20240123_110832-osblrc4s/files/output.log
2024-01-23 11:13:45,180 DEBUG   HandlerThread:181213 [handler.py:handle_request():144] handle_request: status_report
2024-01-23 11:13:49,769 DEBUG   HandlerThread:181213 [handler.py:handle_request():144] handle_request: stop_status
2024-01-23 11:13:49,769 DEBUG   SenderThread:181213 [sender.py:send_request():406] send_request: stop_status
2024-01-23 11:13:51,125 DEBUG   HandlerThread:181213 [handler.py:handle_request():144] handle_request: status_report
2024-01-23 11:13:57,003 INFO    Thread-12 :181213 [dir_watcher.py:_on_file_modified():288] file/dir modified: /workspace/UPRTH/wandb/run-20240123_110832-osblrc4s/files/output.log
2024-01-23 11:13:57,018 DEBUG   HandlerThread:181213 [handler.py:handle_request():144] handle_request: status_report
2024-01-23 11:14:02,019 DEBUG   HandlerThread:181213 [handler.py:handle_request():144] handle_request: status_report
2024-01-23 11:14:04,719 DEBUG   SenderThread:181213 [sender.py:send():379] send: stats
2024-01-23 11:14:04,768 DEBUG   HandlerThread:181213 [handler.py:handle_request():144] handle_request: stop_status
2024-01-23 11:14:04,769 DEBUG   SenderThread:181213 [sender.py:send_request():406] send_request: stop_status
2024-01-23 11:14:07,073 DEBUG   HandlerThread:181213 [handler.py:handle_request():144] handle_request: status_report
2024-01-23 11:14:11,008 INFO    Thread-12 :181213 [dir_watcher.py:_on_file_modified():288] file/dir modified: /workspace/UPRTH/wandb/run-20240123_110832-osblrc4s/files/output.log
2024-01-23 11:14:12,709 DEBUG   HandlerThread:181213 [handler.py:handle_request():144] handle_request: status_report
2024-01-23 11:14:17,711 DEBUG   HandlerThread:181213 [handler.py:handle_request():144] handle_request: status_report
2024-01-23 11:14:19,768 DEBUG   HandlerThread:181213 [handler.py:handle_request():144] handle_request: stop_status
2024-01-23 11:14:19,769 DEBUG   SenderThread:181213 [sender.py:send_request():406] send_request: stop_status
2024-01-23 11:14:23,011 INFO    Thread-12 :181213 [dir_watcher.py:_on_file_modified():288] file/dir modified: /workspace/UPRTH/wandb/run-20240123_110832-osblrc4s/files/output.log
2024-01-23 11:14:23,480 DEBUG   HandlerThread:181213 [handler.py:handle_request():144] handle_request: status_report
2024-01-23 11:14:28,480 DEBUG   HandlerThread:181213 [handler.py:handle_request():144] handle_request: status_report
2024-01-23 11:14:33,481 DEBUG   HandlerThread:181213 [handler.py:handle_request():144] handle_request: status_report
2024-01-23 11:14:34,721 DEBUG   SenderThread:181213 [sender.py:send():379] send: stats
2024-01-23 11:14:34,768 DEBUG   HandlerThread:181213 [handler.py:handle_request():144] handle_request: stop_status
2024-01-23 11:14:34,769 DEBUG   SenderThread:181213 [sender.py:send_request():406] send_request: stop_status
2024-01-23 11:14:37,016 INFO    Thread-12 :181213 [dir_watcher.py:_on_file_modified():288] file/dir modified: /workspace/UPRTH/wandb/run-20240123_110832-osblrc4s/files/output.log
2024-01-23 11:14:39,098 DEBUG   HandlerThread:181213 [handler.py:handle_request():144] handle_request: status_report
2024-01-23 11:14:44,099 DEBUG   HandlerThread:181213 [handler.py:handle_request():144] handle_request: status_report
2024-01-23 11:14:49,100 DEBUG   HandlerThread:181213 [handler.py:handle_request():144] handle_request: status_report
2024-01-23 11:14:49,769 DEBUG   HandlerThread:181213 [handler.py:handle_request():144] handle_request: stop_status
2024-01-23 11:14:49,770 DEBUG   SenderThread:181213 [sender.py:send_request():406] send_request: stop_status
2024-01-23 11:14:52,025 INFO    Thread-12 :181213 [dir_watcher.py:_on_file_modified():288] file/dir modified: /workspace/UPRTH/wandb/run-20240123_110832-osblrc4s/files/output.log
2024-01-23 11:14:55,084 DEBUG   HandlerThread:181213 [handler.py:handle_request():144] handle_request: status_report
2024-01-23 11:15:00,085 DEBUG   HandlerThread:181213 [handler.py:handle_request():144] handle_request: status_report
2024-01-23 11:15:04,721 DEBUG   SenderThread:181213 [sender.py:send():379] send: stats
2024-01-23 11:15:04,769 DEBUG   HandlerThread:181213 [handler.py:handle_request():144] handle_request: stop_status
2024-01-23 11:15:04,770 DEBUG   SenderThread:181213 [sender.py:send_request():406] send_request: stop_status
2024-01-23 11:15:06,030 INFO    Thread-12 :181213 [dir_watcher.py:_on_file_modified():288] file/dir modified: /workspace/UPRTH/wandb/run-20240123_110832-osblrc4s/files/output.log
2024-01-23 11:15:06,056 DEBUG   HandlerThread:181213 [handler.py:handle_request():144] handle_request: status_report
2024-01-23 11:15:11,057 DEBUG   HandlerThread:181213 [handler.py:handle_request():144] handle_request: status_report
2024-01-23 11:15:16,058 DEBUG   HandlerThread:181213 [handler.py:handle_request():144] handle_request: status_report
2024-01-23 11:15:19,769 DEBUG   HandlerThread:181213 [handler.py:handle_request():144] handle_request: stop_status
2024-01-23 11:15:19,769 DEBUG   SenderThread:181213 [sender.py:send_request():406] send_request: stop_status
2024-01-23 11:15:20,035 INFO    Thread-12 :181213 [dir_watcher.py:_on_file_modified():288] file/dir modified: /workspace/UPRTH/wandb/run-20240123_110832-osblrc4s/files/output.log
2024-01-23 11:15:22,037 DEBUG   HandlerThread:181213 [handler.py:handle_request():144] handle_request: status_report
2024-01-23 11:15:27,038 DEBUG   HandlerThread:181213 [handler.py:handle_request():144] handle_request: status_report
2024-01-23 11:15:32,172 DEBUG   HandlerThread:181213 [handler.py:handle_request():144] handle_request: status_report
2024-01-23 11:15:34,042 INFO    Thread-12 :181213 [dir_watcher.py:_on_file_modified():288] file/dir modified: /workspace/UPRTH/wandb/run-20240123_110832-osblrc4s/files/output.log
2024-01-23 11:15:34,723 DEBUG   SenderThread:181213 [sender.py:send():379] send: stats
2024-01-23 11:15:34,769 DEBUG   HandlerThread:181213 [handler.py:handle_request():144] handle_request: stop_status
2024-01-23 11:15:34,770 DEBUG   SenderThread:181213 [sender.py:send_request():406] send_request: stop_status
2024-01-23 11:15:38,089 DEBUG   HandlerThread:181213 [handler.py:handle_request():144] handle_request: status_report
2024-01-23 11:15:43,089 DEBUG   HandlerThread:181213 [handler.py:handle_request():144] handle_request: status_report
2024-01-23 11:15:48,047 INFO    Thread-12 :181213 [dir_watcher.py:_on_file_modified():288] file/dir modified: /workspace/UPRTH/wandb/run-20240123_110832-osblrc4s/files/output.log
2024-01-23 11:15:48,797 DEBUG   HandlerThread:181213 [handler.py:handle_request():144] handle_request: status_report
2024-01-23 11:15:49,769 DEBUG   HandlerThread:181213 [handler.py:handle_request():144] handle_request: stop_status
2024-01-23 11:15:49,770 DEBUG   SenderThread:181213 [sender.py:send_request():406] send_request: stop_status
2024-01-23 11:15:54,101 DEBUG   HandlerThread:181213 [handler.py:handle_request():144] handle_request: status_report
2024-01-23 11:15:59,102 DEBUG   HandlerThread:181213 [handler.py:handle_request():144] handle_request: status_report
2024-01-23 11:16:02,051 INFO    Thread-12 :181213 [dir_watcher.py:_on_file_modified():288] file/dir modified: /workspace/UPRTH/wandb/run-20240123_110832-osblrc4s/files/output.log
2024-01-23 11:16:04,725 DEBUG   SenderThread:181213 [sender.py:send():379] send: stats
2024-01-23 11:16:04,728 DEBUG   HandlerThread:181213 [handler.py:handle_request():144] handle_request: status_report
2024-01-23 11:16:04,769 DEBUG   HandlerThread:181213 [handler.py:handle_request():144] handle_request: stop_status
2024-01-23 11:16:04,770 DEBUG   SenderThread:181213 [sender.py:send_request():406] send_request: stop_status
2024-01-23 11:16:10,026 DEBUG   HandlerThread:181213 [handler.py:handle_request():144] handle_request: status_report
2024-01-23 11:16:15,677 DEBUG   HandlerThread:181213 [handler.py:handle_request():144] handle_request: status_report
2024-01-23 11:16:18,058 INFO    Thread-12 :181213 [dir_watcher.py:_on_file_modified():288] file/dir modified: /workspace/UPRTH/wandb/run-20240123_110832-osblrc4s/files/output.log
2024-01-23 11:16:19,770 DEBUG   HandlerThread:181213 [handler.py:handle_request():144] handle_request: stop_status
2024-01-23 11:16:19,771 DEBUG   SenderThread:181213 [sender.py:send_request():406] send_request: stop_status
2024-01-23 11:16:21,083 DEBUG   HandlerThread:181213 [handler.py:handle_request():144] handle_request: status_report
2024-01-23 11:16:26,084 DEBUG   HandlerThread:181213 [handler.py:handle_request():144] handle_request: status_report
2024-01-23 11:16:30,063 INFO    Thread-12 :181213 [dir_watcher.py:_on_file_modified():288] file/dir modified: /workspace/UPRTH/wandb/run-20240123_110832-osblrc4s/files/output.log
2024-01-23 11:16:31,479 DEBUG   HandlerThread:181213 [handler.py:handle_request():144] handle_request: status_report
2024-01-23 11:16:34,727 DEBUG   SenderThread:181213 [sender.py:send():379] send: stats
2024-01-23 11:16:34,770 DEBUG   HandlerThread:181213 [handler.py:handle_request():144] handle_request: stop_status
2024-01-23 11:16:34,770 DEBUG   SenderThread:181213 [sender.py:send_request():406] send_request: stop_status
2024-01-23 11:16:37,059 DEBUG   HandlerThread:181213 [handler.py:handle_request():144] handle_request: status_report
2024-01-23 11:16:42,060 DEBUG   HandlerThread:181213 [handler.py:handle_request():144] handle_request: status_report
2024-01-23 11:16:46,068 INFO    Thread-12 :181213 [dir_watcher.py:_on_file_modified():288] file/dir modified: /workspace/UPRTH/wandb/run-20240123_110832-osblrc4s/files/output.log
2024-01-23 11:16:47,676 DEBUG   HandlerThread:181213 [handler.py:handle_request():144] handle_request: status_report
2024-01-23 11:16:49,770 DEBUG   HandlerThread:181213 [handler.py:handle_request():144] handle_request: stop_status
2024-01-23 11:16:49,770 DEBUG   SenderThread:181213 [sender.py:send_request():406] send_request: stop_status
2024-01-23 11:16:52,985 DEBUG   HandlerThread:181213 [handler.py:handle_request():144] handle_request: status_report
2024-01-23 11:16:58,073 INFO    Thread-12 :181213 [dir_watcher.py:_on_file_modified():288] file/dir modified: /workspace/UPRTH/wandb/run-20240123_110832-osblrc4s/files/output.log
2024-01-23 11:16:58,487 DEBUG   HandlerThread:181213 [handler.py:handle_request():144] handle_request: status_report
2024-01-23 11:17:03,488 DEBUG   HandlerThread:181213 [handler.py:handle_request():144] handle_request: status_report
2024-01-23 11:17:04,729 DEBUG   SenderThread:181213 [sender.py:send():379] send: stats
2024-01-23 11:17:04,830 DEBUG   HandlerThread:181213 [handler.py:handle_request():144] handle_request: stop_status
2024-01-23 11:17:04,830 DEBUG   SenderThread:181213 [sender.py:send_request():406] send_request: stop_status
2024-01-23 11:17:09,047 DEBUG   HandlerThread:181213 [handler.py:handle_request():144] handle_request: status_report
2024-01-23 11:17:14,049 DEBUG   HandlerThread:181213 [handler.py:handle_request():144] handle_request: status_report
2024-01-23 11:17:14,078 INFO    Thread-12 :181213 [dir_watcher.py:_on_file_modified():288] file/dir modified: /workspace/UPRTH/wandb/run-20240123_110832-osblrc4s/files/output.log
2024-01-23 11:17:19,050 DEBUG   HandlerThread:181213 [handler.py:handle_request():144] handle_request: status_report
2024-01-23 11:17:19,829 DEBUG   HandlerThread:181213 [handler.py:handle_request():144] handle_request: stop_status
2024-01-23 11:17:19,830 DEBUG   SenderThread:181213 [sender.py:send_request():406] send_request: stop_status
2024-01-23 11:17:24,063 DEBUG   HandlerThread:181213 [handler.py:handle_request():144] handle_request: status_report
2024-01-23 11:17:28,083 INFO    Thread-12 :181213 [dir_watcher.py:_on_file_modified():288] file/dir modified: /workspace/UPRTH/wandb/run-20240123_110832-osblrc4s/files/output.log
2024-01-23 11:17:29,857 DEBUG   HandlerThread:181213 [handler.py:handle_request():144] handle_request: status_report
2024-01-23 11:17:34,730 DEBUG   SenderThread:181213 [sender.py:send():379] send: stats
2024-01-23 11:17:34,830 DEBUG   HandlerThread:181213 [handler.py:handle_request():144] handle_request: stop_status
2024-01-23 11:17:34,831 DEBUG   SenderThread:181213 [sender.py:send_request():406] send_request: stop_status
2024-01-23 11:17:35,059 DEBUG   HandlerThread:181213 [handler.py:handle_request():144] handle_request: status_report
2024-01-23 11:17:41,008 DEBUG   HandlerThread:181213 [handler.py:handle_request():144] handle_request: status_report
2024-01-23 11:17:42,088 INFO    Thread-12 :181213 [dir_watcher.py:_on_file_modified():288] file/dir modified: /workspace/UPRTH/wandb/run-20240123_110832-osblrc4s/files/output.log
2024-01-23 11:17:46,009 DEBUG   HandlerThread:181213 [handler.py:handle_request():144] handle_request: status_report
2024-01-23 11:17:49,830 DEBUG   HandlerThread:181213 [handler.py:handle_request():144] handle_request: stop_status
2024-01-23 11:17:49,831 DEBUG   SenderThread:181213 [sender.py:send_request():406] send_request: stop_status
2024-01-23 11:17:51,254 DEBUG   HandlerThread:181213 [handler.py:handle_request():144] handle_request: status_report
2024-01-23 11:17:56,093 INFO    Thread-12 :181213 [dir_watcher.py:_on_file_modified():288] file/dir modified: /workspace/UPRTH/wandb/run-20240123_110832-osblrc4s/files/output.log
2024-01-23 11:17:56,924 DEBUG   HandlerThread:181213 [handler.py:handle_request():144] handle_request: status_report
2024-01-23 11:18:01,925 DEBUG   HandlerThread:181213 [handler.py:handle_request():144] handle_request: status_report
2024-01-23 11:18:04,731 DEBUG   SenderThread:181213 [sender.py:send():379] send: stats
2024-01-23 11:18:04,884 DEBUG   HandlerThread:181213 [handler.py:handle_request():144] handle_request: stop_status
2024-01-23 11:18:04,885 DEBUG   SenderThread:181213 [sender.py:send_request():406] send_request: stop_status
2024-01-23 11:18:07,813 DEBUG   HandlerThread:181213 [handler.py:handle_request():144] handle_request: status_report
2024-01-23 11:18:10,097 INFO    Thread-12 :181213 [dir_watcher.py:_on_file_modified():288] file/dir modified: /workspace/UPRTH/wandb/run-20240123_110832-osblrc4s/files/output.log
2024-01-23 11:18:12,814 DEBUG   HandlerThread:181213 [handler.py:handle_request():144] handle_request: status_report
2024-01-23 11:18:17,814 DEBUG   HandlerThread:181213 [handler.py:handle_request():144] handle_request: status_report
2024-01-23 11:18:19,885 DEBUG   HandlerThread:181213 [handler.py:handle_request():144] handle_request: stop_status
2024-01-23 11:18:19,886 DEBUG   SenderThread:181213 [sender.py:send_request():406] send_request: stop_status
2024-01-23 11:18:22,101 INFO    Thread-12 :181213 [dir_watcher.py:_on_file_modified():288] file/dir modified: /workspace/UPRTH/wandb/run-20240123_110832-osblrc4s/files/output.log
2024-01-23 11:18:23,641 DEBUG   HandlerThread:181213 [handler.py:handle_request():144] handle_request: status_report
2024-01-23 11:18:28,642 DEBUG   HandlerThread:181213 [handler.py:handle_request():144] handle_request: status_report
2024-01-23 11:18:33,643 DEBUG   HandlerThread:181213 [handler.py:handle_request():144] handle_request: status_report
2024-01-23 11:18:34,732 DEBUG   SenderThread:181213 [sender.py:send():379] send: stats
2024-01-23 11:18:34,932 DEBUG   HandlerThread:181213 [handler.py:handle_request():144] handle_request: stop_status
2024-01-23 11:18:34,932 DEBUG   SenderThread:181213 [sender.py:send_request():406] send_request: stop_status
2024-01-23 11:18:36,106 INFO    Thread-12 :181213 [dir_watcher.py:_on_file_modified():288] file/dir modified: /workspace/UPRTH/wandb/run-20240123_110832-osblrc4s/files/output.log
2024-01-23 11:18:39,208 DEBUG   HandlerThread:181213 [handler.py:handle_request():144] handle_request: status_report
2024-01-23 11:18:44,209 DEBUG   HandlerThread:181213 [handler.py:handle_request():144] handle_request: status_report
2024-01-23 11:18:49,322 DEBUG   HandlerThread:181213 [handler.py:handle_request():144] handle_request: status_report
2024-01-23 11:18:49,933 DEBUG   HandlerThread:181213 [handler.py:handle_request():144] handle_request: stop_status
2024-01-23 11:18:49,934 DEBUG   SenderThread:181213 [sender.py:send_request():406] send_request: stop_status
2024-01-23 11:18:50,111 INFO    Thread-12 :181213 [dir_watcher.py:_on_file_modified():288] file/dir modified: /workspace/UPRTH/wandb/run-20240123_110832-osblrc4s/files/output.log
2024-01-23 11:18:52,112 INFO    Thread-12 :181213 [dir_watcher.py:_on_file_modified():288] file/dir modified: /workspace/UPRTH/wandb/run-20240123_110832-osblrc4s/files/output.log
2024-01-23 11:18:54,113 INFO    Thread-12 :181213 [dir_watcher.py:_on_file_modified():288] file/dir modified: /workspace/UPRTH/wandb/run-20240123_110832-osblrc4s/files/output.log
2024-01-23 11:18:55,130 DEBUG   HandlerThread:181213 [handler.py:handle_request():144] handle_request: status_report
2024-01-23 11:18:56,114 INFO    Thread-12 :181213 [dir_watcher.py:_on_file_modified():288] file/dir modified: /workspace/UPRTH/wandb/run-20240123_110832-osblrc4s/files/output.log
2024-01-23 11:18:58,115 INFO    Thread-12 :181213 [dir_watcher.py:_on_file_modified():288] file/dir modified: /workspace/UPRTH/wandb/run-20240123_110832-osblrc4s/files/output.log
2024-01-23 11:19:00,115 INFO    Thread-12 :181213 [dir_watcher.py:_on_file_modified():288] file/dir modified: /workspace/UPRTH/wandb/run-20240123_110832-osblrc4s/files/output.log
2024-01-23 11:19:00,564 DEBUG   HandlerThread:181213 [handler.py:handle_request():144] handle_request: status_report
2024-01-23 11:19:02,116 INFO    Thread-12 :181213 [dir_watcher.py:_on_file_modified():288] file/dir modified: /workspace/UPRTH/wandb/run-20240123_110832-osblrc4s/files/output.log
2024-01-23 11:19:04,117 INFO    Thread-12 :181213 [dir_watcher.py:_on_file_modified():288] file/dir modified: /workspace/UPRTH/wandb/run-20240123_110832-osblrc4s/files/output.log
2024-01-23 11:19:04,734 DEBUG   SenderThread:181213 [sender.py:send():379] send: stats
2024-01-23 11:19:05,001 DEBUG   HandlerThread:181213 [handler.py:handle_request():144] handle_request: stop_status
2024-01-23 11:19:05,001 DEBUG   SenderThread:181213 [sender.py:send_request():406] send_request: stop_status
2024-01-23 11:19:06,055 DEBUG   HandlerThread:181213 [handler.py:handle_request():144] handle_request: status_report
2024-01-23 11:19:06,118 INFO    Thread-12 :181213 [dir_watcher.py:_on_file_modified():288] file/dir modified: /workspace/UPRTH/wandb/run-20240123_110832-osblrc4s/files/output.log
2024-01-23 11:19:08,119 INFO    Thread-12 :181213 [dir_watcher.py:_on_file_modified():288] file/dir modified: /workspace/UPRTH/wandb/run-20240123_110832-osblrc4s/files/output.log
2024-01-23 11:19:10,119 INFO    Thread-12 :181213 [dir_watcher.py:_on_file_modified():288] file/dir modified: /workspace/UPRTH/wandb/run-20240123_110832-osblrc4s/files/output.log
2024-01-23 11:19:11,101 DEBUG   HandlerThread:181213 [handler.py:handle_request():144] handle_request: status_report
2024-01-23 11:19:12,120 INFO    Thread-12 :181213 [dir_watcher.py:_on_file_modified():288] file/dir modified: /workspace/UPRTH/wandb/run-20240123_110832-osblrc4s/files/output.log
2024-01-23 11:19:14,121 INFO    Thread-12 :181213 [dir_watcher.py:_on_file_modified():288] file/dir modified: /workspace/UPRTH/wandb/run-20240123_110832-osblrc4s/files/output.log
2024-01-23 11:19:16,121 INFO    Thread-12 :181213 [dir_watcher.py:_on_file_modified():288] file/dir modified: /workspace/UPRTH/wandb/run-20240123_110832-osblrc4s/files/output.log
2024-01-23 11:19:16,813 DEBUG   HandlerThread:181213 [handler.py:handle_request():144] handle_request: status_report
2024-01-23 11:19:18,122 INFO    Thread-12 :181213 [dir_watcher.py:_on_file_modified():288] file/dir modified: /workspace/UPRTH/wandb/run-20240123_110832-osblrc4s/files/output.log
2024-01-23 11:19:20,000 DEBUG   HandlerThread:181213 [handler.py:handle_request():144] handle_request: stop_status
2024-01-23 11:19:20,000 DEBUG   SenderThread:181213 [sender.py:send_request():406] send_request: stop_status
2024-01-23 11:19:20,122 INFO    Thread-12 :181213 [dir_watcher.py:_on_file_modified():288] file/dir modified: /workspace/UPRTH/wandb/run-20240123_110832-osblrc4s/files/output.log
2024-01-23 11:19:22,123 INFO    Thread-12 :181213 [dir_watcher.py:_on_file_modified():288] file/dir modified: /workspace/UPRTH/wandb/run-20240123_110832-osblrc4s/files/output.log
2024-01-23 11:19:22,360 DEBUG   HandlerThread:181213 [handler.py:handle_request():144] handle_request: status_report
2024-01-23 11:19:24,123 INFO    Thread-12 :181213 [dir_watcher.py:_on_file_modified():288] file/dir modified: /workspace/UPRTH/wandb/run-20240123_110832-osblrc4s/files/output.log
2024-01-23 11:19:26,124 INFO    Thread-12 :181213 [dir_watcher.py:_on_file_modified():288] file/dir modified: /workspace/UPRTH/wandb/run-20240123_110832-osblrc4s/files/output.log
2024-01-23 11:19:28,086 DEBUG   HandlerThread:181213 [handler.py:handle_request():144] handle_request: status_report
2024-01-23 11:19:28,125 INFO    Thread-12 :181213 [dir_watcher.py:_on_file_modified():288] file/dir modified: /workspace/UPRTH/wandb/run-20240123_110832-osblrc4s/files/output.log
2024-01-23 11:19:30,126 INFO    Thread-12 :181213 [dir_watcher.py:_on_file_modified():288] file/dir modified: /workspace/UPRTH/wandb/run-20240123_110832-osblrc4s/files/output.log
2024-01-23 11:19:32,126 INFO    Thread-12 :181213 [dir_watcher.py:_on_file_modified():288] file/dir modified: /workspace/UPRTH/wandb/run-20240123_110832-osblrc4s/files/output.log
2024-01-23 11:19:33,877 DEBUG   HandlerThread:181213 [handler.py:handle_request():144] handle_request: status_report
2024-01-23 11:19:34,127 INFO    Thread-12 :181213 [dir_watcher.py:_on_file_modified():288] file/dir modified: /workspace/UPRTH/wandb/run-20240123_110832-osblrc4s/files/output.log
2024-01-23 11:19:34,735 DEBUG   SenderThread:181213 [sender.py:send():379] send: stats
2024-01-23 11:19:35,000 DEBUG   HandlerThread:181213 [handler.py:handle_request():144] handle_request: stop_status
2024-01-23 11:19:35,000 DEBUG   SenderThread:181213 [sender.py:send_request():406] send_request: stop_status
2024-01-23 11:19:36,128 INFO    Thread-12 :181213 [dir_watcher.py:_on_file_modified():288] file/dir modified: /workspace/UPRTH/wandb/run-20240123_110832-osblrc4s/files/output.log
2024-01-23 11:19:38,128 INFO    Thread-12 :181213 [dir_watcher.py:_on_file_modified():288] file/dir modified: /workspace/UPRTH/wandb/run-20240123_110832-osblrc4s/files/output.log
2024-01-23 11:19:39,674 DEBUG   HandlerThread:181213 [handler.py:handle_request():144] handle_request: status_report
2024-01-23 11:19:40,129 INFO    Thread-12 :181213 [dir_watcher.py:_on_file_modified():288] file/dir modified: /workspace/UPRTH/wandb/run-20240123_110832-osblrc4s/files/output.log
2024-01-23 11:19:42,130 INFO    Thread-12 :181213 [dir_watcher.py:_on_file_modified():288] file/dir modified: /workspace/UPRTH/wandb/run-20240123_110832-osblrc4s/files/output.log
2024-01-23 11:19:42,585 DEBUG   HandlerThread:181213 [handler.py:handle_request():144] handle_request: partial_history
2024-01-23 11:19:42,586 DEBUG   SenderThread:181213 [sender.py:send():379] send: history
2024-01-23 11:19:42,587 DEBUG   SenderThread:181213 [sender.py:send_request():406] send_request: summary_record
2024-01-23 11:19:42,587 INFO    SenderThread:181213 [sender.py:_save_file():1375] saving file wandb-summary.json with policy end
2024-01-23 11:19:42,587 DEBUG   SenderThread:181213 [sender.py:send():379] send: telemetry
2024-01-23 11:19:42,587 DEBUG   SenderThread:181213 [sender.py:send():379] send: exit
2024-01-23 11:19:42,587 INFO    SenderThread:181213 [sender.py:send_exit():584] handling exit code: 0
2024-01-23 11:19:42,587 INFO    SenderThread:181213 [sender.py:send_exit():586] handling runtime: 667
2024-01-23 11:19:42,588 INFO    SenderThread:181213 [sender.py:_save_file():1375] saving file wandb-summary.json with policy end
2024-01-23 11:19:42,588 INFO    SenderThread:181213 [sender.py:send_exit():592] send defer
2024-01-23 11:19:42,588 DEBUG   HandlerThread:181213 [handler.py:handle_request():144] handle_request: defer
2024-01-23 11:19:42,588 INFO    HandlerThread:181213 [handler.py:handle_request_defer():170] handle defer: 0
2024-01-23 11:19:42,588 DEBUG   SenderThread:181213 [sender.py:send_request():406] send_request: defer
2024-01-23 11:19:42,588 INFO    SenderThread:181213 [sender.py:send_request_defer():608] handle sender defer: 0
2024-01-23 11:19:42,588 INFO    SenderThread:181213 [sender.py:transition_state():612] send defer: 1
2024-01-23 11:19:42,588 DEBUG   HandlerThread:181213 [handler.py:handle_request():144] handle_request: defer
2024-01-23 11:19:42,588 INFO    HandlerThread:181213 [handler.py:handle_request_defer():170] handle defer: 1
2024-01-23 11:19:42,588 DEBUG   SenderThread:181213 [sender.py:send_request():406] send_request: defer
2024-01-23 11:19:42,588 INFO    SenderThread:181213 [sender.py:send_request_defer():608] handle sender defer: 1
2024-01-23 11:19:42,588 INFO    SenderThread:181213 [sender.py:transition_state():612] send defer: 2
2024-01-23 11:19:42,589 DEBUG   HandlerThread:181213 [handler.py:handle_request():144] handle_request: defer
2024-01-23 11:19:42,589 INFO    HandlerThread:181213 [handler.py:handle_request_defer():170] handle defer: 2
2024-01-23 11:19:42,589 INFO    HandlerThread:181213 [system_monitor.py:finish():190] Stopping system monitor
2024-01-23 11:19:42,589 INFO    HandlerThread:181213 [interfaces.py:finish():202] Joined cpu monitor
2024-01-23 11:19:42,589 INFO    HandlerThread:181213 [interfaces.py:finish():202] Joined disk monitor
2024-01-23 11:19:42,589 DEBUG   SystemMonitor:181213 [system_monitor.py:_start():166] Finished system metrics aggregation loop
2024-01-23 11:19:42,589 DEBUG   SystemMonitor:181213 [system_monitor.py:_start():170] Publishing last batch of metrics
2024-01-23 11:19:42,620 INFO    HandlerThread:181213 [interfaces.py:finish():202] Joined gpu monitor
2024-01-23 11:19:42,620 INFO    HandlerThread:181213 [interfaces.py:finish():202] Joined memory monitor
2024-01-23 11:19:42,620 INFO    HandlerThread:181213 [interfaces.py:finish():202] Joined network monitor
2024-01-23 11:19:42,621 DEBUG   SenderThread:181213 [sender.py:send_request():406] send_request: defer
2024-01-23 11:19:42,621 INFO    SenderThread:181213 [sender.py:send_request_defer():608] handle sender defer: 2
2024-01-23 11:19:42,621 INFO    SenderThread:181213 [sender.py:transition_state():612] send defer: 3
2024-01-23 11:19:42,621 DEBUG   SenderThread:181213 [sender.py:send():379] send: stats
2024-01-23 11:19:42,622 DEBUG   HandlerThread:181213 [handler.py:handle_request():144] handle_request: defer
2024-01-23 11:19:42,623 INFO    HandlerThread:181213 [handler.py:handle_request_defer():170] handle defer: 3
2024-01-23 11:19:42,623 DEBUG   SenderThread:181213 [sender.py:send_request():406] send_request: defer
2024-01-23 11:19:42,623 INFO    SenderThread:181213 [sender.py:send_request_defer():608] handle sender defer: 3
2024-01-23 11:19:42,623 INFO    SenderThread:181213 [sender.py:transition_state():612] send defer: 4
2024-01-23 11:19:42,623 DEBUG   HandlerThread:181213 [handler.py:handle_request():144] handle_request: defer
2024-01-23 11:19:42,623 INFO    HandlerThread:181213 [handler.py:handle_request_defer():170] handle defer: 4
2024-01-23 11:19:42,623 DEBUG   SenderThread:181213 [sender.py:send_request():406] send_request: defer
2024-01-23 11:19:42,623 INFO    SenderThread:181213 [sender.py:send_request_defer():608] handle sender defer: 4
2024-01-23 11:19:42,624 INFO    SenderThread:181213 [sender.py:transition_state():612] send defer: 5
2024-01-23 11:19:42,624 DEBUG   HandlerThread:181213 [handler.py:handle_request():144] handle_request: defer
2024-01-23 11:19:42,624 INFO    HandlerThread:181213 [handler.py:handle_request_defer():170] handle defer: 5
2024-01-23 11:19:42,624 DEBUG   SenderThread:181213 [sender.py:send():379] send: summary
2024-01-23 11:19:42,625 INFO    SenderThread:181213 [sender.py:_save_file():1375] saving file wandb-summary.json with policy end
2024-01-23 11:19:42,625 DEBUG   SenderThread:181213 [sender.py:send_request():406] send_request: defer
2024-01-23 11:19:42,625 INFO    SenderThread:181213 [sender.py:send_request_defer():608] handle sender defer: 5
2024-01-23 11:19:42,625 INFO    SenderThread:181213 [sender.py:transition_state():612] send defer: 6
2024-01-23 11:19:42,625 DEBUG   HandlerThread:181213 [handler.py:handle_request():144] handle_request: defer
2024-01-23 11:19:42,625 INFO    HandlerThread:181213 [handler.py:handle_request_defer():170] handle defer: 6
2024-01-23 11:19:42,625 DEBUG   SenderThread:181213 [sender.py:send_request():406] send_request: defer
2024-01-23 11:19:42,625 INFO    SenderThread:181213 [sender.py:send_request_defer():608] handle sender defer: 6
2024-01-23 11:19:42,630 DEBUG   HandlerThread:181213 [handler.py:handle_request():144] handle_request: status_report
2024-01-23 11:19:43,130 INFO    Thread-12 :181213 [dir_watcher.py:_on_file_modified():288] file/dir modified: /workspace/UPRTH/wandb/run-20240123_110832-osblrc4s/files/wandb-summary.json
2024-01-23 11:19:43,586 DEBUG   HandlerThread:181213 [handler.py:handle_request():144] handle_request: poll_exit
2024-01-23 11:19:44,131 INFO    Thread-12 :181213 [dir_watcher.py:_on_file_modified():288] file/dir modified: /workspace/UPRTH/wandb/run-20240123_110832-osblrc4s/files/output.log
2024-01-23 11:19:45,667 INFO    SenderThread:181213 [sender.py:transition_state():612] send defer: 7
2024-01-23 11:19:45,667 DEBUG   SenderThread:181213 [sender.py:send_request():406] send_request: poll_exit
2024-01-23 11:19:45,667 DEBUG   HandlerThread:181213 [handler.py:handle_request():144] handle_request: defer
2024-01-23 11:19:45,667 INFO    HandlerThread:181213 [handler.py:handle_request_defer():170] handle defer: 7
2024-01-23 11:19:45,668 DEBUG   SenderThread:181213 [sender.py:send_request():406] send_request: defer
2024-01-23 11:19:45,668 INFO    SenderThread:181213 [sender.py:send_request_defer():608] handle sender defer: 7
2024-01-23 11:19:46,131 INFO    Thread-12 :181213 [dir_watcher.py:_on_file_modified():288] file/dir modified: /workspace/UPRTH/wandb/run-20240123_110832-osblrc4s/files/config.yaml
2024-01-23 11:19:47,348 INFO    SenderThread:181213 [sender.py:transition_state():612] send defer: 8
2024-01-23 11:19:47,349 DEBUG   HandlerThread:181213 [handler.py:handle_request():144] handle_request: defer
2024-01-23 11:19:47,349 INFO    HandlerThread:181213 [handler.py:handle_request_defer():170] handle defer: 8
2024-01-23 11:19:47,349 DEBUG   SenderThread:181213 [sender.py:send_request():406] send_request: defer
2024-01-23 11:19:47,349 INFO    SenderThread:181213 [sender.py:send_request_defer():608] handle sender defer: 8
2024-01-23 11:19:47,349 INFO    SenderThread:181213 [job_builder.py:build():281] Attempting to build job artifact
2024-01-23 11:19:47,350 INFO    SenderThread:181213 [job_builder.py:_get_source_type():411] no source found
2024-01-23 11:19:47,350 INFO    SenderThread:181213 [sender.py:transition_state():612] send defer: 9
2024-01-23 11:19:47,350 DEBUG   HandlerThread:181213 [handler.py:handle_request():144] handle_request: defer
2024-01-23 11:19:47,350 INFO    HandlerThread:181213 [handler.py:handle_request_defer():170] handle defer: 9
2024-01-23 11:19:47,350 DEBUG   SenderThread:181213 [sender.py:send_request():406] send_request: defer
2024-01-23 11:19:47,350 INFO    SenderThread:181213 [sender.py:send_request_defer():608] handle sender defer: 9
2024-01-23 11:19:47,350 INFO    SenderThread:181213 [dir_watcher.py:finish():358] shutting down directory watcher
2024-01-23 11:19:48,132 INFO    Thread-12 :181213 [dir_watcher.py:_on_file_modified():288] file/dir modified: /workspace/UPRTH/wandb/run-20240123_110832-osblrc4s/files/output.log
2024-01-23 11:19:48,133 INFO    SenderThread:181213 [dir_watcher.py:finish():388] scan: /workspace/UPRTH/wandb/run-20240123_110832-osblrc4s/files
2024-01-23 11:19:48,133 INFO    SenderThread:181213 [dir_watcher.py:finish():402] scan save: /workspace/UPRTH/wandb/run-20240123_110832-osblrc4s/files/output.log output.log
2024-01-23 11:19:48,133 INFO    SenderThread:181213 [dir_watcher.py:finish():402] scan save: /workspace/UPRTH/wandb/run-20240123_110832-osblrc4s/files/wandb-summary.json wandb-summary.json
2024-01-23 11:19:48,133 INFO    SenderThread:181213 [dir_watcher.py:finish():402] scan save: /workspace/UPRTH/wandb/run-20240123_110832-osblrc4s/files/requirements.txt requirements.txt
2024-01-23 11:19:48,134 INFO    SenderThread:181213 [dir_watcher.py:finish():402] scan save: /workspace/UPRTH/wandb/run-20240123_110832-osblrc4s/files/config.yaml config.yaml
2024-01-23 11:19:48,136 INFO    SenderThread:181213 [dir_watcher.py:finish():402] scan save: /workspace/UPRTH/wandb/run-20240123_110832-osblrc4s/files/wandb-metadata.json wandb-metadata.json
2024-01-23 11:19:48,145 INFO    SenderThread:181213 [sender.py:transition_state():612] send defer: 10
2024-01-23 11:19:48,145 DEBUG   HandlerThread:181213 [handler.py:handle_request():144] handle_request: defer
2024-01-23 11:19:48,145 INFO    HandlerThread:181213 [handler.py:handle_request_defer():170] handle defer: 10
2024-01-23 11:19:48,146 DEBUG   SenderThread:181213 [sender.py:send_request():406] send_request: defer
2024-01-23 11:19:48,146 INFO    SenderThread:181213 [sender.py:send_request_defer():608] handle sender defer: 10
2024-01-23 11:19:48,146 INFO    SenderThread:181213 [file_pusher.py:finish():159] shutting down file pusher
2024-01-23 11:19:48,587 DEBUG   HandlerThread:181213 [handler.py:handle_request():144] handle_request: keepalive
2024-01-23 11:19:49,029 INFO    wandb-upload_0:181213 [upload_job.py:push():131] Uploaded file /workspace/UPRTH/wandb/run-20240123_110832-osblrc4s/files/output.log
2024-01-23 11:19:49,033 ERROR   wandb-upload_1:181213 [internal_api.py:upload_file():2496] upload_file exception https://storage.googleapis.com/wandb-production.appspot.com/zjylab/UPRTH/osblrc4s/wandb-summary.json?Expires=1706095188&GoogleAccessId=gorilla-files-url-signer-man%40wandb-production.iam.gserviceaccount.com&Signature=wSGj7xipTNxIhddah3tt4S%2BxqhNbp2fJg4i6srm6a3bTxCUZwdoQB8UrOPJszj6TZJQXRVFRMN9J%2Bp38At3KfUlFvbVvh4Mto%2FoQJN0sL1luyX3qQuGSZZuQC5plWWdLZJh4hQHPVede9tdxAejMeH%2F9YLJAQV12cek5MhfRkqx%2BhoOxCnmEhDzw5T34iaketjp%2BBj%2BUoht4p3zxvavpCMzS5mGWw%2BuTwmUp5T3qKRzXnIdBn0ZEbTOhtCAFFX3mMshO1iGC4bd5Qr4rHaZHxAwCMbFOyLEBCRwA0BAQrzOCKkM8TCM2URQ%2Fo7RvqFwzXwb5S7FnsvNK0n%2BmIQ4iEw%3D%3D: ('Connection aborted.', ConnectionResetError(104, 'Connection reset by peer'))
2024-01-23 11:19:49,033 ERROR   wandb-upload_1:181213 [internal_api.py:upload_file():2498] upload_file request headers: {'User-Agent': 'python-requests/2.28.1', 'Accept-Encoding': 'gzip, deflate', 'Accept': '*/*', 'Connection': 'keep-alive', 'Content-Length': '254'}
2024-01-23 11:19:49,033 ERROR   wandb-upload_1:181213 [internal_api.py:upload_file():2500] upload_file response body: 
2024-01-23 11:19:49,089 ERROR   wandb-upload_3:181213 [internal_api.py:upload_file():2496] upload_file exception https://storage.googleapis.com/wandb-production.appspot.com/zjylab/UPRTH/osblrc4s/config.yaml?Expires=1706095188&GoogleAccessId=gorilla-files-url-signer-man%40wandb-production.iam.gserviceaccount.com&Signature=Kvj2XbFhr9%2B2oRFRqyiPxRsjubBXCSS4Uaz5ZBqxVAhOBDaJVi9VmVLWC9sq%2Fh0URGvSzCiq4tuMR4gnzzoEBeT%2Bxfwb111%2BPLfCXFaeqMJwdl7uqVJClOtVg%2FEUvfyf9DWdM0r2bf4dUO85dCbGUdeOav8YSaXKZlKYVvK81BQl%2BMvuP%2F6NvilsR7ZbDjmgRrlGl4PwOqSMYuHaSjIfBmugSAFoI%2BaGJZzSjU30RDHWr4gfQOXVikO4ugqTRx6ZzQEgY%2Bi2ukH5WvWYIdm0PORL1lFGCQncPaKJM6iyNX4gZatpDKWpS9cadn8ucdBsKkXRBOUNgY48yBw8dvx5SQ%3D%3D: ('Connection aborted.', ConnectionResetError(104, 'Connection reset by peer'))
2024-01-23 11:19:49,090 ERROR   wandb-upload_3:181213 [internal_api.py:upload_file():2498] upload_file request headers: {'User-Agent': 'python-requests/2.28.1', 'Accept-Encoding': 'gzip, deflate', 'Accept': '*/*', 'Connection': 'keep-alive', 'Content-Length': '736'}
2024-01-23 11:19:49,090 ERROR   wandb-upload_3:181213 [internal_api.py:upload_file():2500] upload_file response body: 
2024-01-23 11:19:49,530 INFO    wandb-upload_2:181213 [upload_job.py:push():131] Uploaded file /workspace/UPRTH/wandb/run-20240123_110832-osblrc4s/files/requirements.txt
2024-01-23 11:19:50,359 ERROR   wandb-upload_1:181213 [internal_api.py:upload_file():2496] upload_file exception https://storage.googleapis.com/wandb-production.appspot.com/zjylab/UPRTH/osblrc4s/wandb-summary.json?Expires=1706095188&GoogleAccessId=gorilla-files-url-signer-man%40wandb-production.iam.gserviceaccount.com&Signature=wSGj7xipTNxIhddah3tt4S%2BxqhNbp2fJg4i6srm6a3bTxCUZwdoQB8UrOPJszj6TZJQXRVFRMN9J%2Bp38At3KfUlFvbVvh4Mto%2FoQJN0sL1luyX3qQuGSZZuQC5plWWdLZJh4hQHPVede9tdxAejMeH%2F9YLJAQV12cek5MhfRkqx%2BhoOxCnmEhDzw5T34iaketjp%2BBj%2BUoht4p3zxvavpCMzS5mGWw%2BuTwmUp5T3qKRzXnIdBn0ZEbTOhtCAFFX3mMshO1iGC4bd5Qr4rHaZHxAwCMbFOyLEBCRwA0BAQrzOCKkM8TCM2URQ%2Fo7RvqFwzXwb5S7FnsvNK0n%2BmIQ4iEw%3D%3D: ('Connection aborted.', ConnectionResetError(104, 'Connection reset by peer'))
2024-01-23 11:19:50,359 ERROR   wandb-upload_1:181213 [internal_api.py:upload_file():2498] upload_file request headers: {'User-Agent': 'python-requests/2.28.1', 'Accept-Encoding': 'gzip, deflate', 'Accept': '*/*', 'Connection': 'keep-alive', 'Content-Length': '254'}
2024-01-23 11:19:50,359 ERROR   wandb-upload_1:181213 [internal_api.py:upload_file():2500] upload_file response body: 
2024-01-23 11:19:50,359 INFO    wandb-upload_1:181213 [retry.py:__call__():172] Retry attempt failed:
Traceback (most recent call last):
  File "/usr/local/lib/python3.10/dist-packages/urllib3/connectionpool.py", line 703, in urlopen
    httplib_response = self._make_request(
  File "/usr/local/lib/python3.10/dist-packages/urllib3/connectionpool.py", line 386, in _make_request
    self._validate_conn(conn)
  File "/usr/local/lib/python3.10/dist-packages/urllib3/connectionpool.py", line 1042, in _validate_conn
    conn.connect()
  File "/usr/local/lib/python3.10/dist-packages/urllib3/connection.py", line 414, in connect
    self.sock = ssl_wrap_socket(
  File "/usr/local/lib/python3.10/dist-packages/urllib3/util/ssl_.py", line 449, in ssl_wrap_socket
    ssl_sock = _ssl_wrap_socket_impl(
  File "/usr/local/lib/python3.10/dist-packages/urllib3/util/ssl_.py", line 493, in _ssl_wrap_socket_impl
    return ssl_context.wrap_socket(sock, server_hostname=server_hostname)
  File "/usr/lib/python3.10/ssl.py", line 513, in wrap_socket
    return self.sslsocket_class._create(
  File "/usr/lib/python3.10/ssl.py", line 1071, in _create
    self.do_handshake()
  File "/usr/lib/python3.10/ssl.py", line 1342, in do_handshake
    self._sslobj.do_handshake()
ConnectionResetError: [Errno 104] Connection reset by peer

During handling of the above exception, another exception occurred:

Traceback (most recent call last):
  File "/usr/local/lib/python3.10/dist-packages/requests/adapters.py", line 489, in send
    resp = conn.urlopen(
  File "/usr/local/lib/python3.10/dist-packages/urllib3/connectionpool.py", line 787, in urlopen
    retries = retries.increment(
  File "/usr/local/lib/python3.10/dist-packages/urllib3/util/retry.py", line 550, in increment
    raise six.reraise(type(error), error, _stacktrace)
  File "/usr/local/lib/python3.10/dist-packages/urllib3/packages/six.py", line 769, in reraise
    raise value.with_traceback(tb)
  File "/usr/local/lib/python3.10/dist-packages/urllib3/connectionpool.py", line 703, in urlopen
    httplib_response = self._make_request(
  File "/usr/local/lib/python3.10/dist-packages/urllib3/connectionpool.py", line 386, in _make_request
    self._validate_conn(conn)
  File "/usr/local/lib/python3.10/dist-packages/urllib3/connectionpool.py", line 1042, in _validate_conn
    conn.connect()
  File "/usr/local/lib/python3.10/dist-packages/urllib3/connection.py", line 414, in connect
    self.sock = ssl_wrap_socket(
  File "/usr/local/lib/python3.10/dist-packages/urllib3/util/ssl_.py", line 449, in ssl_wrap_socket
    ssl_sock = _ssl_wrap_socket_impl(
  File "/usr/local/lib/python3.10/dist-packages/urllib3/util/ssl_.py", line 493, in _ssl_wrap_socket_impl
    return ssl_context.wrap_socket(sock, server_hostname=server_hostname)
  File "/usr/lib/python3.10/ssl.py", line 513, in wrap_socket
    return self.sslsocket_class._create(
  File "/usr/lib/python3.10/ssl.py", line 1071, in _create
    self.do_handshake()
  File "/usr/lib/python3.10/ssl.py", line 1342, in do_handshake
    self._sslobj.do_handshake()
urllib3.exceptions.ProtocolError: ('Connection aborted.', ConnectionResetError(104, 'Connection reset by peer'))

During handling of the above exception, another exception occurred:

Traceback (most recent call last):
  File "/usr/local/lib/python3.10/dist-packages/wandb/sdk/internal/internal_api.py", line 2491, in upload_file
    response = self._upload_file_session.put(
  File "/usr/local/lib/python3.10/dist-packages/requests/sessions.py", line 647, in put
    return self.request("PUT", url, data=data, **kwargs)
  File "/usr/local/lib/python3.10/dist-packages/requests/sessions.py", line 587, in request
    resp = self.send(prep, **send_kwargs)
  File "/usr/local/lib/python3.10/dist-packages/requests/sessions.py", line 701, in send
    r = adapter.send(request, **kwargs)
  File "/usr/local/lib/python3.10/dist-packages/requests/adapters.py", line 547, in send
    raise ConnectionError(err, request=request)
requests.exceptions.ConnectionError: ('Connection aborted.', ConnectionResetError(104, 'Connection reset by peer'))

During handling of the above exception, another exception occurred:

Traceback (most recent call last):
  File "/usr/local/lib/python3.10/dist-packages/wandb/sdk/lib/retry.py", line 131, in __call__
    result = self._call_fn(*args, **kwargs)
  File "/usr/local/lib/python3.10/dist-packages/wandb/sdk/internal/internal_api.py", line 2520, in upload_file
    raise _e.with_traceback(sys.exc_info()[2])
  File "/usr/local/lib/python3.10/dist-packages/wandb/sdk/internal/internal_api.py", line 2491, in upload_file
    response = self._upload_file_session.put(
  File "/usr/local/lib/python3.10/dist-packages/requests/sessions.py", line 647, in put
    return self.request("PUT", url, data=data, **kwargs)
  File "/usr/local/lib/python3.10/dist-packages/requests/sessions.py", line 587, in request
    resp = self.send(prep, **send_kwargs)
  File "/usr/local/lib/python3.10/dist-packages/requests/sessions.py", line 701, in send
    r = adapter.send(request, **kwargs)
  File "/usr/local/lib/python3.10/dist-packages/requests/adapters.py", line 547, in send
    raise ConnectionError(err, request=request)
wandb.sdk.lib.retry.TransientError: None
2024-01-23 11:19:50,486 INFO    wandb-upload_3:181213 [upload_job.py:push():131] Uploaded file /workspace/UPRTH/wandb/run-20240123_110832-osblrc4s/files/config.yaml
2024-01-23 11:19:51,147 DEBUG   HandlerThread:181213 [handler.py:handle_request():144] handle_request: status_report
2024-01-23 11:19:52,793 INFO    wandb-upload_1:181213 [upload_job.py:push():131] Uploaded file /workspace/UPRTH/wandb/run-20240123_110832-osblrc4s/files/wandb-summary.json
2024-01-23 11:19:52,995 INFO    Thread-11 (_thread_body):181213 [sender.py:transition_state():612] send defer: 11
2024-01-23 11:19:52,995 DEBUG   HandlerThread:181213 [handler.py:handle_request():144] handle_request: defer
2024-01-23 11:19:52,995 INFO    HandlerThread:181213 [handler.py:handle_request_defer():170] handle defer: 11
2024-01-23 11:19:52,996 DEBUG   SenderThread:181213 [sender.py:send_request():406] send_request: defer
2024-01-23 11:19:52,996 INFO    SenderThread:181213 [sender.py:send_request_defer():608] handle sender defer: 11
2024-01-23 11:19:52,996 INFO    SenderThread:181213 [file_pusher.py:join():164] waiting for file pusher
2024-01-23 11:19:52,996 INFO    SenderThread:181213 [sender.py:transition_state():612] send defer: 12
2024-01-23 11:19:52,996 DEBUG   HandlerThread:181213 [handler.py:handle_request():144] handle_request: defer
2024-01-23 11:19:52,996 INFO    HandlerThread:181213 [handler.py:handle_request_defer():170] handle defer: 12
2024-01-23 11:19:52,996 DEBUG   SenderThread:181213 [sender.py:send_request():406] send_request: defer
2024-01-23 11:19:52,997 INFO    SenderThread:181213 [sender.py:send_request_defer():608] handle sender defer: 12
2024-01-23 11:19:52,997 INFO    SenderThread:181213 [file_stream.py:finish():593] file stream finish called
2024-01-23 11:19:53,455 INFO    SenderThread:181213 [file_stream.py:finish():597] file stream finish is done
2024-01-23 11:19:53,455 INFO    SenderThread:181213 [sender.py:transition_state():612] send defer: 13
2024-01-23 11:19:53,455 DEBUG   HandlerThread:181213 [handler.py:handle_request():144] handle_request: defer
2024-01-23 11:19:53,455 INFO    HandlerThread:181213 [handler.py:handle_request_defer():170] handle defer: 13
2024-01-23 11:19:53,456 DEBUG   SenderThread:181213 [sender.py:send_request():406] send_request: defer
2024-01-23 11:19:53,456 INFO    SenderThread:181213 [sender.py:send_request_defer():608] handle sender defer: 13
2024-01-23 11:19:53,456 INFO    SenderThread:181213 [sender.py:transition_state():612] send defer: 14
2024-01-23 11:19:53,456 DEBUG   HandlerThread:181213 [handler.py:handle_request():144] handle_request: defer
2024-01-23 11:19:53,457 INFO    HandlerThread:181213 [handler.py:handle_request_defer():170] handle defer: 14
2024-01-23 11:19:53,457 DEBUG   SenderThread:181213 [sender.py:send():379] send: final
2024-01-23 11:19:53,457 DEBUG   SenderThread:181213 [sender.py:send():379] send: footer
2024-01-23 11:19:53,457 DEBUG   SenderThread:181213 [sender.py:send_request():406] send_request: defer
2024-01-23 11:19:53,457 INFO    SenderThread:181213 [sender.py:send_request_defer():608] handle sender defer: 14
2024-01-23 11:19:53,458 DEBUG   HandlerThread:181213 [handler.py:handle_request():144] handle_request: poll_exit
2024-01-23 11:19:53,459 DEBUG   HandlerThread:181213 [handler.py:handle_request():144] handle_request: server_info
2024-01-23 11:19:53,459 DEBUG   HandlerThread:181213 [handler.py:handle_request():144] handle_request: get_summary
2024-01-23 11:19:53,459 DEBUG   HandlerThread:181213 [handler.py:handle_request():144] handle_request: sampled_history
2024-01-23 11:19:53,460 DEBUG   HandlerThread:181213 [handler.py:handle_request():144] handle_request: job_info
2024-01-23 11:19:53,460 DEBUG   SenderThread:181213 [sender.py:send_request():406] send_request: poll_exit
2024-01-23 11:19:53,461 DEBUG   SenderThread:181213 [sender.py:send_request():406] send_request: server_info
2024-01-23 11:19:53,712 DEBUG   SenderThread:181213 [sender.py:send_request():406] send_request: job_info
2024-01-23 11:19:53,713 DEBUG   HandlerThread:181213 [handler.py:handle_request():144] handle_request: shutdown
2024-01-23 11:19:53,714 INFO    HandlerThread:181213 [handler.py:finish():861] shutting down handler
2024-01-23 11:19:54,460 INFO    WriterThread:181213 [datastore.py:close():294] close: /workspace/UPRTH/wandb/run-20240123_110832-osblrc4s/run-osblrc4s.wandb
2024-01-23 11:19:54,713 INFO    SenderThread:181213 [sender.py:finish():1552] shutting down sender
2024-01-23 11:19:54,713 INFO    SenderThread:181213 [file_pusher.py:finish():159] shutting down file pusher
2024-01-23 11:19:54,713 INFO    SenderThread:181213 [file_pusher.py:join():164] waiting for file pusher
